>>> Emerging (178 of 2480) app-arch/lziprecover-1.17::gentoo
!!! A file is not listed in the Manifest: '/usr/portage/app-arch/lziprecover/lziprecover-1.17.ebuild'

>>> Failed to emerge app-arch/lziprecover-1.17

 * Messages for package media-sound/pulseaudio-11.1:

 * A preallocated buffer-size of 2048 (kB) or higher is recommended for the HD-audio driver!
 * CONFIG_SND_HDA_PREALLOC_SIZE=64

 * Messages for package sys-auth/rtkit-0.11-r2:

 *   CONFIG_RT_GROUP_SCHED is enabled. rtkit-daemon (or any other real-time task) will not work unless run as root. Please consider unsetting this option.
 * Please check to make sure these options are set correctly.
 * Failure to do so may cause unexpected problems.

 * Messages for package dev-lang/nqp-2017.11:

 * NQP is known to fail compilation/installation with Rakudo and/or NQP
 * already being installed. So if it fails, try uninstalling both
 * dev-lang/nqp and dev-lang/rakudo, then do a new installation.
 * (see Bug #584394)

 * Messages for package dev-lang/rakudo-2017.11:

 * Rakudo is known to fail compilation/installation with Rakudo
 * already being installed. So if it fails, try unmerging dev-lang/rakudo,
 * then do a new installation.
 * (see Bug #584394)

 * Messages for package sys-kernel/linux-firmware-20180103-r1:

 * Your configuration for sys-kernel/linux-firmware-20180103-r1 has been saved in 
 * /etc/portage/savedconfig/sys-kernel/linux-firmware-20180103-r1 for your editing pleasure.
 * You can edit these files by hand and remerge this package with
 * USE=savedconfig to customise the configuration.
 * You can rename this file/directory to one of the following for
 * its configuration to apply to multiple versions:
 * ${PORTAGE_CONFIGROOT}/etc/portage/savedconfig/
 * [${CTARGET}|${CHOST}|""]/${CATEGORY}/[${PF}|${P}|${PN}]
 * If you are only interested in particular firmware files, edit the saved
 * configfile and remove those that you do not want.

 * Messages for package dev-libs/ffcall-2.0:

 * Patching 'Makefile.in'
 * Patching 'avcall/Makefile.in'
 * Patching 'callback/Makefile.in'
 * Patching 'gnulib-lib/Makefile.in'
 * Patching 'trampoline/Makefile.in'
 * Patching 'vacall/Makefile.in'
 * Patching 'callback/trampoline_r/Makefile.in'
 * Patching 'callback/vacall_r/Makefile.in'
 * Patching 'Makefile.in'

 * Regenerating GNU info directory index...
 * Processed 358 info files.

!!! existing preserved libs:
>>> package: media-libs/jasper-2.0.12
 *  - /usr/lib64/libjasper.so.1
 *  - /usr/lib64/libjasper.so.1.0.0
 *      used by /usr/bin/jpeg2ktopam (media-libs/netpbm-10.70.00)
 *      used by /usr/bin/pamtojpeg2k (media-libs/netpbm-10.70.00)
 *      used by /usr/bin/ufraw (media-gfx/ufraw-0.22)
 *      used by 6 other files
>>> package: net-libs/gnutls-3.5.15
 *  - /usr/lib32/libgnutls.so.28
 *  - /usr/lib32/libgnutls.so.28.43.0
 *      used by /usr/lib32/libcups.so.2 (net-print/cups-2.1.4)
 *  - /usr/lib64/libgnutls.so.28
 *  - /usr/lib64/libgnutls.so.28.43.0
 *      used by /usr/bin/emacs-24 (app-editors/emacs-24.5-r3)
 *      used by /usr/bin/filezilla (net-ftp/filezilla-3.12.0.2)
 *      used by /usr/lib64/empathy/libempathy-3.12.12.so (net-im/empathy-3.12.12)
 *      used by 13 other files
>>> package: kde-apps/kdepimlibs-4.14.11_pre20160211-r3
 *  - /usr/lib64/libgpgme++-pthread.so.2
 *  - /usr/lib64/libgpgme++-pthread.so.2.8.0
 *      used by /usr/bin/kmymoney (app-office/kmymoney-4.7.2)
 *      used by /usr/lib64/kde4/kopete_cryptography.so (kde-apps/kopete-15.12.3)
 *      used by /usr/lib64/libkaddressbookprivate.so.4.14.20 (kde-apps/kaddressbook-4.14.11_pre20160211)
 *  - /usr/lib64/libqgpgme.so.1
 *  - /usr/lib64/libqgpgme.so.1.0.1
 *      used by /usr/lib64/libkaddressbookprivate.so.4.14.20 (kde-apps/kaddressbook-4.14.11_pre20160211)
 *      used by /usr/lib64/libkleo.so.4.14.29 (kde-apps/kdepim-common-libs-4.14.11_pre20160211-r1)
 *  - /usr/lib64/libgpgme++.so.2
 *  - /usr/lib64/libgpgme++.so.2.8.0
 *      used by /usr/bin/kgpgconf (kde-apps/kleopatra-4.14.11_pre20160211-r1)
 *      used by /usr/bin/kleopatra (kde-apps/kleopatra-4.14.11_pre20160211-r1)
 *      used by /usr/bin/kwatchgnupg (kde-apps/kleopatra-4.14.11_pre20160211-r1)
 *      used by 5 other files
>>> package: sci-geosciences/gpsd-3.16
 *  - /usr/lib64/libgps.so.21
 *  - /usr/lib64/libgps.so.21.0.0
 *      used by /usr/lib64/kde4/plugins/marble/GpsdPositionProviderPlugin.so (kde-apps/marble-4.14.3)
 *      used by /usr/libexec/geoclue-gpsd (app-misc/geoclue-0.12.99)
>>> package: media-libs/qhull-2015.2
 *  - /usr/lib64/libqhull.so.6
 *      used by /usr/lib64/octave/4.2.1/oct/x86_64-pc-linux-gnu/__delaunayn__.oct (sci-mathematics/octave-4.2.1)
 *      used by /usr/lib64/octave/4.2.1/oct/x86_64-pc-linux-gnu/__voronoi__.oct (sci-mathematics/octave-4.2.1)
 *      used by /usr/lib64/octave/4.2.1/oct/x86_64-pc-linux-gnu/convhulln.oct (sci-mathematics/octave-4.2.1)
>>> package: dev-libs/libzip-1.3.0
 *  - /usr/lib64/libzip.so.4
 *  - /usr/lib64/libzip.so.4.0.0
 *      used by /usr/bin/ideviceinstaller (app-pda/ideviceinstaller-1.0.1)
>>> package: dev-libs/ffcall-2.0
 *  - /usr/lib64/libavcall.so.0
 *  - /usr/lib64/libavcall.so.0.0.0
 *      used by /usr/lib64/clisp-2.49/base/lisp.run (dev-lisp/clisp-2.49-r8)
 *      used by /usr/lib64/clisp-2.49/full/lisp.run (dev-lisp/clisp-2.49-r8)
 *      used by /usr/lib64/gforth/0.7.3/libcc-named/fflib.so.0.0.0 (dev-lang/gforth-0.7.3)
 *  - /usr/lib64/libcallback.so.0
 *  - /usr/lib64/libcallback.so.0.0.0
 *      used by /usr/lib64/clisp-2.49/base/lisp.run (dev-lisp/clisp-2.49-r8)
 *      used by /usr/lib64/clisp-2.49/full/lisp.run (dev-lisp/clisp-2.49-r8)
 *      used by /usr/lib64/gforth/0.7.3/libcc-named/fflib.so.0.0.0 (dev-lang/gforth-0.7.3)
>>> package: media-libs/glew-1.13.0
 *  - /usr/lib64/libGLEW.so.1.10
 *  - /usr/lib64/libGLEW.so.1.10.0
 *      used by /usr/bin/_cvpcb.kiface (sci-electronics/kicad-4.0.4)
 *      used by /usr/bin/_eeschema.kiface (sci-electronics/kicad-4.0.4)
 *      used by /usr/bin/_gerbview.kiface (sci-electronics/kicad-4.0.4)
 *      used by 8 other files
>>> package: app-text/hunspell-1.6.1-r1
 *  - /usr/lib64/libhunspell-1.3.so.0
 *  - /usr/lib64/libhunspell-1.3.so.0.0.0
 *      used by /usr/bin/goldendict (app-text/goldendict-1.0.1)
 *      used by /usr/bin/lokalize (kde-apps/lokalize-16.08.3)
 *      used by /usr/bin/lyx (app-office/lyx-2.1.5)
 *      used by 5 other files
>>> package: net-misc/freerdp-2.0.0_rc0
 *  - /usr/lib64/libfreerdp.so.1.2
 *  - /usr/lib64/libfreerdp.so.1.2.1
 *      used by /usr/bin/vinagre (net-misc/vinagre-3.20.2-r1)
 *  - /usr/lib64/libwinpr.so.1.1
 *  - /usr/lib64/libwinpr.so.1.1.0
>>> package: sys-libs/binutils-libs-2.28.1
 *  - /usr/lib64/libbfd-2.27.so
 *      used by /usr/lib64/ocaml/objinfo_helper (dev-lang/ocaml-4.04.0)
>>> package: app-text/poppler-0.57.0
 *  - /usr/lib64/libpoppler.so.62
 *  - /usr/lib64/libpoppler.so.62.0.0
 *      used by /usr/bin/inkscape (media-gfx/inkscape-0.92.1-r1)
 *      used by /usr/bin/inkview (media-gfx/inkscape-0.92.1-r1)
 *      used by /usr/lib64/kde4/calligra_filter_pdf2svg.so (app-office/calligra-2.9.11)
 *      used by /usr/lib64/libgdal.so.2.0.3 (sci-libs/gdal-2.0.3)
>>> package: dev-haskell/scientific-0.3.4.9
 *  - /usr/lib64/scientific-0.3.3.8/ghc-7.10.3/libHSscientific-0.3.3.8-Ac9ewSFZzaiJXTSrehvPMQ-ghc7.10.3.so
 *      used by /usr/lib64/attoparsec-0.13.0.1/ghc-7.10.3/libHSattoparsec-0.13.0.1-5OcDi3oNQ7CLJe1LHqPBQm-ghc7.10.3.so (preserved)
>>> package: media-libs/x264-0.0.20160712
 *  - /usr/lib64/libx264.so.142
 *      used by /usr/bin/mencoder (media-video/mplayer-1.2.1)
 *      used by /usr/lib64/gstreamer-0.10/libgstx264.so (media-plugins/gst-plugins-x264-0.10.19-r1)
 *      used by /usr/lib64/mediastreamer/plugins/libmsx264.so.0.0.0 (media-plugins/mediastreamer-x264-1.4.1)
 *  - /usr/lib32/libx264.so.142
 *      used by /usr/lib32/gstreamer-0.10/libgstx264.so (media-plugins/gst-plugins-x264-0.10.19-r1)
>>> package: kde-frameworks/kdelibs-4.14.34
 *  - /usr/lib64/libkdewebkit.so.5
 *  - /usr/lib64/libkdewebkit.so.5.14.34
 *      used by /usr/bin/blogilo (kde-apps/blogilo-4.14.11_pre20160211)
 *      used by /usr/lib64/kde4/amarok_context_applet_info.so (media-sound/amarok-2.8.0-r3)
 *      used by /usr/lib64/kde4/amarok_context_applet_wikipedia.so (media-sound/amarok-2.8.0-r3)
 *      used by 3 other files
>>> package: dev-haskell/attoparsec-0.13.1.0
 *  - /usr/lib64/attoparsec-0.13.0.1/ghc-7.10.3/libHSattoparsec-0.13.0.1-5OcDi3oNQ7CLJe1LHqPBQm-ghc7.10.3.so
 *      used by /usr/lib64/darcs-2.12.5/ghc-7.10.3/libHSdarcs-2.12.5-I94n9nC7X251L7DB1corIy-ghc7.10.3.so (dev-vcs/darcs-2.12.5)
Use emerge @preserved-rebuild to rebuild packages using these libraries
 * After world updates, it is important to remove obsolete packages with
 * emerge --depclean. Refer to `man emerge` for more information.
-bash
failed with the error on /usr/local/bin/error-notify line 28 in /root at 20180115042824622446290_2d303530300a:
An error was reported on  line 41 in /root at 20180115042824607060982_2d303530300a.
elegiac ~ # 
elegiac ~ # 
elegiac ~ # 
elegiac ~ # emerge -e @world

Performing Global Updates
(Could take a couple of minutes if you have a lot of binary packages.)
  .='update pass'  *='binary update'  #='/var/db update'  @='/var/db move'
  s='/var/db SLOT move'  %='binary move'  S='binary SLOT move'
  p='update /etc/portage/package.*'
/usr/portage/profiles/updates/1Q-2012..................
/usr/portage/profiles/updates/2Q-2012.......................
/usr/portage/profiles/updates/3Q-2012...................................
/usr/portage/profiles/updates/4Q-2012.......................................................
/usr/portage/profiles/updates/1Q-2013.........................................................................................
/usr/portage/profiles/updates/2Q-2013..............
/usr/portage/profiles/updates/3Q-2013..........
/usr/portage/profiles/updates/4Q-2013......
/usr/portage/profiles/updates/1Q-2014.......
/usr/portage/profiles/updates/2Q-2014..
/usr/portage/profiles/updates/3Q-2014............
/usr/portage/profiles/updates/4Q-2014............
/usr/portage/profiles/updates/1Q-2015...............................................................
/usr/portage/profiles/updates/2Q-2015....................................................................................................................................................................................
/usr/portage/profiles/updates/3Q-2015......................
/usr/portage/profiles/updates/4Q-2015..........................................
/usr/portage/profiles/updates/1Q-2016..............................................
/usr/portage/profiles/updates/2Q-2016.............................................................
/usr/portage/profiles/updates/3Q-2016.........................
/usr/portage/profiles/updates/4Q-2016...................................
/usr/portage/profiles/updates/1Q-2017.....................................
/usr/portage/profiles/updates/2Q-2017....
/usr/portage/profiles/updates/3Q-2017.........................
/usr/portage/profiles/updates/4Q-2017.......



These are the packages that would be merged, in reverse order:

Calculating dependencies - * ERROR: dev-ruby/power_assert-1.1.1::gentoo failed (depend phase):
 *   ruby25: unknown Ruby implementation
 * 
 * Call stack:
 *                   ebuild.sh, line 620:  Called source '/usr/portage/dev-ruby/power_assert/power_assert-1.1.1.ebuild'
 *   power_assert-1.1.1.ebuild, line  12:  Called inherit 'ruby-fakegem'
 *                   ebuild.sh, line 316:  Called __qa_source '/usr/portage/eclass/ruby-fakegem.eclass'
 *                   ebuild.sh, line 111:  Called source '/usr/portage/eclass/ruby-fakegem.eclass'
 *         ruby-fakegem.eclass, line  15:  Called inherit 'ruby-ng'
 *                   ebuild.sh, line 316:  Called __qa_source '/usr/portage/eclass/ruby-ng.eclass'
 / *                   ebuild.sh, line 111:  Called source '/usr/portage/eclass/ruby-ng.eclass'
 *              ruby-ng.eclass, line 306:  Called ruby_implementations_depend
 *              ruby-ng.eclass, line 297:  Called ruby_implementation_depend 'ruby25'
 *              ruby-ng.eclass, line 106:  Called _ruby_implementation_depend 'ruby25'
 *           ruby-utils.eclass, line  81:  Called die
 * The specific snippet of code:
 *              *) die "$1: unknown Ruby implementation"
 * 
 * If you need support, post the output of `emerge --info '=dev-ruby/power_assert-1.1.1::gentoo'`,
 * the complete build log and the output of `emerge -pqv '=dev-ruby/power_assert-1.1.1::gentoo'`.
 * Working directory: '/usr/lib64/python2.7/site-packages'
 * S: '/var/tmp/portage/dev-ruby/power_assert-1.1.1/work'
 | * ERROR: dev-ruby/minitest-5.11.1::gentoo failed (depend phase):
 *   ruby25: unknown Ruby implementation
 * 
 * Call stack:
 *                ebuild.sh, line 620:  Called source '/usr/portage/dev-ruby/minitest/minitest-5.11.1.ebuild'
 - *   minitest-5.11.1.ebuild, line  12:  Called inherit 'ruby-fakegem'
 *                ebuild.sh, line 316:  Called __qa_source '/usr/portage/eclass/ruby-fakegem.eclass'
 *                ebuild.sh, line 111:  Called source '/usr/portage/eclass/ruby-fakegem.eclass'
 *      ruby-fakegem.eclass, line  15:  Called inherit 'ruby-ng'
 *                ebuild.sh, line 316:  Called __qa_source '/usr/portage/eclass/ruby-ng.eclass'
 *                ebuild.sh, line 111:  Called source '/usr/portage/eclass/ruby-ng.eclass'
 *           ruby-ng.eclass, line 306:  Called ruby_implementations_depend
 *           ruby-ng.eclass, line 297:  Called ruby_implementation_depend 'ruby25'
 *           ruby-ng.eclass, line 106:  Called _ruby_implementation_depend 'ruby25'
 *        ruby-utils.eclass, line  81:  Called die
 * The specific snippet of code:
 *              *) die "$1: unknown Ruby implementation"
 * 
 * If you need support, post the output of `emerge --info '=dev-ruby/minitest-5.11.1::gentoo'`,
 * the complete build log and the output of `emerge -pqv '=dev-ruby/minitest-5.11.1::gentoo'`.
 * Working directory: '/usr/lib64/python2.7/site-packages'
 * S: '/var/tmp/portage/dev-ruby/minitest-5.11.1/work'
 | * ERROR: dev-ruby/rdoc-6.0.1::gentoo failed (depend phase):
 *   ruby25: unknown Ruby implementation
 * 
 * Call stack:
 *             ebuild.sh, line 620:  Called source '/usr/portage/dev-ruby/rdoc/rdoc-6.0.1.ebuild'
 *     rdoc-6.0.1.ebuild, line  14:  Called inherit 'ruby-fakegem' 'eutils'
 / *             ebuild.sh, line 316:  Called __qa_source '/usr/portage/eclass/ruby-fakegem.eclass'
 *             ebuild.sh, line 111:  Called source '/usr/portage/eclass/ruby-fakegem.eclass'
 *   ruby-fakegem.eclass, line  15:  Called inherit 'ruby-ng'
 *             ebuild.sh, line 316:  Called __qa_source '/usr/portage/eclass/ruby-ng.eclass'
 *             ebuild.sh, line 111:  Called source '/usr/portage/eclass/ruby-ng.eclass'
 *        ruby-ng.eclass, line 306:  Called ruby_implementations_depend
 *        ruby-ng.eclass, line 297:  Called ruby_implementation_depend 'ruby25'
 *        ruby-ng.eclass, line 106:  Called _ruby_implementation_depend 'ruby25'
 *     ruby-utils.eclass, line  81:  Called die
 * The specific snippet of code:
 *              *) die "$1: unknown Ruby implementation"
 * 
 * If you need support, post the output of `emerge --info '=dev-ruby/rdoc-6.0.1::gentoo'`,
 * the complete build log and the output of `emerge -pqv '=dev-ruby/rdoc-6.0.1::gentoo'`.
 * Working directory: '/usr/lib64/python2.7/site-packages'
 * S: '/var/tmp/portage/dev-ruby/rdoc-6.0.1/work'
 - * ERROR: dev-ruby/rake-12.3.0::gentoo failed (depend phase):
 *   ruby25: unknown Ruby implementation
 * 
 * Call stack:
 *             ebuild.sh, line 620:  Called source '/usr/portage/dev-ruby/rake/rake-12.3.0.ebuild'
 *    rake-12.3.0.ebuild, line  14:  Called inherit 'bash-completion-r1' 'ruby-fakegem'
 *             ebuild.sh, line 316:  Called __qa_source '/usr/portage/eclass/ruby-fakegem.eclass'
 *             ebuild.sh, line 111:  Called source '/usr/portage/eclass/ruby-fakegem.eclass'
 *   ruby-fakegem.eclass, line  15:  Called inherit 'ruby-ng'
 *             ebuild.sh, line 316:  Called __qa_source '/usr/portage/eclass/ruby-ng.eclass'
 *             ebuild.sh, line 111:  Called source '/usr/portage/eclass/ruby-ng.eclass'
 *        ruby-ng.eclass, line 306:  Called ruby_implementations_depend
 *        ruby-ng.eclass, line 297:  Called ruby_implementation_depend 'ruby25'
 *        ruby-ng.eclass, line 106:  Called _ruby_implementation_depend 'ruby25'
 *     ruby-utils.eclass, line  81:  Called die
 * The specific snippet of code:
 *              *) die "$1: unknown Ruby implementation"
 * 
 * If you need support, post the output of `emerge --info '=dev-ruby/rake-12.3.0::gentoo'`,
 \ * the complete build log and the output of `emerge -pqv '=dev-ruby/rake-12.3.0::gentoo'`.
 * Working directory: '/usr/lib64/python2.7/site-packages'
 * S: '/var/tmp/portage/dev-ruby/rake-12.3.0/work'
 / * ERROR: dev-ruby/test-unit-3.2.7::gentoo failed (depend phase):
 *   ruby25: unknown Ruby implementation
 * 
 * Call stack:
 / *                ebuild.sh, line 620:  Called source '/usr/portage/dev-ruby/test-unit/test-unit-3.2.7.ebuild'
 *   test-unit-3.2.7.ebuild, line  10:  Called inherit 'ruby-fakegem'
 *                ebuild.sh, line 316:  Called __qa_source '/usr/portage/eclass/ruby-fakegem.eclass'
 *                ebuild.sh, line 111:  Called source '/usr/portage/eclass/ruby-fakegem.eclass'
 *      ruby-fakegem.eclass, line  15:  Called inherit 'ruby-ng'
 *                ebuild.sh, line 316:  Called __qa_source '/usr/portage/eclass/ruby-ng.eclass'
 *                ebuild.sh, line 111:  Called source '/usr/portage/eclass/ruby-ng.eclass'
 *           ruby-ng.eclass, line 306:  Called ruby_implementations_depend
 *           ruby-ng.eclass, line 297:  Called ruby_implementation_depend 'ruby25'
 *           ruby-ng.eclass, line 106:  Called _ruby_implementation_depend 'ruby25'
 *        ruby-utils.eclass, line  81:  Called die
 * The specific snippet of code:
 *              *) die "$1: unknown Ruby implementation"
 * 
 * If you need support, post the output of `emerge --info '=dev-ruby/test-unit-3.2.7::gentoo'`,
 * the complete build log and the output of `emerge -pqv '=dev-ruby/test-unit-3.2.7::gentoo'`.
 * Working directory: '/usr/lib64/python2.7/site-packages'
 * S: '/var/tmp/portage/dev-ruby/test-unit-3.2.7/work'
 | * ERROR: virtual/rubygems-14::gentoo failed (depend phase):
 *   ruby25: unknown Ruby implementation
 * 
 * Call stack:
 *            ebuild.sh, line 620:  Called source '/usr/portage/virtual/rubygems/rubygems-14.ebuild'
 *   rubygems-14.ebuild, line   7:  Called inherit 'ruby-ng'
 *            ebuild.sh, line 316:  Called __qa_source '/usr/portage/eclass/ruby-ng.eclass'
 *            ebuild.sh, line 111:  Called source '/usr/portage/eclass/ruby-ng.eclass'
 *       ruby-ng.eclass, line 306:  Called ruby_implementations_depend
 *       ruby-ng.eclass, line 297:  Called ruby_implementation_depend 'ruby25'
 *       ruby-ng.eclass, line 106:  Called _ruby_implementation_depend 'ruby25'
 *    ruby-utils.eclass, line  81:  Called die
 * The specific snippet of code:
 *              *) die "$1: unknown Ruby implementation"
 * 
 * If you need support, post the output of `emerge --info '=virtual/rubygems-14::gentoo'`,
 * the complete build log and the output of `emerge -pqv '=virtual/rubygems-14::gentoo'`.
 * Working directory: '/usr/lib64/python2.7/site-packages'
 * S: '/var/tmp/portage/virtual/rubygems-14/work'
 | * ERROR: dev-ruby/rubygems-2.7.4::gentoo failed (depend phase):
 *   ruby25: unknown Ruby implementation
 - * 
 * Call stack:
 *               ebuild.sh, line 620:  Called source '/usr/portage/dev-ruby/rubygems/rubygems-2.7.4.ebuild'
 *   rubygems-2.7.4.ebuild, line   8:  Called inherit 'ruby-ng' 'prefix'
 *               ebuild.sh, line 316:  Called __qa_source '/usr/portage/eclass/ruby-ng.eclass'
 *               ebuild.sh, line 111:  Called source '/usr/portage/eclass/ruby-ng.eclass'
 *          ruby-ng.eclass, line 306:  Called ruby_implementations_depend
 *          ruby-ng.eclass, line 297:  Called ruby_implementation_depend 'ruby25'
 *          ruby-ng.eclass, line 106:  Called _ruby_implementation_depend 'ruby25'
 *       ruby-utils.eclass, line  81:  Called die
 * The specific snippet of code:
 *              *) die "$1: unknown Ruby implementation"
 * 
 * If you need support, post the output of `emerge --info '=dev-ruby/rubygems-2.7.4::gentoo'`,
 * the complete build log and the output of `emerge -pqv '=dev-ruby/rubygems-2.7.4::gentoo'`.
 * Working directory: '/usr/lib64/python2.7/site-packages'
 * S: '/var/tmp/portage/dev-ruby/rubygems-2.7.4/work'
 | * ERROR: dev-ruby/rubygems-2.7.3::gentoo failed (depend phase):
 *   ruby25: unknown Ruby implementation
 * 
 * Call stack:
 *               ebuild.sh, line 620:  Called source '/usr/portage/dev-ruby/rubygems/rubygems-2.7.3.ebuild'
 *   rubygems-2.7.3.ebuild, line   8:  Called inherit 'ruby-ng' 'prefix'
 *               ebuild.sh, line 316:  Called __qa_source '/usr/portage/eclass/ruby-ng.eclass'
 *               ebuild.sh, line 111:  Called source '/usr/portage/eclass/ruby-ng.eclass'
 *          ruby-ng.eclass, line 306:  Called ruby_implementations_depend
 *          ruby-ng.eclass, line 297:  Called ruby_implementation_depend 'ruby25'
 *          ruby-ng.eclass, line 106:  Called _ruby_implementation_depend 'ruby25'
 *       ruby-utils.eclass, line  81:  Called die
 \ * The specific snippet of code:
 *              *) die "$1: unknown Ruby implementation"
 * 
 * If you need support, post the output of `emerge --info '=dev-ruby/rubygems-2.7.3::gentoo'`,
 * the complete build log and the output of `emerge -pqv '=dev-ruby/rubygems-2.7.3::gentoo'`.
 * Working directory: '/usr/lib64/python2.7/site-packages'
 * S: '/var/tmp/portage/dev-ruby/rubygems-2.7.3/work'
... done!

!!! All ebuilds that could satisfy "dev-libs/volume_key" have been masked.
!!! One of the following masked packages is required to complete your request:
- dev-libs/volume_key-0.3.9::gentoo (masked by: ~amd64 keyword)

(dependency required by "sys-libs/libblockdev-2.14-r1::gentoo[cryptsetup]" [ebuild])
(dependency required by "sys-fs/udisks-2.7.4::gentoo" [ebuild])
(dependency required by "kde-frameworks/solid-5.40.0::gentoo" [ebuild])
(dependency required by "kde-frameworks/kio-5.40.0-r3::gentoo" [ebuild])
(dependency required by "kde-frameworks/knotifyconfig-5.40.0::gentoo" [ebuild])
(dependency required by "kde-apps/konsole-17.08.3::gentoo" [ebuild])
(dependency required by "@selected" [set])
(dependency required by "@world" [argument])
For more information, see the MASKED PACKAGES section in the emerge
man page or refer to the Gentoo Handbook.

-bash
failed with the error on /usr/local/bin/error-notify line 28 in /root at 20180115093254527959522_2d303530300a:
An error was reported on  line 45 in /root at 20180115093254511344057_2d303530300a.
elegiac ~ # 
      
