>>> Emerging (2 of 2) x11-plugins/compiz-plugins-community-0.8.14::compiz-reloaded
 * Fetching files in the background.
 * To view fetch progress, run in another terminal:
 * tail -f /var/log/emerge-fetch.log
 * compiz-plugins-community-0.8.14.tar.gz SHA256 SHA512 WHIRLPOOL size ;-) ...               [ ok ]
>>> Unpacking source...
>>> Unpacking compiz-plugins-community-0.8.14.tar.gz to /var/tmp/portage/x11-plugins/compiz-plugins-community-0.8.14/work
>>> Source unpacked in /var/tmp/portage/x11-plugins/compiz-plugins-community-0.8.14/work
>>> Preparing source in /var/tmp/portage/x11-plugins/compiz-plugins-community-0.8.14/work/compiz-plugins-community-0.8.14 ...
 * Running eautoreconf in '/var/tmp/portage/x11-plugins/compiz-plugins-community-0.8.14/work/compiz-plugins-community-0.8.14' ...
 * Running autopoint --force ...                                                             [ ok ]
 * Running intltoolize --automake --copy --force ...                                         [ ok ]
 * Running libtoolize --install --copy --force --automake ...                                [ ok ]
 * Running aclocal -I m4 ...                                                                 [ ok ]
 * Running autoconf --force ...                                                              [ ok ]
 * Running autoheader ...                                                                    [ ok ]
 * Running automake --add-missing --copy --foreign --force-missing ...                       [ ok ]
 * Running elibtoolize in: compiz-plugins-community-0.8.14/
 *   Applying portage/1.2.0 patch ...
 *   Applying sed/1.5.6 patch ...
 *   Applying as-needed/2.4.3 patch ...
>>> Source prepared.
>>> Configuring source in /var/tmp/portage/x11-plugins/compiz-plugins-community-0.8.14/work/compiz-plugins-community-0.8.14 ...
 * econf: updating compiz-plugins-community-0.8.14/config.guess with /usr/share/gnuconfig/config.guess
 * econf: updating compiz-plugins-community-0.8.14/config.sub with /usr/share/gnuconfig/config.sub
./configure --prefix=/usr --build=x86_64-pc-linux-gnu --host=x86_64-pc-linux-gnu --mandir=/usr/share/man --infodir=/usr/share/info --datadir=/usr/share --sysconfdir=/etc --localstatedir=/var/lib --disable-dependency-tracking --disable-silent-rules --docdir=/usr/share/doc/compiz-plugins-community-0.8.14 --htmldir=/usr/share/doc/compiz-plugins-community-0.8.14/html --libdir=/usr/lib64 --enable-fast-install --disable-static
configure: loading site script /usr/share/config.site
checking for a BSD-compatible install... /usr/lib/portage/python2.7/ebuild-helpers/xattr/install -c
checking whether build environment is sane... yes
checking for a thread-safe mkdir -p... /bin/mkdir -p
checking for gawk... gawk
checking whether make sets $(MAKE)... yes
checking whether make supports nested variables... yes
checking whether to enable maintainer-specific portions of Makefiles... no
checking for style of include used by make... GNU
checking for x86_64-pc-linux-gnu-gcc... x86_64-pc-linux-gnu-gcc
checking whether the C compiler works... yes
checking for C compiler default output file name... a.out
checking for suffix of executables... 
checking whether we are cross compiling... no
checking for suffix of object files... o
checking whether we are using the GNU C compiler... yes
checking whether x86_64-pc-linux-gnu-gcc accepts -g... yes
checking for x86_64-pc-linux-gnu-gcc option to accept ISO C89... none needed
checking whether x86_64-pc-linux-gnu-gcc understands -c and -o together... yes
checking dependency style of x86_64-pc-linux-gnu-gcc... none
checking for library containing strerror... none required
checking for x86_64-pc-linux-gnu-gcc... (cached) x86_64-pc-linux-gnu-gcc
checking whether we are using the GNU C compiler... (cached) yes
checking whether x86_64-pc-linux-gnu-gcc accepts -g... (cached) yes
checking for x86_64-pc-linux-gnu-gcc option to accept ISO C89... (cached) none needed
checking whether x86_64-pc-linux-gnu-gcc understands -c and -o together... (cached) yes
checking dependency style of x86_64-pc-linux-gnu-gcc... (cached) none
checking how to run the C preprocessor... x86_64-pc-linux-gnu-gcc -E
checking for x86_64-pc-linux-gnu-g++... x86_64-pc-linux-gnu-g++
checking whether we are using the GNU C++ compiler... yes
checking whether x86_64-pc-linux-gnu-g++ accepts -g... yes
checking dependency style of x86_64-pc-linux-gnu-g++... none
checking build system type... x86_64-pc-linux-gnu
checking host system type... x86_64-pc-linux-gnu
checking how to print strings... printf
checking for a sed that does not truncate output... /bin/sed
checking for grep that handles long lines and -e... /bin/grep
checking for egrep... /bin/grep -E
checking for fgrep... /bin/grep -F
checking for ld used by x86_64-pc-linux-gnu-gcc... /usr/x86_64-pc-linux-gnu/bin/ld
checking if the linker (/usr/x86_64-pc-linux-gnu/bin/ld) is GNU ld... yes
checking for BSD- or MS-compatible name lister (nm)... /usr/bin/x86_64-pc-linux-gnu-nm -B
checking the name lister (/usr/bin/x86_64-pc-linux-gnu-nm -B) interface... BSD nm
checking whether ln -s works... yes
checking the maximum length of command line arguments... 1572864
checking how to convert x86_64-pc-linux-gnu file names to x86_64-pc-linux-gnu format... func_convert_file_noop
checking how to convert x86_64-pc-linux-gnu file names to toolchain format... func_convert_file_noop
checking for /usr/x86_64-pc-linux-gnu/bin/ld option to reload object files... -r
checking for x86_64-pc-linux-gnu-objdump... x86_64-pc-linux-gnu-objdump
checking how to recognize dependent libraries... pass_all
checking for x86_64-pc-linux-gnu-dlltool... no
checking for dlltool... no
checking how to associate runtime and link libraries... printf %s\n
checking for x86_64-pc-linux-gnu-ar... x86_64-pc-linux-gnu-ar
checking for archiver @FILE support... @
checking for x86_64-pc-linux-gnu-strip... x86_64-pc-linux-gnu-strip
checking for x86_64-pc-linux-gnu-ranlib... x86_64-pc-linux-gnu-ranlib
checking command to parse /usr/bin/x86_64-pc-linux-gnu-nm -B output from x86_64-pc-linux-gnu-gcc object... ok
checking for sysroot... no
checking for a working dd... /bin/dd
checking how to truncate binary pipes... /bin/dd bs=4096 count=1
checking for x86_64-pc-linux-gnu-mt... no
checking for mt... no
checking if : is a manifest tool... no
checking for ANSI C header files... yes
checking for sys/types.h... yes
checking for sys/stat.h... yes
checking for stdlib.h... yes
checking for string.h... yes
checking for memory.h... yes
checking for strings.h... yes
checking for inttypes.h... yes
checking for stdint.h... yes
checking for unistd.h... yes
checking for dlfcn.h... yes
checking for objdir... .libs
checking if x86_64-pc-linux-gnu-gcc supports -fno-rtti -fno-exceptions... no
checking for x86_64-pc-linux-gnu-gcc option to produce PIC... -fPIC -DPIC
checking if x86_64-pc-linux-gnu-gcc PIC flag -fPIC -DPIC works... yes
checking if x86_64-pc-linux-gnu-gcc static flag -static works... yes
checking if x86_64-pc-linux-gnu-gcc supports -c -o file.o... yes
checking if x86_64-pc-linux-gnu-gcc supports -c -o file.o... (cached) yes
checking whether the x86_64-pc-linux-gnu-gcc linker (/usr/x86_64-pc-linux-gnu/bin/ld -m elf_x86_64) supports shared libraries... yes
checking whether -lc should be explicitly linked in... no
checking dynamic linker characteristics... GNU/Linux ld.so
checking how to hardcode library paths into programs... immediate
checking whether stripping libraries is possible... yes
checking if libtool supports shared libraries... yes
checking whether to build shared libraries... yes
checking whether to build static libraries... no
checking how to run the C++ preprocessor... x86_64-pc-linux-gnu-g++ -E
checking for ld used by x86_64-pc-linux-gnu-g++... /usr/x86_64-pc-linux-gnu/bin/ld -m elf_x86_64
checking if the linker (/usr/x86_64-pc-linux-gnu/bin/ld -m elf_x86_64) is GNU ld... yes
checking whether the x86_64-pc-linux-gnu-g++ linker (/usr/x86_64-pc-linux-gnu/bin/ld -m elf_x86_64) supports shared libraries... yes
checking for x86_64-pc-linux-gnu-g++ option to produce PIC... -fPIC -DPIC
checking if x86_64-pc-linux-gnu-g++ PIC flag -fPIC -DPIC works... yes
checking if x86_64-pc-linux-gnu-g++ static flag -static works... yes
checking if x86_64-pc-linux-gnu-g++ supports -c -o file.o... yes
checking if x86_64-pc-linux-gnu-g++ supports -c -o file.o... (cached) yes
checking whether the x86_64-pc-linux-gnu-g++ linker (/usr/x86_64-pc-linux-gnu/bin/ld -m elf_x86_64) supports shared libraries... yes
checking dynamic linker characteristics... (cached) GNU/Linux ld.so
checking how to hardcode library paths into programs... immediate
checking for ANSI C header files... (cached) yes
checking for stdlib.h... (cached) yes
checking sys/time.h usability... yes
checking sys/time.h presence... yes
checking for sys/time.h... yes
checking for unistd.h... (cached) yes
checking whether NLS is requested... yes
checking for intltool >= 0.35.0... 0.51.0 found
checking for intltool-update... /usr/bin/intltool-update
checking for intltool-merge... /usr/bin/intltool-merge
checking for intltool-extract... /usr/bin/intltool-extract
checking for xgettext... /usr/bin/xgettext
checking for msgmerge... /usr/bin/msgmerge
checking for msgfmt... /usr/bin/msgfmt
checking for gmsgfmt... /usr/bin/gmsgfmt
checking for perl... /usr/bin/perl
checking for perl >= 5.8.1... 5.24.3
checking for XML::Parser... ok
checking for msgfmt... (cached) /usr/bin/msgfmt
checking for gmsgfmt... (cached) /usr/bin/gmsgfmt
checking for xgettext... (cached) /usr/bin/xgettext
checking for msgmerge... (cached) /usr/bin/msgmerge
checking for ld used by x86_64-pc-linux-gnu-gcc... /usr/x86_64-pc-linux-gnu/bin/ld -m elf_x86_64
checking if the linker (/usr/x86_64-pc-linux-gnu/bin/ld -m elf_x86_64) is GNU ld... yes
checking for shared library run path origin... done
checking for CFPreferencesCopyAppValue... no
checking for CFLocaleCopyCurrent... no
checking for GNU gettext in libc... yes
checking whether to use NLS... yes
checking where the gettext function comes from... libc
checking whether byte ordering is bigendian... no
configure: Using PKG_CONFIG_PATH=/usr/lib/pkgconfig:/usr/share/pkgconfig:/usr/trinity/14/lib64/pkgconfig
checking for x86_64-pc-linux-gnu-pkg-config... /usr/bin/x86_64-pc-linux-gnu-pkg-config
checking pkg-config is at least version 0.9.0... yes
checking for COMPIZ... yes
checking for BCOP... yes
checking for GL_CFLAGS... 
checking for GL_LIBS... -lGL
checking that generated files are newer than configure... done
configure: creating ./config.status
config.status: creating Makefile
config.status: creating images/Makefile
config.status: creating images/roach/Makefile
config.status: creating metadata/Makefile
config.status: creating src/Makefile
config.status: creating src/roach/Makefile
config.status: creating po/Makefile.in
config.status: creating config.h
config.status: executing depfiles commands
config.status: executing libtool commands
config.status: executing po-directories commands
config.status: creating po/POTFILES
config.status: creating po/Makefile
config.status: executing po/stamp-it commands
>>> Source configured.
>>> Compiling source in /var/tmp/portage/x11-plugins/compiz-plugins-community-0.8.14/work/compiz-plugins-community-0.8.14 ...
make -j3 
make  all-recursive
make[1]: Entering directory '/var/tmp/portage/x11-plugins/compiz-plugins-community-0.8.14/work/compiz-plugins-community-0.8.14'
Making all in metadata
make[2]: Entering directory '/var/tmp/portage/x11-plugins/compiz-plugins-community-0.8.14/work/compiz-plugins-community-0.8.14/metadata'
LC_ALL=C /usr/bin/intltool-merge  -x -u -c ../po/.intltool-merge-cache ../po roach.xml.in roach.xml
Generating and caching the translation database
Merging translations into roach.xml.
CREATED roach.xml
make[2]: Leaving directory '/var/tmp/portage/x11-plugins/compiz-plugins-community-0.8.14/work/compiz-plugins-community-0.8.14/metadata'
Making all in src
make[2]: Entering directory '/var/tmp/portage/x11-plugins/compiz-plugins-community-0.8.14/work/compiz-plugins-community-0.8.14/src'
Making all in roach
make[3]: Entering directory '/var/tmp/portage/x11-plugins/compiz-plugins-community-0.8.14/work/compiz-plugins-community-0.8.14/src/roach'
/usr/bin/bcop --header roach_options.h ../../metadata/roach.xml.in
/usr/bin/bcop --source roach_options.c ../../metadata/roach.xml.in
make  all-am
make[4]: Entering directory '/var/tmp/portage/x11-plugins/compiz-plugins-community-0.8.14/work/compiz-plugins-community-0.8.14/src/roach'
/bin/sh ../../libtool  --tag=CC   --mode=compile x86_64-pc-linux-gnu-gcc -DHAVE_CONFIG_H -I. -I../..  -I../../include -I/usr/include/libxml2 -I/usr/include/startup-notification-1.0 -I/usr/include/compiz -I/usr/include/libxml2 -I/usr/include/startup-notification-1.0 -DDATADIR='"/usr/share/compiz"' -DLIBDIR='"/usr/lib64"' -DLOCALEDIR="\"/usr/share/locale\"" -DIMAGEDIR='"/usr/share/compiz"'   -march=core2 -O2 -pipe -Wall -Wpointer-arith -Wstrict-prototypes -Wmissing-prototypes -Wmissing-declarations -Wnested-externs -fno-strict-aliasing -c -o roach.lo roach.c
/bin/sh ../../libtool  --tag=CC   --mode=compile x86_64-pc-linux-gnu-gcc -DHAVE_CONFIG_H -I. -I../..  -I../../include -I/usr/include/libxml2 -I/usr/include/startup-notification-1.0 -I/usr/include/compiz -I/usr/include/libxml2 -I/usr/include/startup-notification-1.0 -DDATADIR='"/usr/share/compiz"' -DLIBDIR='"/usr/lib64"' -DLOCALEDIR="\"/usr/share/locale\"" -DIMAGEDIR='"/usr/share/compiz"'   -march=core2 -O2 -pipe -Wall -Wpointer-arith -Wstrict-prototypes -Wmissing-prototypes -Wmissing-declarations -Wnested-externs -fno-strict-aliasing -c -o roach_options.lo roach_options.c
libtool: compile:  x86_64-pc-linux-gnu-gcc -DHAVE_CONFIG_H -I. -I../.. -I../../include -I/usr/include/libxml2 -I/usr/include/startup-notification-1.0 -I/usr/include/compiz -I/usr/include/libxml2 -I/usr/include/startup-notification-1.0 -DDATADIR=\"/usr/share/compiz\" -DLIBDIR=\"/usr/lib64\" -DLOCALEDIR=\"/usr/share/locale\" -DIMAGEDIR=\"/usr/share/compiz\" -march=core2 -O2 -pipe -Wall -Wpointer-arith -Wstrict-prototypes -Wmissing-prototypes -Wmissing-declarations -Wnested-externs -fno-strict-aliasing -c roach.c  -fPIC -DPIC -o .libs/roach.o
libtool: compile:  x86_64-pc-linux-gnu-gcc -DHAVE_CONFIG_H -I. -I../.. -I../../include -I/usr/include/libxml2 -I/usr/include/startup-notification-1.0 -I/usr/include/compiz -I/usr/include/libxml2 -I/usr/include/startup-notification-1.0 -DDATADIR=\"/usr/share/compiz\" -DLIBDIR=\"/usr/lib64\" -DLOCALEDIR=\"/usr/share/locale\" -DIMAGEDIR=\"/usr/share/compiz\" -march=core2 -O2 -pipe -Wall -Wpointer-arith -Wstrict-prototypes -Wmissing-prototypes -Wmissing-declarations -Wnested-externs -fno-strict-aliasing -c roach_options.c  -fPIC -DPIC -o .libs/roach_options.o
/bin/sh ../../libtool  --tag=CC   --mode=link x86_64-pc-linux-gnu-gcc  -march=core2 -O2 -pipe -Wall -Wpointer-arith -Wstrict-prototypes -Wmissing-prototypes -Wmissing-declarations -Wnested-externs -fno-strict-aliasing -module -avoid-version -no-undefined -Wl,-O1 -Wl,--as-needed -o libroach.la -rpath /usr/lib64/compiz roach.lo roach_options.lo -lX11 -lXcomposite -lXext -lXdamage -lXfixes -lXrandr -lXi -lXinerama -lXcursor -lICE -lSM -lxml2 -lstartup-notification-1  
libtool: link: x86_64-pc-linux-gnu-gcc -shared  -fPIC -DPIC  .libs/roach.o .libs/roach_options.o   -Wl,--as-needed -lX11 -lXcomposite -lXext -lXdamage -lXfixes -lXrandr -lXi -lXinerama -lXcursor -lICE -lSM -lxml2 -lstartup-notification-1  -march=core2 -O2 -Wl,-O1   -Wl,-soname -Wl,libroach.so -o .libs/libroach.so
libtool: link: ( cd ".libs" && rm -f "libroach.la" && ln -s "../libroach.la" "libroach.la" )
make[4]: Leaving directory '/var/tmp/portage/x11-plugins/compiz-plugins-community-0.8.14/work/compiz-plugins-community-0.8.14/src/roach'
make[3]: Leaving directory '/var/tmp/portage/x11-plugins/compiz-plugins-community-0.8.14/work/compiz-plugins-community-0.8.14/src/roach'
make[3]: Entering directory '/var/tmp/portage/x11-plugins/compiz-plugins-community-0.8.14/work/compiz-plugins-community-0.8.14/src'
make[3]: Nothing to be done for 'all-am'.
make[3]: Leaving directory '/var/tmp/portage/x11-plugins/compiz-plugins-community-0.8.14/work/compiz-plugins-community-0.8.14/src'
make[2]: Leaving directory '/var/tmp/portage/x11-plugins/compiz-plugins-community-0.8.14/work/compiz-plugins-community-0.8.14/src'
Making all in po
make[2]: Entering directory '/var/tmp/portage/x11-plugins/compiz-plugins-community-0.8.14/work/compiz-plugins-community-0.8.14/po'
file=`echo ar | sed 's,.*/,,'`.gmo \
  && rm -f $file && /usr/bin/gmsgfmt -o $file ar.po
file=`echo bn | sed 's,.*/,,'`.gmo \
  && rm -f $file && /usr/bin/gmsgfmt -o $file bn.po
file=`echo ca | sed 's,.*/,,'`.gmo \
  && rm -f $file && /usr/bin/gmsgfmt -o $file ca.po
file=`echo cs | sed 's,.*/,,'`.gmo \
  && rm -f $file && /usr/bin/gmsgfmt -o $file cs.po
file=`echo de | sed 's,.*/,,'`.gmo \
  && rm -f $file && /usr/bin/gmsgfmt -o $file de.po
file=`echo el | sed 's,.*/,,'`.gmo \
  && rm -f $file && /usr/bin/gmsgfmt -o $file el.po
file=`echo en_GB | sed 's,.*/,,'`.gmo \
  && rm -f $file && /usr/bin/gmsgfmt -o $file en_GB.po
file=`echo es | sed 's,.*/,,'`.gmo \
  && rm -f $file && /usr/bin/gmsgfmt -o $file es.po
file=`echo eu | sed 's,.*/,,'`.gmo \
  && rm -f $file && /usr/bin/gmsgfmt -o $file eu.po
file=`echo fi | sed 's,.*/,,'`.gmo \
  && rm -f $file && /usr/bin/gmsgfmt -o $file fi.po
file=`echo fr | sed 's,.*/,,'`.gmo \
  && rm -f $file && /usr/bin/gmsgfmt -o $file fr.po
file=`echo gl | sed 's,.*/,,'`.gmo \
  && rm -f $file && /usr/bin/gmsgfmt -o $file gl.po
file=`echo gu | sed 's,.*/,,'`.gmo \
  && rm -f $file && /usr/bin/gmsgfmt -o $file gu.po
file=`echo he | sed 's,.*/,,'`.gmo \
  && rm -f $file && /usr/bin/gmsgfmt -o $file he.po
file=`echo hi | sed 's,.*/,,'`.gmo \
  && rm -f $file && /usr/bin/gmsgfmt -o $file hi.po
file=`echo hu | sed 's,.*/,,'`.gmo \
  && rm -f $file && /usr/bin/gmsgfmt -o $file hu.po
file=`echo it | sed 's,.*/,,'`.gmo \
  && rm -f $file && /usr/bin/gmsgfmt -o $file it.po
file=`echo ja | sed 's,.*/,,'`.gmo \
  && rm -f $file && /usr/bin/gmsgfmt -o $file ja.po
file=`echo ko | sed 's,.*/,,'`.gmo \
  && rm -f $file && /usr/bin/gmsgfmt -o $file ko.po
file=`echo nb | sed 's,.*/,,'`.gmo \
  && rm -f $file && /usr/bin/gmsgfmt -o $file nb.po
file=`echo nl | sed 's,.*/,,'`.gmo \
  && rm -f $file && /usr/bin/gmsgfmt -o $file nl.po
file=`echo pl | sed 's,.*/,,'`.gmo \
  && rm -f $file && /usr/bin/gmsgfmt -o $file pl.po
file=`echo pt | sed 's,.*/,,'`.gmo \
  && rm -f $file && /usr/bin/gmsgfmt -o $file pt.po
file=`echo pt_BR | sed 's,.*/,,'`.gmo \
  && rm -f $file && /usr/bin/gmsgfmt -o $file pt_BR.po
file=`echo ru | sed 's,.*/,,'`.gmo \
  && rm -f $file && /usr/bin/gmsgfmt -o $file ru.po
file=`echo sv | sed 's,.*/,,'`.gmo \
  && rm -f $file && /usr/bin/gmsgfmt -o $file sv.po
file=`echo tr | sed 's,.*/,,'`.gmo \
  && rm -f $file && /usr/bin/gmsgfmt -o $file tr.po
file=`echo zh_CN | sed 's,.*/,,'`.gmo \
  && rm -f $file && /usr/bin/gmsgfmt -o $file zh_CN.po
make[2]: Leaving directory '/var/tmp/portage/x11-plugins/compiz-plugins-community-0.8.14/work/compiz-plugins-community-0.8.14/po'
Making all in images
make[2]: Entering directory '/var/tmp/portage/x11-plugins/compiz-plugins-community-0.8.14/work/compiz-plugins-community-0.8.14/images'
Making all in roach
make[3]: Entering directory '/var/tmp/portage/x11-plugins/compiz-plugins-community-0.8.14/work/compiz-plugins-community-0.8.14/images/roach'
make[3]: Nothing to be done for 'all'.
make[3]: Leaving directory '/var/tmp/portage/x11-plugins/compiz-plugins-community-0.8.14/work/compiz-plugins-community-0.8.14/images/roach'
make[3]: Entering directory '/var/tmp/portage/x11-plugins/compiz-plugins-community-0.8.14/work/compiz-plugins-community-0.8.14/images'
make[3]: Nothing to be done for 'all-am'.
make[3]: Leaving directory '/var/tmp/portage/x11-plugins/compiz-plugins-community-0.8.14/work/compiz-plugins-community-0.8.14/images'
make[2]: Leaving directory '/var/tmp/portage/x11-plugins/compiz-plugins-community-0.8.14/work/compiz-plugins-community-0.8.14/images'
make[2]: Entering directory '/var/tmp/portage/x11-plugins/compiz-plugins-community-0.8.14/work/compiz-plugins-community-0.8.14'
make[2]: Nothing to be done for 'all-am'.
make[2]: Leaving directory '/var/tmp/portage/x11-plugins/compiz-plugins-community-0.8.14/work/compiz-plugins-community-0.8.14'
make[1]: Leaving directory '/var/tmp/portage/x11-plugins/compiz-plugins-community-0.8.14/work/compiz-plugins-community-0.8.14'
>>> Source compiled.
>>> Test phase [not enabled]: x11-plugins/compiz-plugins-community-0.8.14

>>> Install compiz-plugins-community-0.8.14 into /var/tmp/portage/x11-plugins/compiz-plugins-community-0.8.14/image/ category x11-plugins
make -j3 DESTDIR=/var/tmp/portage/x11-plugins/compiz-plugins-community-0.8.14/image/ install 
Making install in metadata
make[1]: Entering directory '/var/tmp/portage/x11-plugins/compiz-plugins-community-0.8.14/work/compiz-plugins-community-0.8.14/metadata'
make[2]: Entering directory '/var/tmp/portage/x11-plugins/compiz-plugins-community-0.8.14/work/compiz-plugins-community-0.8.14/metadata'
make[2]: Nothing to be done for 'install-exec-am'.
 /bin/mkdir -p '/var/tmp/portage/x11-plugins/compiz-plugins-community-0.8.14/image//usr/share/compiz'
 /usr/lib/portage/python2.7/ebuild-helpers/xattr/install -c -m 644 roach.xml '/var/tmp/portage/x11-plugins/compiz-plugins-community-0.8.14/image//usr/share/compiz'
make[2]: Leaving directory '/var/tmp/portage/x11-plugins/compiz-plugins-community-0.8.14/work/compiz-plugins-community-0.8.14/metadata'
make[1]: Leaving directory '/var/tmp/portage/x11-plugins/compiz-plugins-community-0.8.14/work/compiz-plugins-community-0.8.14/metadata'
Making install in src
make[1]: Entering directory '/var/tmp/portage/x11-plugins/compiz-plugins-community-0.8.14/work/compiz-plugins-community-0.8.14/src'
Making install in roach
make[2]: Entering directory '/var/tmp/portage/x11-plugins/compiz-plugins-community-0.8.14/work/compiz-plugins-community-0.8.14/src/roach'
make  install-am
make[3]: Entering directory '/var/tmp/portage/x11-plugins/compiz-plugins-community-0.8.14/work/compiz-plugins-community-0.8.14/src/roach'
make[4]: Entering directory '/var/tmp/portage/x11-plugins/compiz-plugins-community-0.8.14/work/compiz-plugins-community-0.8.14/src/roach'
make[4]: Nothing to be done for 'install-exec-am'.
 /bin/mkdir -p '/var/tmp/portage/x11-plugins/compiz-plugins-community-0.8.14/image//usr/lib64/compiz'
 /bin/sh ../../libtool   --mode=install /usr/lib/portage/python2.7/ebuild-helpers/xattr/install -c   libroach.la '/var/tmp/portage/x11-plugins/compiz-plugins-community-0.8.14/image//usr/lib64/compiz'
libtool: install: /usr/lib/portage/python2.7/ebuild-helpers/xattr/install -c .libs/libroach.so /var/tmp/portage/x11-plugins/compiz-plugins-community-0.8.14/image//usr/lib64/compiz/libroach.so
libtool: install: /usr/lib/portage/python2.7/ebuild-helpers/xattr/install -c .libs/libroach.lai /var/tmp/portage/x11-plugins/compiz-plugins-community-0.8.14/image//usr/lib64/compiz/libroach.la
libtool: warning: remember to run 'libtool --finish /usr/lib64/compiz'
make[4]: Leaving directory '/var/tmp/portage/x11-plugins/compiz-plugins-community-0.8.14/work/compiz-plugins-community-0.8.14/src/roach'
make[3]: Leaving directory '/var/tmp/portage/x11-plugins/compiz-plugins-community-0.8.14/work/compiz-plugins-community-0.8.14/src/roach'
make[2]: Leaving directory '/var/tmp/portage/x11-plugins/compiz-plugins-community-0.8.14/work/compiz-plugins-community-0.8.14/src/roach'
make[2]: Entering directory '/var/tmp/portage/x11-plugins/compiz-plugins-community-0.8.14/work/compiz-plugins-community-0.8.14/src'
make[3]: Entering directory '/var/tmp/portage/x11-plugins/compiz-plugins-community-0.8.14/work/compiz-plugins-community-0.8.14/src'
make[3]: Nothing to be done for 'install-exec-am'.
make[3]: Nothing to be done for 'install-data-am'.
make[3]: Leaving directory '/var/tmp/portage/x11-plugins/compiz-plugins-community-0.8.14/work/compiz-plugins-community-0.8.14/src'
make[2]: Leaving directory '/var/tmp/portage/x11-plugins/compiz-plugins-community-0.8.14/work/compiz-plugins-community-0.8.14/src'
make[1]: Leaving directory '/var/tmp/portage/x11-plugins/compiz-plugins-community-0.8.14/work/compiz-plugins-community-0.8.14/src'
Making install in po
make[1]: Entering directory '/var/tmp/portage/x11-plugins/compiz-plugins-community-0.8.14/work/compiz-plugins-community-0.8.14/po'
linguas="ar bn ca cs de el en_GB es eu fi fr gl gu he hi hu it ja ko nb nl pl pt pt_BR ru sv tr zh_CN "; \
for lang in $linguas; do \
  dir=/var/tmp/portage/x11-plugins/compiz-plugins-community-0.8.14/image//usr/share/locale/$lang/LC_MESSAGES; \
  /bin/sh /var/tmp/portage/x11-plugins/compiz-plugins-community-0.8.14/work/compiz-plugins-community-0.8.14/install-sh -d $dir; \
  if test -r $lang.gmo; then \
    /usr/lib/portage/python2.7/ebuild-helpers/xattr/install -c -m 644 $lang.gmo $dir/compiz-plugins-community.mo; \
    echo "installing $lang.gmo as $dir/compiz-plugins-community.mo"; \
  else \
    /usr/lib/portage/python2.7/ebuild-helpers/xattr/install -c -m 644 ./$lang.gmo $dir/compiz-plugins-community.mo; \
    echo "installing ./$lang.gmo as" \
         "$dir/compiz-plugins-community.mo"; \
  fi; \
  if test -r $lang.gmo.m; then \
    /usr/lib/portage/python2.7/ebuild-helpers/xattr/install -c -m 644 $lang.gmo.m $dir/compiz-plugins-community.mo.m; \
    echo "installing $lang.gmo.m as $dir/compiz-plugins-community.mo.m"; \
  else \
    if test -r ./$lang.gmo.m ; then \
      /usr/lib/portage/python2.7/ebuild-helpers/xattr/install -c -m 644 ./$lang.gmo.m \
        $dir/compiz-plugins-community.mo.m; \
      echo "installing ./$lang.gmo.m as" \
           "$dir/compiz-plugins-community.mo.m"; \
    else \
      true; \
    fi; \
  fi; \
done
installing ar.gmo as /var/tmp/portage/x11-plugins/compiz-plugins-community-0.8.14/image//usr/share/locale/ar/LC_MESSAGES/compiz-plugins-community.mo
installing bn.gmo as /var/tmp/portage/x11-plugins/compiz-plugins-community-0.8.14/image//usr/share/locale/bn/LC_MESSAGES/compiz-plugins-community.mo
installing ca.gmo as /var/tmp/portage/x11-plugins/compiz-plugins-community-0.8.14/image//usr/share/locale/ca/LC_MESSAGES/compiz-plugins-community.mo
installing cs.gmo as /var/tmp/portage/x11-plugins/compiz-plugins-community-0.8.14/image//usr/share/locale/cs/LC_MESSAGES/compiz-plugins-community.mo
installing de.gmo as /var/tmp/portage/x11-plugins/compiz-plugins-community-0.8.14/image//usr/share/locale/de/LC_MESSAGES/compiz-plugins-community.mo
installing el.gmo as /var/tmp/portage/x11-plugins/compiz-plugins-community-0.8.14/image//usr/share/locale/el/LC_MESSAGES/compiz-plugins-community.mo
installing en_GB.gmo as /var/tmp/portage/x11-plugins/compiz-plugins-community-0.8.14/image//usr/share/locale/en_GB/LC_MESSAGES/compiz-plugins-community.mo
installing es.gmo as /var/tmp/portage/x11-plugins/compiz-plugins-community-0.8.14/image//usr/share/locale/es/LC_MESSAGES/compiz-plugins-community.mo
installing eu.gmo as /var/tmp/portage/x11-plugins/compiz-plugins-community-0.8.14/image//usr/share/locale/eu/LC_MESSAGES/compiz-plugins-community.mo
installing fi.gmo as /var/tmp/portage/x11-plugins/compiz-plugins-community-0.8.14/image//usr/share/locale/fi/LC_MESSAGES/compiz-plugins-community.mo
installing fr.gmo as /var/tmp/portage/x11-plugins/compiz-plugins-community-0.8.14/image//usr/share/locale/fr/LC_MESSAGES/compiz-plugins-community.mo
installing gl.gmo as /var/tmp/portage/x11-plugins/compiz-plugins-community-0.8.14/image//usr/share/locale/gl/LC_MESSAGES/compiz-plugins-community.mo
installing gu.gmo as /var/tmp/portage/x11-plugins/compiz-plugins-community-0.8.14/image//usr/share/locale/gu/LC_MESSAGES/compiz-plugins-community.mo
installing he.gmo as /var/tmp/portage/x11-plugins/compiz-plugins-community-0.8.14/image//usr/share/locale/he/LC_MESSAGES/compiz-plugins-community.mo
installing hi.gmo as /var/tmp/portage/x11-plugins/compiz-plugins-community-0.8.14/image//usr/share/locale/hi/LC_MESSAGES/compiz-plugins-community.mo
installing hu.gmo as /var/tmp/portage/x11-plugins/compiz-plugins-community-0.8.14/image//usr/share/locale/hu/LC_MESSAGES/compiz-plugins-community.mo
installing it.gmo as /var/tmp/portage/x11-plugins/compiz-plugins-community-0.8.14/image//usr/share/locale/it/LC_MESSAGES/compiz-plugins-community.mo
installing ja.gmo as /var/tmp/portage/x11-plugins/compiz-plugins-community-0.8.14/image//usr/share/locale/ja/LC_MESSAGES/compiz-plugins-community.mo
installing ko.gmo as /var/tmp/portage/x11-plugins/compiz-plugins-community-0.8.14/image//usr/share/locale/ko/LC_MESSAGES/compiz-plugins-community.mo
installing nb.gmo as /var/tmp/portage/x11-plugins/compiz-plugins-community-0.8.14/image//usr/share/locale/nb/LC_MESSAGES/compiz-plugins-community.mo
installing nl.gmo as /var/tmp/portage/x11-plugins/compiz-plugins-community-0.8.14/image//usr/share/locale/nl/LC_MESSAGES/compiz-plugins-community.mo
installing pl.gmo as /var/tmp/portage/x11-plugins/compiz-plugins-community-0.8.14/image//usr/share/locale/pl/LC_MESSAGES/compiz-plugins-community.mo
installing pt.gmo as /var/tmp/portage/x11-plugins/compiz-plugins-community-0.8.14/image//usr/share/locale/pt/LC_MESSAGES/compiz-plugins-community.mo
installing pt_BR.gmo as /var/tmp/portage/x11-plugins/compiz-plugins-community-0.8.14/image//usr/share/locale/pt_BR/LC_MESSAGES/compiz-plugins-community.mo
installing ru.gmo as /var/tmp/portage/x11-plugins/compiz-plugins-community-0.8.14/image//usr/share/locale/ru/LC_MESSAGES/compiz-plugins-community.mo
installing sv.gmo as /var/tmp/portage/x11-plugins/compiz-plugins-community-0.8.14/image//usr/share/locale/sv/LC_MESSAGES/compiz-plugins-community.mo
installing tr.gmo as /var/tmp/portage/x11-plugins/compiz-plugins-community-0.8.14/image//usr/share/locale/tr/LC_MESSAGES/compiz-plugins-community.mo
installing zh_CN.gmo as /var/tmp/portage/x11-plugins/compiz-plugins-community-0.8.14/image//usr/share/locale/zh_CN/LC_MESSAGES/compiz-plugins-community.mo
make[1]: Leaving directory '/var/tmp/portage/x11-plugins/compiz-plugins-community-0.8.14/work/compiz-plugins-community-0.8.14/po'
Making install in images
make[1]: Entering directory '/var/tmp/portage/x11-plugins/compiz-plugins-community-0.8.14/work/compiz-plugins-community-0.8.14/images'
Making install in roach
make[2]: Entering directory '/var/tmp/portage/x11-plugins/compiz-plugins-community-0.8.14/work/compiz-plugins-community-0.8.14/images/roach'
make[3]: Entering directory '/var/tmp/portage/x11-plugins/compiz-plugins-community-0.8.14/work/compiz-plugins-community-0.8.14/images/roach'
make[3]: Nothing to be done for 'install-exec-am'.
 /bin/mkdir -p '/var/tmp/portage/x11-plugins/compiz-plugins-community-0.8.14/image//usr/share/compiz/roach'
 /usr/lib/portage/python2.7/ebuild-helpers/xattr/install -c -m 644 down.png down2.png left.png left2.png right.png right2.png up.png up2.png '/var/tmp/portage/x11-plugins/compiz-plugins-community-0.8.14/image//usr/share/compiz/roach'
make[3]: Leaving directory '/var/tmp/portage/x11-plugins/compiz-plugins-community-0.8.14/work/compiz-plugins-community-0.8.14/images/roach'
make[2]: Leaving directory '/var/tmp/portage/x11-plugins/compiz-plugins-community-0.8.14/work/compiz-plugins-community-0.8.14/images/roach'
make[2]: Entering directory '/var/tmp/portage/x11-plugins/compiz-plugins-community-0.8.14/work/compiz-plugins-community-0.8.14/images'
make[3]: Entering directory '/var/tmp/portage/x11-plugins/compiz-plugins-community-0.8.14/work/compiz-plugins-community-0.8.14/images'
make[3]: Nothing to be done for 'install-exec-am'.
make[3]: Nothing to be done for 'install-data-am'.
make[3]: Leaving directory '/var/tmp/portage/x11-plugins/compiz-plugins-community-0.8.14/work/compiz-plugins-community-0.8.14/images'
make[2]: Leaving directory '/var/tmp/portage/x11-plugins/compiz-plugins-community-0.8.14/work/compiz-plugins-community-0.8.14/images'
make[1]: Leaving directory '/var/tmp/portage/x11-plugins/compiz-plugins-community-0.8.14/work/compiz-plugins-community-0.8.14/images'
make[1]: Entering directory '/var/tmp/portage/x11-plugins/compiz-plugins-community-0.8.14/work/compiz-plugins-community-0.8.14'
make[2]: Entering directory '/var/tmp/portage/x11-plugins/compiz-plugins-community-0.8.14/work/compiz-plugins-community-0.8.14'
make[2]: Nothing to be done for 'install-exec-am'.
make[2]: Nothing to be done for 'install-data-am'.
make[2]: Leaving directory '/var/tmp/portage/x11-plugins/compiz-plugins-community-0.8.14/work/compiz-plugins-community-0.8.14'
make[1]: Leaving directory '/var/tmp/portage/x11-plugins/compiz-plugins-community-0.8.14/work/compiz-plugins-community-0.8.14'
>>> Completed installing compiz-plugins-community-0.8.14 into /var/tmp/portage/x11-plugins/compiz-plugins-community-0.8.14/image/

 * Final size of build directory: 10856 KiB
 * Final size of installed tree: 897 KiB

strip: x86_64-pc-linux-gnu-strip --strip-unneeded -R .comment -R .GCC.command.line -R .note.gnu.gold-version
   usr/lib64/compiz/libroach.so
ecompressdir: bzip2 -9 /usr/share/doc
>>> Done.

>>> Installing (2 of 2) x11-plugins/compiz-plugins-community-0.8.14::compiz-reloaded

>>> Recording x11-plugins/compiz-plugins-community in "world" favorites file...
>>> Auto-cleaning packages...

>>> No outdated packages were found on your system.

 * GNU info directory index is up-to-date.

!!! existing preserved libs:
>>> package: media-libs/jasper-2.0.12
 *  - /usr/lib64/libjasper.so.1
 *  - /usr/lib64/libjasper.so.1.0.0
 *      used by /usr/bin/jpeg2ktopam (media-libs/netpbm-10.70.00)
 *      used by /usr/bin/pamtojpeg2k (media-libs/netpbm-10.70.00)
 *      used by /usr/bin/ufraw (media-gfx/ufraw-0.22)
 *      used by 6 other files
>>> package: net-libs/gnutls-3.5.15
 *  - /usr/lib32/libgnutls.so.28
 *  - /usr/lib32/libgnutls.so.28.43.0
 *      used by /usr/lib32/libcups.so.2 (net-print/cups-2.1.4)
 *  - /usr/lib64/libgnutls.so.28
 *  - /usr/lib64/libgnutls.so.28.43.0
 *      used by /usr/bin/emacs-24 (app-editors/emacs-24.5-r3)
 *      used by /usr/bin/filezilla (net-ftp/filezilla-3.12.0.2)
 *      used by /usr/lib64/empathy/libempathy-3.12.12.so (net-im/empathy-3.12.12)
 *      used by 13 other files
>>> package: sci-geosciences/gpsd-3.16
 *  - /usr/lib64/libgps.so.21
 *  - /usr/lib64/libgps.so.21.0.0
 *      used by /usr/lib64/kde4/plugins/marble/GpsdPositionProviderPlugin.so (kde-apps/marble-4.14.3)
 *      used by /usr/libexec/geoclue-gpsd (app-misc/geoclue-0.12.99)
>>> package: kde-frameworks/kdelibs-4.14.34
 *  - /usr/lib64/libkdewebkit.so.5
 *  - /usr/lib64/libkdewebkit.so.5.14.34
 *      used by /usr/bin/blogilo (kde-apps/blogilo-4.14.11_pre20160211)
 *      used by /usr/lib64/kde4/amarok_context_applet_info.so (media-sound/amarok-2.8.0-r3)
 *      used by /usr/lib64/kde4/amarok_context_applet_wikipedia.so (media-sound/amarok-2.8.0-r3)
 *      used by 4 other files
>>> package: dev-libs/libzip-1.3.0
 *  - /usr/lib64/libzip.so.4
 *  - /usr/lib64/libzip.so.4.0.0
 *      used by /usr/bin/ideviceinstaller (app-pda/ideviceinstaller-1.0.1)
>>> package: media-libs/glew-1.13.0
 *  - /usr/lib64/libGLEW.so.1.10
 *  - /usr/lib64/libGLEW.so.1.10.0
 *      used by /usr/bin/_cvpcb.kiface (sci-electronics/kicad-4.0.4)
 *      used by /usr/bin/_eeschema.kiface (sci-electronics/kicad-4.0.4)
 *      used by /usr/bin/_gerbview.kiface (sci-electronics/kicad-4.0.4)
 *      used by 14 other files
>>> package: app-text/hunspell-1.6.1-r1
 *  - /usr/lib64/libhunspell-1.3.so.0
 *  - /usr/lib64/libhunspell-1.3.so.0.0.0
 *      used by /usr/bin/goldendict (app-text/goldendict-1.0.1)
 *      used by /usr/bin/lokalize (kde-apps/lokalize-16.08.3)
 *      used by /usr/bin/lyx (app-office/lyx-2.1.5)
 *      used by 8 other files
>>> package: sys-libs/binutils-libs-2.28.1
 *  - /usr/lib64/libbfd-2.27.so
 *      used by /usr/lib64/ocaml/objinfo_helper (dev-lang/ocaml-4.04.0)
>>> package: app-text/poppler-0.57.0
 *  - /usr/lib64/libpoppler.so.62
 *  - /usr/lib64/libpoppler.so.62.0.0
 *      used by /usr/bin/inkscape (media-gfx/inkscape-0.92.1-r1)
 *      used by /usr/bin/inkview (media-gfx/inkscape-0.92.1-r1)
 *      used by /usr/lib64/kde4/calligra_filter_pdf2svg.so (app-office/calligra-2.9.11)
 *      used by 2 other files
>>> package: dev-haskell/scientific-0.3.4.9
 *  - /usr/lib64/scientific-0.3.3.8/ghc-7.10.3/libHSscientific-0.3.3.8-Ac9ewSFZzaiJXTSrehvPMQ-ghc7.10.3.so
 *      used by /usr/lib64/attoparsec-0.13.0.1/ghc-7.10.3/libHSattoparsec-0.13.0.1-5OcDi3oNQ7CLJe1LHqPBQm-ghc7.10.3.so (preserved)
>>> package: media-libs/x264-0.0.20160712
 *  - /usr/lib64/libx264.so.142
 *      used by /usr/bin/mencoder (media-video/mplayer-1.2.1)
 *      used by /usr/lib64/gstreamer-0.10/libgstx264.so (media-plugins/gst-plugins-x264-0.10.19-r1)
 *      used by /usr/lib64/mediastreamer/plugins/libmsx264.so.0.0.0 (media-plugins/mediastreamer-x264-1.4.1)
 *  - /usr/lib32/libx264.so.142
 *      used by /usr/lib32/gstreamer-0.10/libgstx264.so (media-plugins/gst-plugins-x264-0.10.19-r1)
>>> package: dev-haskell/attoparsec-0.13.1.0
 *  - /usr/lib64/attoparsec-0.13.0.1/ghc-7.10.3/libHSattoparsec-0.13.0.1-5OcDi3oNQ7CLJe1LHqPBQm-ghc7.10.3.so
 *      used by /usr/lib64/darcs-2.12.5/ghc-7.10.3/libHSdarcs-2.12.5-I94n9nC7X251L7DB1corIy-ghc7.10.3.so (dev-vcs/darcs-2.12.5)
Use emerge @preserved-rebuild to rebuild packages using these libraries
elegiac ~ # 
