elegiac ~ # emerge =x11-apps/compiz-manager-0.7.0

These are the packages that would be merged, in reverse order:

Calculating dependencies... done!
[ebuild  N    ~] x11-apps/compiz-manager-0.7.0 


>>> Verifying ebuild manifests

>>> Emerging (1 of 1) x11-apps/compiz-manager-0.7.0::compiz-reloaded
>>> Downloading 'http://lug.mtu.edu/gentoo/distfiles/compiz-manager-0.7.0.tar.xz'
--2017-10-23 19:28:22--  http://lug.mtu.edu/gentoo/distfiles/compiz-manager-0.7.0.tar.xz
Resolving lug.mtu.edu (lug.mtu.edu)... 141.219.188.20, 2001:48a8:63:1c3::1337:6769
Connecting to lug.mtu.edu (lug.mtu.edu)|141.219.188.20|:80... connected.
HTTP request sent, awaiting response... 301 Moved Permanently
Location: http://mirrors.lug.mtu.edu/gentoo/distfiles/compiz-manager-0.7.0.tar.xz [following]
--2017-10-23 19:28:22--  http://mirrors.lug.mtu.edu/gentoo/distfiles/compiz-manager-0.7.0.tar.xz
Resolving mirrors.lug.mtu.edu (mirrors.lug.mtu.edu)... 141.219.188.21, 2001:48a8:63:1c3::dead:beef
Connecting to mirrors.lug.mtu.edu (mirrors.lug.mtu.edu)|141.219.188.21|:80... connected.
HTTP request sent, awaiting response... Read error (Connection reset by peer) in headers.
Retrying.

--2017-10-23 19:28:23--  (try: 2)  http://mirrors.lug.mtu.edu/gentoo/distfiles/compiz-manager-0.7.0.tar.xz
Connecting to mirrors.lug.mtu.edu (mirrors.lug.mtu.edu)|141.219.188.21|:80... connected.
HTTP request sent, awaiting response... Read error (Connection reset by peer) in headers.
Retrying.

--2017-10-23 19:28:25--  (try: 3)  http://mirrors.lug.mtu.edu/gentoo/distfiles/compiz-manager-0.7.0.tar.xz
Connecting to mirrors.lug.mtu.edu (mirrors.lug.mtu.edu)|141.219.188.21|:80... connected.
HTTP request sent, awaiting response... Read error (Connection reset by peer) in headers.
Giving up.

>>> Downloading 'http://gentoo.osuosl.org/distfiles/compiz-manager-0.7.0.tar.xz'
--2017-10-23 19:28:25--  http://gentoo.osuosl.org/distfiles/compiz-manager-0.7.0.tar.xz
Resolving gentoo.osuosl.org (gentoo.osuosl.org)... 64.50.236.52, 140.211.166.134, 64.50.233.100, ...
Connecting to gentoo.osuosl.org (gentoo.osuosl.org)|64.50.236.52|:80... connected.
HTTP request sent, awaiting response... 404 Not Found
2017-10-23 19:28:26 ERROR 404: Not Found.

>>> Downloading 'http://gentoo.mirrors.pair.com/distfiles/compiz-manager-0.7.0.tar.xz'
--2017-10-23 19:28:26--  http://gentoo.mirrors.pair.com/distfiles/compiz-manager-0.7.0.tar.xz
Resolving gentoo.mirrors.pair.com (gentoo.mirrors.pair.com)... 216.92.2.140
Connecting to gentoo.mirrors.pair.com (gentoo.mirrors.pair.com)|216.92.2.140|:80... connected.
HTTP request sent, awaiting response... 404 Not Found
2017-10-23 19:28:26 ERROR 404: Not Found.

>>> Downloading 'rsync://mirrors.rit.edu/gentoo/distfiles/compiz-manager-0.7.0.tar.xz'

receiving incremental file list
rsync: link_stat "/distfiles/compiz-manager-0.7.0.tar.xz" (in gentoo) failed: No such file or directory (2)

sent 8 bytes  received 121 bytes  86.00 bytes/sec
total size is 0  speedup is 0.00
rsync error: some files/attrs were not transferred (see previous errors) (code 23) at main.c(1650) [Receiver=3.1.2]
>>> Downloading 'http://mirrors.rit.edu/gentoo/distfiles/compiz-manager-0.7.0.tar.xz'
--2017-10-23 19:28:27--  http://mirrors.rit.edu/gentoo/distfiles/compiz-manager-0.7.0.tar.xz
Resolving mirrors.rit.edu (mirrors.rit.edu)... 129.21.171.72, 2620:8d:8000:15:225:90ff:fefd:344c
Connecting to mirrors.rit.edu (mirrors.rit.edu)|129.21.171.72|:80... connected.
HTTP request sent, awaiting response... 404 Not Found
2017-10-23 19:28:27 ERROR 404: Not Found.

>>> Downloading 'http://gentoo.mirrors.tds.net/gentoo/distfiles/compiz-manager-0.7.0.tar.xz'
--2017-10-23 19:28:27--  http://gentoo.mirrors.tds.net/gentoo/distfiles/compiz-manager-0.7.0.tar.xz
Resolving gentoo.mirrors.tds.net (gentoo.mirrors.tds.net)... 216.165.129.134
Connecting to gentoo.mirrors.tds.net (gentoo.mirrors.tds.net)|216.165.129.134|:80... connected.
HTTP request sent, awaiting response... 404 Not Found
2017-10-23 19:28:27 ERROR 404: Not Found.

>>> Downloading 'http://cosmos.illinois.edu/pub/gentoo/distfiles/compiz-manager-0.7.0.tar.xz'
--2017-10-23 19:28:27--  http://cosmos.illinois.edu/pub/gentoo/distfiles/compiz-manager-0.7.0.tar.xz
Resolving cosmos.illinois.edu (cosmos.illinois.edu)... 192.17.174.4
Connecting to cosmos.illinois.edu (cosmos.illinois.edu)|192.17.174.4|:80... connected.
HTTP request sent, awaiting response... 404 Not Found
2017-10-23 19:28:27 ERROR 404: Not Found.

>>> Downloading 'rsync://gentoo.cs.uni.edu/gentoo-distfiles/distfiles/compiz-manager-0.7.0.tar.xz'
* Hardware specifications
  Architecture: Dual PPC (Xserve)
  OS: Debian PPC

* Bandwidth specifications
  1Gbps feed to the community (egress), and Internet2 support.

* Location
  The University of Northern Iowa, Cedar Falls, IA

* Connections
  30 per each rsync module.
     _   _ _   _ ___ 
    | | | | \ | |_ _|
    | | | |  \| || |         -o)
    | |_| | |\  || |         /\\
     \___/|_| \_|___|       _\_V

 Access terminated if penguin violated 
      Don't mess with the penguin

  gentoo.cs.uni.edu [134.161.240.18]
----------------------------------
  rsync server at gentoo.cs.uni.edu
----------------------------------
  Resources hosted by the Department
     of Computer Science at the 
    University of Northern Iowa


receiving incremental file list
rsync: link_stat "/distfiles/compiz-manager-0.7.0.tar.xz" (in gentoo-distfiles) failed: No such file or directory (2)

sent 8 bytes  received 137 bytes  96.67 bytes/sec
total size is 0  speedup is 0.00
rsync error: some files/attrs were not transferred (see previous errors) (code 23) at main.c(1650) [Receiver=3.1.2]
>>> Downloading 'http://gentoo.cs.uni.edu/distfiles/compiz-manager-0.7.0.tar.xz'
--2017-10-23 19:28:28--  http://gentoo.cs.uni.edu/distfiles/compiz-manager-0.7.0.tar.xz
Resolving gentoo.cs.uni.edu (gentoo.cs.uni.edu)... 134.161.116.17
Connecting to gentoo.cs.uni.edu (gentoo.cs.uni.edu)|134.161.116.17|:80... connected.
HTTP request sent, awaiting response... 301 Moved Permanently
Location: http://seal.cs.uni.edu/distfiles/compiz-manager-0.7.0.tar.xz [following]
--2017-10-23 19:28:29--  http://seal.cs.uni.edu/distfiles/compiz-manager-0.7.0.tar.xz
Resolving seal.cs.uni.edu (seal.cs.uni.edu)... 134.161.116.17
Reusing existing connection to gentoo.cs.uni.edu:80.
HTTP request sent, awaiting response... 404 Not Found
2017-10-23 19:28:29 ERROR 404: Not Found.

>>> Downloading 'http://distfiles.gentoo.org/distfiles/compiz-manager-0.7.0.tar.xz'
--2017-10-23 19:28:29--  http://distfiles.gentoo.org/distfiles/compiz-manager-0.7.0.tar.xz
Resolving distfiles.gentoo.org (distfiles.gentoo.org)... 156.56.247.195, 64.50.236.52, 140.211.166.134, ...
Connecting to distfiles.gentoo.org (distfiles.gentoo.org)|156.56.247.195|:80... connected.
HTTP request sent, awaiting response... 404 Not Found
2017-10-23 19:28:29 ERROR 404: Not Found.

>>> Downloading 'https://github.com/compiz-reloaded/compiz-manager/releases/download/v0.7.0/compiz-manager-0.7.0.tar.xz'
--2017-10-23 19:28:29--  https://github.com/compiz-reloaded/compiz-manager/releases/download/v0.7.0/compiz-manager-0.7.0.tar.xz
Resolving github.com (github.com)... 192.30.253.112, 192.30.253.113
Connecting to github.com (github.com)|192.30.253.112|:443... connected.
HTTP request sent, awaiting response... 302 Found
Location: https://github-production-release-asset-2e65be.s3.amazonaws.com/45386120/5f3ea584-a6af-11e5-9667-0a77455b8567?X-Amz-Algorithm=AWS4-HMAC-SHA256&X-Amz-Credential=AKIAIWNJYAX4CSVEH53A%2F20171023%2Fus-east-1%2Fs3%2Faws4_request&X-Amz-Date=20171023T232830Z&X-Amz-Expires=300&X-Amz-Signature=a7037dc229a821e01651df4c34af49e520deb9ecb8e4f04c79a79e66cb44be76&X-Amz-SignedHeaders=host&actor_id=0&response-content-disposition=attachment%3B%20filename%3Dcompiz-manager-0.7.0.tar.xz&response-content-type=application%2Foctet-stream [following]
--2017-10-23 19:28:30--  https://github-production-release-asset-2e65be.s3.amazonaws.com/45386120/5f3ea584-a6af-11e5-9667-0a77455b8567?X-Amz-Algorithm=AWS4-HMAC-SHA256&X-Amz-Credential=AKIAIWNJYAX4CSVEH53A%2F20171023%2Fus-east-1%2Fs3%2Faws4_request&X-Amz-Date=20171023T232830Z&X-Amz-Expires=300&X-Amz-Signature=a7037dc229a821e01651df4c34af49e520deb9ecb8e4f04c79a79e66cb44be76&X-Amz-SignedHeaders=host&actor_id=0&response-content-disposition=attachment%3B%20filename%3Dcompiz-manager-0.7.0.tar.xz&response-content-type=application%2Foctet-stream
Resolving github-production-release-asset-2e65be.s3.amazonaws.com (github-production-release-asset-2e65be.s3.amazonaws.com)... 52.216.160.203
Connecting to github-production-release-asset-2e65be.s3.amazonaws.com (github-production-release-asset-2e65be.s3.amazonaws.com)|52.216.160.203|:443... connected.
HTTP request sent, awaiting response... 200 OK
Length: 9792 (9.6K) [application/octet-stream]
Saving to: ‘/usr/portage/distfiles/compiz-manager-0.7.0.tar.xz’

/usr/portage/distfi 100%[===================>]   9.56K  --.-KB/s    in 0.009s  

2017-10-23 19:28:30 (1.03 MB/s) - ‘/usr/portage/distfiles/compiz-manager-0.7.0.tar.xz’ saved [9792/9792]

 * compiz-manager-0.7.0.tar.xz SHA256 SHA512 WHIRLPOOL size ;-) ...                          [ ok ]
>>> Unpacking source...
>>> Unpacking compiz-manager-0.7.0.tar.xz to /var/tmp/portage/x11-apps/compiz-manager-0.7.0/work
>>> Source unpacked in /var/tmp/portage/x11-apps/compiz-manager-0.7.0/work
>>> Preparing source in /var/tmp/portage/x11-apps/compiz-manager-0.7.0/work/compiz-manager-0.7.0 ...
>>> Source prepared.
>>> Configuring source in /var/tmp/portage/x11-apps/compiz-manager-0.7.0/work/compiz-manager-0.7.0 ...
>>> Source configured.
>>> Compiling source in /var/tmp/portage/x11-apps/compiz-manager-0.7.0/work/compiz-manager-0.7.0 ...
>>> Source compiled.
>>> Test phase [not enabled]: x11-apps/compiz-manager-0.7.0

>>> Install compiz-manager-0.7.0 into /var/tmp/portage/x11-apps/compiz-manager-0.7.0/image/ category x11-apps
>>> Completed installing compiz-manager-0.7.0 into /var/tmp/portage/x11-apps/compiz-manager-0.7.0/image/

 * Final size of build directory: 31 KiB
 * Final size of installed tree: 13 KiB

>>> Done.

>>> Installing (1 of 1) x11-apps/compiz-manager-0.7.0::compiz-reloaded

>>> Recording x11-apps/compiz-manager in "world" favorites file...
>>> Auto-cleaning packages...

>>> No outdated packages were found on your system.

 * GNU info directory index is up-to-date.

!!! existing preserved libs:
>>> package: media-libs/jasper-2.0.12
 *  - /usr/lib64/libjasper.so.1
 *  - /usr/lib64/libjasper.so.1.0.0
 *      used by /usr/bin/jpeg2ktopam (media-libs/netpbm-10.70.00)
 *      used by /usr/bin/pamtojpeg2k (media-libs/netpbm-10.70.00)
 *      used by /usr/bin/ufraw (media-gfx/ufraw-0.22)
 *      used by 6 other files
>>> package: net-libs/gnutls-3.5.15
 *  - /usr/lib32/libgnutls.so.28
 *  - /usr/lib32/libgnutls.so.28.43.0
 *      used by /usr/lib32/libcups.so.2 (net-print/cups-2.1.4)
 *  - /usr/lib64/libgnutls.so.28
 *  - /usr/lib64/libgnutls.so.28.43.0
 *      used by /usr/bin/emacs-24 (app-editors/emacs-24.5-r3)
 *      used by /usr/bin/filezilla (net-ftp/filezilla-3.12.0.2)
 *      used by /usr/lib64/empathy/libempathy-3.12.12.so (net-im/empathy-3.12.12)
 *      used by 13 other files
>>> package: sci-geosciences/gpsd-3.16
 *  - /usr/lib64/libgps.so.21
 *  - /usr/lib64/libgps.so.21.0.0
 *      used by /usr/lib64/kde4/plugins/marble/GpsdPositionProviderPlugin.so (kde-apps/marble-4.14.3)
 *      used by /usr/libexec/geoclue-gpsd (app-misc/geoclue-0.12.99)
>>> package: kde-frameworks/kdelibs-4.14.34
 *  - /usr/lib64/libkdewebkit.so.5
 *  - /usr/lib64/libkdewebkit.so.5.14.34
 *      used by /usr/bin/blogilo (kde-apps/blogilo-4.14.11_pre20160211)
 *      used by /usr/lib64/kde4/amarok_context_applet_info.so (media-sound/amarok-2.8.0-r3)
 *      used by /usr/lib64/kde4/amarok_context_applet_wikipedia.so (media-sound/amarok-2.8.0-r3)
 *      used by 4 other files
>>> package: dev-libs/libzip-1.3.0
 *  - /usr/lib64/libzip.so.4
 *  - /usr/lib64/libzip.so.4.0.0
 *      used by /usr/bin/ideviceinstaller (app-pda/ideviceinstaller-1.0.1)
>>> package: media-libs/glew-1.13.0
 *  - /usr/lib64/libGLEW.so.1.10
 *  - /usr/lib64/libGLEW.so.1.10.0
 *      used by /usr/bin/_cvpcb.kiface (sci-electronics/kicad-4.0.4)
 *      used by /usr/bin/_eeschema.kiface (sci-electronics/kicad-4.0.4)
 *      used by /usr/bin/_gerbview.kiface (sci-electronics/kicad-4.0.4)
 *      used by 14 other files
>>> package: app-text/hunspell-1.6.1-r1
 *  - /usr/lib64/libhunspell-1.3.so.0
 *  - /usr/lib64/libhunspell-1.3.so.0.0.0
 *      used by /usr/bin/goldendict (app-text/goldendict-1.0.1)
 *      used by /usr/bin/lokalize (kde-apps/lokalize-16.08.3)
 *      used by /usr/bin/lyx (app-office/lyx-2.1.5)
 *      used by 8 other files
>>> package: sys-libs/binutils-libs-2.28.1
 *  - /usr/lib64/libbfd-2.27.so
 *      used by /usr/lib64/ocaml/objinfo_helper (dev-lang/ocaml-4.04.0)
>>> package: app-text/poppler-0.57.0
 *  - /usr/lib64/libpoppler.so.62
 *  - /usr/lib64/libpoppler.so.62.0.0
 *      used by /usr/bin/inkscape (media-gfx/inkscape-0.92.1-r1)
 *      used by /usr/bin/inkview (media-gfx/inkscape-0.92.1-r1)
 *      used by /usr/lib64/kde4/calligra_filter_pdf2svg.so (app-office/calligra-2.9.11)
 *      used by 2 other files
>>> package: dev-haskell/scientific-0.3.4.9
 *  - /usr/lib64/scientific-0.3.3.8/ghc-7.10.3/libHSscientific-0.3.3.8-Ac9ewSFZzaiJXTSrehvPMQ-ghc7.10.3.so
 *      used by /usr/lib64/attoparsec-0.13.0.1/ghc-7.10.3/libHSattoparsec-0.13.0.1-5OcDi3oNQ7CLJe1LHqPBQm-ghc7.10.3.so (preserved)
>>> package: media-libs/x264-0.0.20160712
 *  - /usr/lib64/libx264.so.142
 *      used by /usr/bin/mencoder (media-video/mplayer-1.2.1)
 *      used by /usr/lib64/gstreamer-0.10/libgstx264.so (media-plugins/gst-plugins-x264-0.10.19-r1)
 *      used by /usr/lib64/mediastreamer/plugins/libmsx264.so.0.0.0 (media-plugins/mediastreamer-x264-1.4.1)
 *  - /usr/lib32/libx264.so.142
 *      used by /usr/lib32/gstreamer-0.10/libgstx264.so (media-plugins/gst-plugins-x264-0.10.19-r1)
>>> package: dev-haskell/attoparsec-0.13.1.0
 *  - /usr/lib64/attoparsec-0.13.0.1/ghc-7.10.3/libHSattoparsec-0.13.0.1-5OcDi3oNQ7CLJe1LHqPBQm-ghc7.10.3.so
 *      used by /usr/lib64/darcs-2.12.5/ghc-7.10.3/libHSdarcs-2.12.5-I94n9nC7X251L7DB1corIy-ghc7.10.3.so (dev-vcs/darcs-2.12.5)
Use emerge @preserved-rebuild to rebuild packages using these libraries
elegiac ~ # 
