elegiac ~ # emerge =x11-plugins/compicc-0.8.10

These are the packages that would be merged, in reverse order:

Calculating dependencies... done!
[ebuild  N    ~] x11-plugins/compicc-0.8.10 


>>> Verifying ebuild manifests

>>> Emerging (1 of 1) x11-plugins/compicc-0.8.10::compiz-reloaded
>>> Downloading 'http://lug.mtu.edu/gentoo/distfiles/compicc-0.8.10.tar.xz'
--2017-10-23 18:38:45--  http://lug.mtu.edu/gentoo/distfiles/compicc-0.8.10.tar.xz
Resolving lug.mtu.edu (lug.mtu.edu)... 141.219.188.20, 2001:48a8:63:1c3::1337:6769
Connecting to lug.mtu.edu (lug.mtu.edu)|141.219.188.20|:80... connected.
HTTP request sent, awaiting response... 301 Moved Permanently
Location: http://mirrors.lug.mtu.edu/gentoo/distfiles/compicc-0.8.10.tar.xz [following]
--2017-10-23 18:38:45--  http://mirrors.lug.mtu.edu/gentoo/distfiles/compicc-0.8.10.tar.xz
Resolving mirrors.lug.mtu.edu (mirrors.lug.mtu.edu)... 141.219.188.21, 2001:48a8:63:1c3::dead:beef
Connecting to mirrors.lug.mtu.edu (mirrors.lug.mtu.edu)|141.219.188.21|:80... connected.
HTTP request sent, awaiting response... Read error (Connection reset by peer) in headers.
Retrying.

--2017-10-23 18:38:47--  (try: 2)  http://mirrors.lug.mtu.edu/gentoo/distfiles/compicc-0.8.10.tar.xz
Connecting to mirrors.lug.mtu.edu (mirrors.lug.mtu.edu)|141.219.188.21|:80... connected.
HTTP request sent, awaiting response... Read error (Connection reset by peer) in headers.
Retrying.

--2017-10-23 18:38:49--  (try: 3)  http://mirrors.lug.mtu.edu/gentoo/distfiles/compicc-0.8.10.tar.xz
Connecting to mirrors.lug.mtu.edu (mirrors.lug.mtu.edu)|141.219.188.21|:80... connected.
HTTP request sent, awaiting response... Read error (Connection reset by peer) in headers.
Giving up.

>>> Downloading 'http://gentoo.osuosl.org/distfiles/compicc-0.8.10.tar.xz'
--2017-10-23 18:38:49--  http://gentoo.osuosl.org/distfiles/compicc-0.8.10.tar.xz
Resolving gentoo.osuosl.org (gentoo.osuosl.org)... 140.211.166.134, 64.50.233.100, 64.50.236.52, ...
Connecting to gentoo.osuosl.org (gentoo.osuosl.org)|140.211.166.134|:80... connected.
HTTP request sent, awaiting response... 404 Not Found
2017-10-23 18:38:49 ERROR 404: Not Found.

>>> Downloading 'http://gentoo.mirrors.pair.com/distfiles/compicc-0.8.10.tar.xz'
--2017-10-23 18:38:49--  http://gentoo.mirrors.pair.com/distfiles/compicc-0.8.10.tar.xz
Resolving gentoo.mirrors.pair.com (gentoo.mirrors.pair.com)... 216.92.2.140
Connecting to gentoo.mirrors.pair.com (gentoo.mirrors.pair.com)|216.92.2.140|:80... connected.
HTTP request sent, awaiting response... 404 Not Found
2017-10-23 18:38:50 ERROR 404: Not Found.

>>> Downloading 'rsync://mirrors.rit.edu/gentoo/distfiles/compicc-0.8.10.tar.xz'

receiving incremental file list
rsync: link_stat "/distfiles/compicc-0.8.10.tar.xz" (in gentoo) failed: No such file or directory (2)

sent 8 bytes  received 115 bytes  246.00 bytes/sec
total size is 0  speedup is 0.00
rsync error: some files/attrs were not transferred (see previous errors) (code 23) at main.c(1650) [Receiver=3.1.2]
>>> Downloading 'http://mirrors.rit.edu/gentoo/distfiles/compicc-0.8.10.tar.xz'
--2017-10-23 18:38:50--  http://mirrors.rit.edu/gentoo/distfiles/compicc-0.8.10.tar.xz
Resolving mirrors.rit.edu (mirrors.rit.edu)... 129.21.171.72, 2620:8d:8000:15:225:90ff:fefd:344c
Connecting to mirrors.rit.edu (mirrors.rit.edu)|129.21.171.72|:80... connected.
HTTP request sent, awaiting response... 404 Not Found
2017-10-23 18:38:51 ERROR 404: Not Found.

>>> Downloading 'http://gentoo.mirrors.tds.net/gentoo/distfiles/compicc-0.8.10.tar.xz'
--2017-10-23 18:38:51--  http://gentoo.mirrors.tds.net/gentoo/distfiles/compicc-0.8.10.tar.xz
Resolving gentoo.mirrors.tds.net (gentoo.mirrors.tds.net)... 216.165.129.134
Connecting to gentoo.mirrors.tds.net (gentoo.mirrors.tds.net)|216.165.129.134|:80... connected.
HTTP request sent, awaiting response... 404 Not Found
2017-10-23 18:38:51 ERROR 404: Not Found.

>>> Downloading 'http://cosmos.illinois.edu/pub/gentoo/distfiles/compicc-0.8.10.tar.xz'
--2017-10-23 18:38:51--  http://cosmos.illinois.edu/pub/gentoo/distfiles/compicc-0.8.10.tar.xz
Resolving cosmos.illinois.edu (cosmos.illinois.edu)... 192.17.174.4
Connecting to cosmos.illinois.edu (cosmos.illinois.edu)|192.17.174.4|:80... connected.
HTTP request sent, awaiting response... 404 Not Found
2017-10-23 18:38:51 ERROR 404: Not Found.

>>> Downloading 'rsync://gentoo.cs.uni.edu/gentoo-distfiles/distfiles/compicc-0.8.10.tar.xz'
* Hardware specifications
  Architecture: Dual PPC (Xserve)
  OS: Debian PPC

* Bandwidth specifications
  1Gbps feed to the community (egress), and Internet2 support.

* Location
  The University of Northern Iowa, Cedar Falls, IA

* Connections
  30 per each rsync module.
     _   _ _   _ ___ 
    | | | | \ | |_ _|
    | | | |  \| || |         -o)
    | |_| | |\  || |         /\\
     \___/|_| \_|___|       _\_V

 Access terminated if penguin violated 
      Don't mess with the penguin

  gentoo.cs.uni.edu [134.161.240.18]
----------------------------------
  rsync server at gentoo.cs.uni.edu
----------------------------------
  Resources hosted by the Department
     of Computer Science at the 
    University of Northern Iowa


receiving incremental file list
rsync: link_stat "/distfiles/compicc-0.8.10.tar.xz" (in gentoo-distfiles) failed: No such file or directory (2)

sent 8 bytes  received 131 bytes  92.67 bytes/sec
total size is 0  speedup is 0.00
rsync error: some files/attrs were not transferred (see previous errors) (code 23) at main.c(1650) [Receiver=3.1.2]
>>> Downloading 'http://gentoo.cs.uni.edu/distfiles/compicc-0.8.10.tar.xz'
--2017-10-23 18:38:52--  http://gentoo.cs.uni.edu/distfiles/compicc-0.8.10.tar.xz
Resolving gentoo.cs.uni.edu (gentoo.cs.uni.edu)... 134.161.116.17
Connecting to gentoo.cs.uni.edu (gentoo.cs.uni.edu)|134.161.116.17|:80... connected.
HTTP request sent, awaiting response... 301 Moved Permanently
Location: http://seal.cs.uni.edu/distfiles/compicc-0.8.10.tar.xz [following]
--2017-10-23 18:38:52--  http://seal.cs.uni.edu/distfiles/compicc-0.8.10.tar.xz
Resolving seal.cs.uni.edu (seal.cs.uni.edu)... 134.161.116.17
Reusing existing connection to gentoo.cs.uni.edu:80.
HTTP request sent, awaiting response... 404 Not Found
2017-10-23 18:38:52 ERROR 404: Not Found.

>>> Downloading 'http://distfiles.gentoo.org/distfiles/compicc-0.8.10.tar.xz'
--2017-10-23 18:38:52--  http://distfiles.gentoo.org/distfiles/compicc-0.8.10.tar.xz
Resolving distfiles.gentoo.org (distfiles.gentoo.org)... 140.211.166.134, 64.50.233.100, 216.165.129.135, ...
Connecting to distfiles.gentoo.org (distfiles.gentoo.org)|140.211.166.134|:80... connected.
HTTP request sent, awaiting response... 404 Not Found
2017-10-23 18:38:53 ERROR 404: Not Found.

>>> Downloading 'https://github.com/compiz-reloaded/compicc/releases/download/0.8.10/compicc-0.8.10.tar.xz'
--2017-10-23 18:38:53--  https://github.com/compiz-reloaded/compicc/releases/download/0.8.10/compicc-0.8.10.tar.xz
Resolving github.com (github.com)... 192.30.253.113, 192.30.253.112
Connecting to github.com (github.com)|192.30.253.113|:443... connected.
HTTP request sent, awaiting response... 302 Found
Location: https://github-production-release-asset-2e65be.s3.amazonaws.com/76097828/2d540886-bf0c-11e6-8c03-00351dead40e?X-Amz-Algorithm=AWS4-HMAC-SHA256&X-Amz-Credential=AKIAIWNJYAX4CSVEH53A%2F20171023%2Fus-east-1%2Fs3%2Faws4_request&X-Amz-Date=20171023T223853Z&X-Amz-Expires=300&X-Amz-Signature=4195f8b3bb2b40980e3c6699b9d32b72288c6e186e669d66f5c67211e13da96d&X-Amz-SignedHeaders=host&actor_id=0&response-content-disposition=attachment%3B%20filename%3Dcompicc-0.8.10.tar.xz&response-content-type=application%2Foctet-stream [following]
--2017-10-23 18:38:53--  https://github-production-release-asset-2e65be.s3.amazonaws.com/76097828/2d540886-bf0c-11e6-8c03-00351dead40e?X-Amz-Algorithm=AWS4-HMAC-SHA256&X-Amz-Credential=AKIAIWNJYAX4CSVEH53A%2F20171023%2Fus-east-1%2Fs3%2Faws4_request&X-Amz-Date=20171023T223853Z&X-Amz-Expires=300&X-Amz-Signature=4195f8b3bb2b40980e3c6699b9d32b72288c6e186e669d66f5c67211e13da96d&X-Amz-SignedHeaders=host&actor_id=0&response-content-disposition=attachment%3B%20filename%3Dcompicc-0.8.10.tar.xz&response-content-type=application%2Foctet-stream
Resolving github-production-release-asset-2e65be.s3.amazonaws.com (github-production-release-asset-2e65be.s3.amazonaws.com)... 52.216.97.155
Connecting to github-production-release-asset-2e65be.s3.amazonaws.com (github-production-release-asset-2e65be.s3.amazonaws.com)|52.216.97.155|:443... connected.
HTTP request sent, awaiting response... 200 OK
Length: 72304 (71K) [application/octet-stream]
Saving to: ‘/usr/portage/distfiles/compicc-0.8.10.tar.xz’

/usr/portage/distfi 100%[===================>]  70.61K   283KB/s    in 0.2s    

2017-10-23 18:38:54 (283 KB/s) - ‘/usr/portage/distfiles/compicc-0.8.10.tar.xz’ saved [72304/72304]

 * compicc-0.8.10.tar.xz SHA256 SHA512 WHIRLPOOL size ;-) ...                                [ ok ]
>>> Unpacking source...
>>> Unpacking compicc-0.8.10.tar.xz to /var/tmp/portage/x11-plugins/compicc-0.8.10/work
>>> Source unpacked in /var/tmp/portage/x11-plugins/compicc-0.8.10/work
>>> Preparing source in /var/tmp/portage/x11-plugins/compicc-0.8.10/work/compicc-0.8.10 ...
>>> Source prepared.
>>> Configuring source in /var/tmp/portage/x11-plugins/compicc-0.8.10/work/compicc-0.8.10 ...
./configure --prefix=/usr --build=x86_64-pc-linux-gnu --host=x86_64-pc-linux-gnu --mandir=/usr/share/man --infodir=/usr/share/info --datadir=/usr/share --sysconfdir=/etc --localstatedir=/var/lib --disable-dependency-tracking --libdir=/usr/lib64
cat: /var/tmp/portage/x11-plugins/compicc-0.8.10/work/compicc-0.8.10/.git/refs/heads/master: No such file or directory


################################################################
#                                                              #
        Welcome to Compicc Version 0.8.10 configurator
#                       171023.183855                          #
#                       Configuration                          #
#                                                              #
Linux system            detected
64-bit build            detected
X86_64                  detected
deb_arch=amd64
"-march=core2 -O2 -pipe -fPIC -DPIC -Wno-overlength-strings" "-march=core2 -O2 -pipe -fPIC -DPIC -Wno-overlength-strings" "-Wl,-O1 -Wl,--as-needed -L./ -L/usr/lib64 -L."

dso link option: -Wl,-soname -Wl,
omp_get_num_procs(): 4
OpenMP dynamic linking: yes
libltdl is available
libdl is available
libm is available
libxml2 is available
libXcm is available
libXfixes is available
Oyranos 0.9.7           detected
X CM 0.5.4              detected
libX11 is available
libXext is available
libXinerama is available
libXxf86vm is available
libXrandr is available
X11     1.6.5           detected
compiz  0.8.14          detected
Doxygen 1.8.13          detected
translations available: 
generated compicc.spec from /var/tmp/portage/x11-plugins/compicc-0.8.10/work/compicc-0.8.10/compicc.spec.in
generated compicc_control from /var/tmp/portage/x11-plugins/compicc-0.8.10/work/compicc-0.8.10/compicc_control.in

#                       Paths                                  #
#                                                              #
prefix          =       /usr
exec_prefix     =       /usr
bindir          =       /usr/bin
sbindir         =       /usr/sbin
libdir          =       /usr/lib64
plugindir       =       /usr/lib64/compiz
includedir      =       /usr/include
datadir         =       /usr/share
regdir          =       /usr/share/compiz
icondir         =       /usr/share/ccsm/icons/hicolor/scalable/apps/
mandir          =       /usr/share/man
################################################################



preparing Makefile in ./
echo preparing dependency compilation ...
preparing dependency compilation ...
echo "COBJECTS_ISUP = 1" > cobjects
echo "#nicht editieren/dont edit - automatisch generiert von makefile.in" >> cobjects
echo "" >> cobjects
for i in compicc.o ; do \
  echo "${i}:   \$(SRCDIR)/${i}" | sed s/\.o\$/.c/ >> cobjects; \
  echo "        echo Compiling ${i} ..." >> cobjects; \
  echo '        $(CC) -I./ -I$(SRCDIR) $(CFLAGS) $(INCL) -c -o $*.o $(SRCDIR)/$*.c' >> cobjects; \
  echo "" >> cobjects; \
done
for i in ; do \
  echo "${i}:   \$(SRCDIR)/${i}" | sed s/\.o\$/.cpp/ >> cobjects; \
  echo "        echo Compiling ${i} ..." >> cobjects; \
  echo '        $(CXX) -I./ -I$(SRCDIR) $(CXXFLAGS) $(INCL) -c -o $*.o $(SRCDIR)/$*.cpp' >> cobjects; \
  echo "" >> cobjects; \
done
for i in ; do \
  echo "${i}:   \$(SRCDIR)/${i}" | sed s/\.o\$/.cxx/ >> cobjects; \
  echo "        echo Compiling ${i} ..." >> cobjects; \
  echo '        $(CXX) -I./ -I$(SRCDIR) $(CXXFLAGS) $(INCL) -c -o $*.o $(SRCDIR)/$*.cxx' >> cobjects; \
  echo "" >> cobjects; \
done
echo "setting up dependencies ..."
setting up dependencies ...
echo "MAKEDEPEND_ISUP = 1" > mkdepend
echo "#nicht editieren/dont edit - automatisch generiert von makefile.in" >> mkdepend
(for file in   compicc.c ; do \
    incl_src="${incl_src} /var/tmp/portage/x11-plugins/compicc-0.8.10/work/compicc-0.8.10/${file}"; done; \
  echo "#disable dependency tracking" -I./ -I/var/tmp/portage/x11-plugins/compicc-0.8.10/work/compicc-0.8.10 -I/usr/include -I/usr/include -I/var/tmp/portage/x11-plugins/compicc-0.8.10/work/compicc-0.8.10 -I/usr/include/oyranos  -I/usr/X11R6/include -I/usr/include -I/usr/include     -I/usr/include/libxml2 -I/usr/include/startup-notification-1.0 -I/usr/include/compiz -I/usr/include/libxml2 -I/usr/include/startup-notification-1.0   ${incl_src} >> mkdepend)
make: 'depend' is up to date.
>>> Source configured.
>>> Compiling source in /var/tmp/portage/x11-plugins/compicc-0.8.10/work/compicc-0.8.10 ...
make -j3 
echo Compiling compicc.o ...
Compiling compicc.o ...
cc -I./ -I/var/tmp/portage/x11-plugins/compicc-0.8.10/work/compicc-0.8.10  -fopenmp -std=c99 -D__USE_POSIX2=1 -march=core2 -O2 -pipe -fPIC -DPIC -Wno-overlength-strings -I/usr/include -I/usr/include -I/var/tmp/portage/x11-plugins/compicc-0.8.10/work/compicc-0.8.10 -I/usr/include/oyranos  -I/usr/X11R6/include -I/usr/include -I/usr/include     -I/usr/include/libxml2 -I/usr/include/startup-notification-1.0 -I/usr/include/compiz -I/usr/include/libxml2 -I/usr/include/startup-notification-1.0   -c -o compicc.o /var/tmp/portage/x11-plugins/compicc-0.8.10/work/compicc-0.8.10/compicc.c
In file included from /usr/include/assert.h:35:0,
                 from /var/tmp/portage/x11-plugins/compicc-0.8.10/work/compicc-0.8.10/compicc.c:19:
/usr/include/features.h:148:3: warning: #warning "_BSD_SOURCE and _SVID_SOURCE are deprecated, use _DEFAULT_SOURCE" [-Wcpp]
 # warning "_BSD_SOURCE and _SVID_SOURCE are deprecated, use _DEFAULT_SOURCE"
   ^
echo Linking libcompicc.so.0.8.10 ...
Linking libcompicc.so.0.8.10 ...
cc -I./  -fopenmp -std=c99 -D__USE_POSIX2=1 -march=core2 -O2 -pipe -fPIC -DPIC -Wno-overlength-strings -Wl,-O1 -Wl,--as-needed -L./ -L/usr/lib64 -shared  -Wl,-soname -Wl,libcompicc.so.0 \
-o libcompicc.so.0.8.10 \
compicc.o  \
-L/usr/lib64 -Wl,-O1 -Wl,--as-needed -L./ -L/usr/lib64 -L. -ldl  -lX11 -lXcomposite -lXext -lXdamage -lXfixes -lXrandr -lXi -lXinerama -lXcursor -lICE -lSM -lxml2 -lstartup-notification-1  -L/usr/lib64 -L. -lOyranos -lOyranosConfig -lOyranosModules -lOyranosObject -lOyranosCore   -lc  -lm
rm -vf  libcompicc.so.0
ln -s libcompicc.so.0.8.10 libcompicc.so.0
rm -vf  libcompicc.so
ln -s libcompicc.so.0.8.10 libcompicc.so
echo ... all done
... all done
>>> Source compiled.
>>> Test phase [not enabled]: x11-plugins/compicc-0.8.10

>>> Install compicc-0.8.10 into /var/tmp/portage/x11-plugins/compicc-0.8.10/image/ category x11-plugins
make -j3 DESTDIR=/var/tmp/portage/x11-plugins/compicc-0.8.10/image/ install 
echo ... all done
echo register into /var/tmp/portage/x11-plugins/compicc-0.8.10/image//usr/share/compiz ...
... all done
echo Install linguas ...
register into /var/tmp/portage/x11-plugins/compicc-0.8.10/image//usr/share/compiz ...
mkdir -p /var/tmp/portage/x11-plugins/compicc-0.8.10/image//usr/share/compiz
Install linguas ...
for ling in ; do \
  echo "Installing po/${ling}.gmo ..."; \
  test -f po/${ling}.gmo \
        && (mkdir -p /var/tmp/portage/x11-plugins/compicc-0.8.10/image//usr/share/locale/${ling}/LC_MESSAGES; \
            install -p  -m 644 po/${ling}.gmo /var/tmp/portage/x11-plugins/compicc-0.8.10/image//usr/share/locale/${ling}/LC_MESSAGES/compicc.mo ) \
        || (echo ${ling}.gmo is not yet ready ... skipping); \
done;
install -p  -m 644 /var/tmp/portage/x11-plugins/compicc-0.8.10/work/compicc-0.8.10/compicc.xml /var/tmp/portage/x11-plugins/compicc-0.8.10/image//usr/share/compiz
echo Installing binaries ...
Installing binaries ...
mkdir -p /var/tmp/portage/x11-plugins/compicc-0.8.10/image//usr/lib64/compiz
for lib in compicc; do \
   test -f lib${lib}.so.0.8.10 && \
        (install -p  -m 755 lib${lib}.so.0.8.10 \
        /var/tmp/portage/x11-plugins/compicc-0.8.10/image//usr/lib64/compiz/lib${lib}.so \
        ); \
   if [ "" = "" ]; then test -f lib${lib}.a && \
        (install -p  -m 644 lib${lib}.a /var/tmp/portage/x11-plugins/compicc-0.8.10/image//usr/lib64/compiz;\
        ranlib /var/tmp/portage/x11-plugins/compicc-0.8.10/image//usr/lib64/compiz/lib${lib}.a \
        ) || echo ""; \
           fi; \
done
echo adding icons to /var/tmp/portage/x11-plugins/compicc-0.8.10/image//usr/share/ccsm/icons/hicolor/scalable/apps/ ...
adding icons to /var/tmp/portage/x11-plugins/compicc-0.8.10/image//usr/share/ccsm/icons/hicolor/scalable/apps/ ...
mkdir -p /var/tmp/portage/x11-plugins/compicc-0.8.10/image//usr/share/ccsm/icons/hicolor/scalable/apps/
install -p  -m 644 /var/tmp/portage/x11-plugins/compicc-0.8.10/work/compicc-0.8.10/plugin-compicc.svg /var/tmp/portage/x11-plugins/compicc-0.8.10/image//usr/share/ccsm/icons/hicolor/scalable/apps//plugin-compicc.svg
echo ... done installing mime types and icons

echo ... binary Installation finished
... done installing mime types and icons
... binary Installation finished
echo ... install done
... install done
>>> Completed installing compicc-0.8.10 into /var/tmp/portage/x11-plugins/compicc-0.8.10/image/

 * Final size of build directory: 517 KiB
 * Final size of installed tree: 161 KiB

strip: x86_64-pc-linux-gnu-strip --strip-unneeded -R .comment -R .GCC.command.line -R .note.gnu.gold-version
   usr/lib64/compiz/libcompicc.so
ecompressdir: bzip2 -9 /usr/share/doc
>>> Done.

>>> Installing (1 of 1) x11-plugins/compicc-0.8.10::compiz-reloaded

>>> Recording x11-plugins/compicc in "world" favorites file...
>>> Auto-cleaning packages...

>>> No outdated packages were found on your system.

 * GNU info directory index is up-to-date.

!!! existing preserved libs:
>>> package: media-libs/jasper-2.0.12
 *  - /usr/lib64/libjasper.so.1
 *  - /usr/lib64/libjasper.so.1.0.0
 *      used by /usr/bin/jpeg2ktopam (media-libs/netpbm-10.70.00)
 *      used by /usr/bin/pamtojpeg2k (media-libs/netpbm-10.70.00)
 *      used by /usr/bin/ufraw (media-gfx/ufraw-0.22)
 *      used by 6 other files
>>> package: net-libs/gnutls-3.5.15
 *  - /usr/lib32/libgnutls.so.28
 *  - /usr/lib32/libgnutls.so.28.43.0
 *      used by /usr/lib32/libcups.so.2 (net-print/cups-2.1.4)
 *  - /usr/lib64/libgnutls.so.28
 *  - /usr/lib64/libgnutls.so.28.43.0
 *      used by /usr/bin/emacs-24 (app-editors/emacs-24.5-r3)
 *      used by /usr/bin/filezilla (net-ftp/filezilla-3.12.0.2)
 *      used by /usr/lib64/empathy/libempathy-3.12.12.so (net-im/empathy-3.12.12)
 *      used by 13 other files
>>> package: sci-geosciences/gpsd-3.16
 *  - /usr/lib64/libgps.so.21
 *  - /usr/lib64/libgps.so.21.0.0
 *      used by /usr/lib64/kde4/plugins/marble/GpsdPositionProviderPlugin.so (kde-apps/marble-4.14.3)
 *      used by /usr/libexec/geoclue-gpsd (app-misc/geoclue-0.12.99)
>>> package: kde-frameworks/kdelibs-4.14.34
 *  - /usr/lib64/libkdewebkit.so.5
 *  - /usr/lib64/libkdewebkit.so.5.14.34
 *      used by /usr/bin/blogilo (kde-apps/blogilo-4.14.11_pre20160211)
 *      used by /usr/lib64/kde4/amarok_context_applet_info.so (media-sound/amarok-2.8.0-r3)
 *      used by /usr/lib64/kde4/amarok_context_applet_wikipedia.so (media-sound/amarok-2.8.0-r3)
 *      used by 4 other files
>>> package: dev-libs/libzip-1.3.0
 *  - /usr/lib64/libzip.so.4
 *  - /usr/lib64/libzip.so.4.0.0
 *      used by /usr/bin/ideviceinstaller (app-pda/ideviceinstaller-1.0.1)
>>> package: media-libs/glew-1.13.0
 *  - /usr/lib64/libGLEW.so.1.10
 *  - /usr/lib64/libGLEW.so.1.10.0
 *      used by /usr/bin/_cvpcb.kiface (sci-electronics/kicad-4.0.4)
 *      used by /usr/bin/_eeschema.kiface (sci-electronics/kicad-4.0.4)
 *      used by /usr/bin/_gerbview.kiface (sci-electronics/kicad-4.0.4)
 *      used by 14 other files
>>> package: app-text/hunspell-1.6.1-r1
 *  - /usr/lib64/libhunspell-1.3.so.0
 *  - /usr/lib64/libhunspell-1.3.so.0.0.0
 *      used by /usr/bin/goldendict (app-text/goldendict-1.0.1)
 *      used by /usr/bin/lokalize (kde-apps/lokalize-16.08.3)
 *      used by /usr/bin/lyx (app-office/lyx-2.1.5)
 *      used by 8 other files
>>> package: sys-libs/binutils-libs-2.28.1
 *  - /usr/lib64/libbfd-2.27.so
 *      used by /usr/lib64/ocaml/objinfo_helper (dev-lang/ocaml-4.04.0)
>>> package: app-text/poppler-0.57.0
 *  - /usr/lib64/libpoppler.so.62
 *  - /usr/lib64/libpoppler.so.62.0.0
 *      used by /usr/bin/inkscape (media-gfx/inkscape-0.92.1-r1)
 *      used by /usr/bin/inkview (media-gfx/inkscape-0.92.1-r1)
 *      used by /usr/lib64/kde4/calligra_filter_pdf2svg.so (app-office/calligra-2.9.11)
 *      used by 2 other files
>>> package: dev-haskell/scientific-0.3.4.9
 *  - /usr/lib64/scientific-0.3.3.8/ghc-7.10.3/libHSscientific-0.3.3.8-Ac9ewSFZzaiJXTSrehvPMQ-ghc7.10.3.so
 *      used by /usr/lib64/attoparsec-0.13.0.1/ghc-7.10.3/libHSattoparsec-0.13.0.1-5OcDi3oNQ7CLJe1LHqPBQm-ghc7.10.3.so (preserved)
>>> package: media-libs/x264-0.0.20160712
 *  - /usr/lib64/libx264.so.142
 *      used by /usr/bin/mencoder (media-video/mplayer-1.2.1)
 *      used by /usr/lib64/gstreamer-0.10/libgstx264.so (media-plugins/gst-plugins-x264-0.10.19-r1)
 *      used by /usr/lib64/mediastreamer/plugins/libmsx264.so.0.0.0 (media-plugins/mediastreamer-x264-1.4.1)
 *  - /usr/lib32/libx264.so.142
 *      used by /usr/lib32/gstreamer-0.10/libgstx264.so (media-plugins/gst-plugins-x264-0.10.19-r1)
>>> package: dev-haskell/attoparsec-0.13.1.0
 *  - /usr/lib64/attoparsec-0.13.0.1/ghc-7.10.3/libHSattoparsec-0.13.0.1-5OcDi3oNQ7CLJe1LHqPBQm-ghc7.10.3.so
 *      used by /usr/lib64/darcs-2.12.5/ghc-7.10.3/libHSdarcs-2.12.5-I94n9nC7X251L7DB1corIy-ghc7.10.3.so (dev-vcs/darcs-2.12.5)
Use emerge @preserved-rebuild to rebuild packages using these libraries
elegiac ~ # 
