This is XeTeX, Version 3.14159265-2.6-0.99996 (TeX Live 2016) (preloaded format=xelatex 2017.10.12)  10 NOV 2017 23:52
entering extended mode
 restricted \write18 enabled.
 %&-line parsing enabled.
**Project_Part_4.tex
(./Project_Part_4.tex
LaTeX2e <2016/03/31> patch level 3
Babel <3.9r> and hyphenation patterns for 83 language(s) loaded.

(/usr/share/texmf-dist/tex/latex/extsizes/extarticle.cls
Document Class: extarticle 1996/10/08 v1.0 Non Standard LaTeX document class
(/usr/share/texmf-dist/tex/latex/extsizes/size17.clo
File: size17.clo 1999/11/11 NON-Standard LaTeX file (size option)
) (/usr/share/texmf-dist/tex/latex/base/exscale.sty
Package: exscale 2014/09/29 v2.1h Standard LaTeX package exscale
LaTeX Font Info:    Redeclaring symbol font `largesymbols' on input line 57.
LaTeX Font Info:    Overwriting symbol font `largesymbols' in version `normal'
(Font)                  OMX/cmex/m/n --> OMX/cmex/m/n on input line 57.
LaTeX Font Info:    Overwriting symbol font `largesymbols' in version `bold'
(Font)                  OMX/cmex/m/n --> OMX/cmex/m/n on input line 57.
\big@size=\dimen102
)
\c@part=\count79
\c@section=\count80
\c@subsection=\count81
\c@subsubsection=\count82
\c@paragraph=\count83
\c@subparagraph=\count84
\c@figure=\count85
\c@table=\count86
\abovecaptionskip=\skip41
\belowcaptionskip=\skip42
\bibindent=\dimen103
) (/usr/share/texmf-dist/tex/latex/fontspec/fontspec.sty (/usr/share/texmf-dist
/tex/latex/l3kernel/expl3.sty
Package: expl3 2016/11/21 v6760 L3 programming layer (loader) 
(/usr/share/texmf-dist/tex/latex/l3kernel/expl3-code.tex
Package: expl3 2016/11/21 v6760 L3 programming layer (code)
L3 Module: l3bootstrap 2016/06/13 v6596 L3 Bootstrap code
L3 Module: l3names 2016/10/13 v6722 L3 Namespace for primitives
L3 Module: l3basics 2016/09/01 v6696 L3 Basic definitions
L3 Module: l3expan 2016/08/19 v6684 L3 Argument expansion
L3 Module: l3tl 2016/08/19 v6692 L3 Token lists
L3 Module: l3str 2016/08/19 v6692 L3 Strings
L3 Module: l3seq 2016/08/19 v6685 L3 Sequences and stacks
L3 Module: l3int 2016/09/07 v6700 L3 Integers
\c_max_int=\count87
\l_tmpa_int=\count88
\l_tmpb_int=\count89
\g_tmpa_int=\count90
\g_tmpb_int=\count91
L3 Module: l3quark 2016/08/19 v6685 L3 Quarks
L3 Module: l3prg 2016/08/18 v6679 L3 Control structures
\g__prg_map_int=\count92
L3 Module: l3clist 2016/08/19 v6685 L3 Comma separated lists
L3 Module: l3token 2016/09/01 v6695 L3 Experimental token manipulation
L3 Module: l3prop 2016/08/19 v6685 L3 Property lists
L3 Module: l3msg 2016/08/19 v6691 L3 Messages
L3 Module: l3file 2016/08/19 v6685 L3 File and I/O operations
\l_iow_line_count_int=\count93
\l__iow_target_count_int=\count94
\l__iow_current_line_int=\count95
\l__iow_current_word_int=\count96
\l__iow_current_indentation_int=\count97
L3 Module: l3skip 2016/08/19 v6692 L3 Dimensions and skips
\c_zero_dim=\dimen104
\c_max_dim=\dimen105
\l_tmpa_dim=\dimen106
\l_tmpb_dim=\dimen107
\g_tmpa_dim=\dimen108
\g_tmpb_dim=\dimen109
\c_zero_skip=\skip43
\c_max_skip=\skip44
\l_tmpa_skip=\skip45
\l_tmpb_skip=\skip46
\g_tmpa_skip=\skip47
\g_tmpb_skip=\skip48
\c_zero_muskip=\muskip10
\c_max_muskip=\muskip11
\l_tmpa_muskip=\muskip12
\l_tmpb_muskip=\muskip13
\g_tmpa_muskip=\muskip14
\g_tmpb_muskip=\muskip15
L3 Module: l3keys 2016/09/21 v6711 L3 Key-value interfaces
\l_keys_choice_int=\count98
L3 Module: l3fp 2016/11/21 v6761 L3 Floating points
\c__fp_leading_shift_int=\count99
\c__fp_middle_shift_int=\count100
\c__fp_trailing_shift_int=\count101
\c__fp_big_leading_shift_int=\count102
\c__fp_big_middle_shift_int=\count103
\c__fp_big_trailing_shift_int=\count104
\c__fp_Bigg_leading_shift_int=\count105
\c__fp_Bigg_middle_shift_int=\count106
\c__fp_Bigg_trailing_shift_int=\count107
L3 Module: l3box 2016/08/19 v6685 L3 Experimental boxes
\c_empty_box=\box26
\l_tmpa_box=\box27
\l_tmpb_box=\box28
\g_tmpa_box=\box29
\g_tmpb_box=\box30
L3 Module: l3coffins 2016/08/19 v6685 L3 Coffin code layer
\l__coffin_internal_box=\box31
\l__coffin_internal_dim=\dimen110
\l__coffin_offset_x_dim=\dimen111
\l__coffin_offset_y_dim=\dimen112
\l__coffin_x_dim=\dimen113
\l__coffin_y_dim=\dimen114
\l__coffin_x_prime_dim=\dimen115
\l__coffin_y_prime_dim=\dimen116
\c_empty_coffin=\box32
\l__coffin_aligned_coffin=\box33
\l__coffin_aligned_internal_coffin=\box34
\l_tmpa_coffin=\box35
\l_tmpb_coffin=\box36
\l__coffin_display_coffin=\box37
\l__coffin_display_coord_coffin=\box38
\l__coffin_display_pole_coffin=\box39
\l__coffin_display_offset_dim=\dimen117
\l__coffin_display_x_dim=\dimen118
\l__coffin_display_y_dim=\dimen119
L3 Module: l3color 2016/06/13 v6596 L3 Experimental color support
L3 Module: l3sys 2015/09/25 v6087 L3 Experimental system/runtime functions
L3 Module: l3candidates 2016/08/19 v6688 L3 Experimental additions to l3kernel
\l__box_top_dim=\dimen120
\l__box_bottom_dim=\dimen121
\l__box_left_dim=\dimen122
\l__box_right_dim=\dimen123
\l__box_top_new_dim=\dimen124
\l__box_bottom_new_dim=\dimen125
\l__box_left_new_dim=\dimen126
\l__box_right_new_dim=\dimen127
\l__box_internal_box=\box40
\l__coffin_bounding_shift_dim=\dimen128
\l__coffin_left_corner_dim=\dimen129
\l__coffin_right_corner_dim=\dimen130
\l__coffin_bottom_corner_dim=\dimen131
\l__coffin_top_corner_dim=\dimen132
\l__coffin_scaled_total_height_dim=\dimen133
\l__coffin_scaled_width_dim=\dimen134
L3 Module: l3luatex 2016/08/18 v6679 L3 Experimental LuaTeX-specific functions
) (/usr/share/texmf-dist/tex/latex/l3kernel/l3xdvipdfmx.def
File: l3xdvidpfmx.def 2016/08/18 v6679 L3 Experimental driver: xdvipdfmx
\l__driver_tmp_box=\box41
)) (/usr/share/texmf-dist/tex/latex/l3packages/xparse/xparse.sty
Package: xparse 2016/11/21 v6760 L3 Experimental document command parser
\l__xparse_current_arg_int=\count108
\l__xparse_m_args_int=\count109
\l__xparse_mandatory_args_int=\count110
\l__xparse_processor_int=\count111
\l__xparse_v_nesting_int=\count112
)
Package: fontspec 2016/02/01 v2.5a Font selection for XeLaTeX and LuaLaTeX
(/usr/share/texmf-dist/tex/latex/fontspec/fontspec-xetex.sty
Package: fontspec-xetex 2016/02/01 v2.5a Font selection for XeLaTeX and LuaLaTe
X
\l_fontspec_script_int=\count113
\l_fontspec_language_int=\count114
\l_fontspec_strnum_int=\count115
\l__fontspec_tmpa_dim=\dimen135
\l__fontspec_tmpb_dim=\dimen136
\l__fontspec_tmpc_dim=\dimen137
\g__file_internal_ior=\read1
(/usr/share/texmf-dist/tex/latex/base/fontenc.sty
Package: fontenc 2016/06/19 v1.99m Standard LaTeX package
(/usr/share/texmf-dist/tex/latex/euenc/eu1enc.def
File: eu1enc.def 2010/05/27 v0.1h Experimental Unicode font encodings
)
LaTeX Font Info:    Try loading font information for EU1+lmr on input line 105.

(/usr/share/texmf-dist/tex/latex/euenc/eu1lmr.fd
File: eu1lmr.fd 2009/10/30 v1.6 Font defs for Latin Modern
)) (/usr/share/texmf-dist/tex/xelatex/xunicode/xunicode.sty
File: xunicode.sty 2011/09/09 v0.981 provides access to latin accents and many 
other characters in Unicode lower plane
(/usr/share/texmf-dist/tex/latex/tipa/t3enc.def
File: t3enc.def 2001/12/31 T3 encoding
LaTeX Font Info:    Try loading font information for EU1+lmss on input line 357
.
(/usr/share/texmf-dist/tex/latex/euenc/eu1lmss.fd
File: eu1lmss.fd 2009/10/30 v1.6 Font defs for Latin Modern
))
\tipaTiiicode=\count116
\tipasavetokens=\toks14
\tipachecktokens=\toks15
(/usr/share/texmf-dist/tex/latex/graphics/graphicx.sty
Package: graphicx 2014/10/28 v1.0g Enhanced LaTeX Graphics (DPC,SPQR)
(/usr/share/texmf-dist/tex/latex/graphics/keyval.sty
Package: keyval 2014/10/28 v1.15 key=value parser (DPC)
\KV@toks@=\toks16
) (/usr/share/texmf-dist/tex/latex/graphics/graphics.sty
Package: graphics 2016/07/10 v1.0t Standard LaTeX Graphics (DPC,SPQR)
(/usr/share/texmf-dist/tex/latex/graphics/trig.sty
Package: trig 2016/01/03 v1.10 sin cos tan (DPC)
) (/usr/share/texmf-dist/tex/latex/graphics-cfg/graphics.cfg
File: graphics.cfg 2016/06/04 v1.11 sample graphics configuration
)
Package graphics Info: Driver file: xetex.def on input line 99.
(/usr/share/texmf-dist/tex/latex/graphics-def/xetex.def
File: xetex.def 2016/07/11 v4.10 LaTeX color/graphics driver for XeTeX (L3/RRM/
JK)
))
\Gin@req@height=\dimen138
\Gin@req@width=\dimen139
))
.................................................
. LaTeX info: "xparse/define-command"
. 
. Defining command \__fontspec_post_arg:w with sig. 'mmO{}' on line 353.
.................................................
.................................................
. LaTeX info: "xparse/define-command"
. 
. Defining command \fontspec with sig. 'om' on line 355.
.................................................
.................................................
. LaTeX info: "xparse/define-command"
. 
. Defining command \setmainfont with sig. 'om' on line 365.
.................................................
.................................................
. LaTeX info: "xparse/define-command"
. 
. Defining command \setsansfont with sig. 'om' on line 375.
.................................................
.................................................
. LaTeX info: "xparse/define-command"
. 
. Defining command \setmonofont with sig. 'om' on line 385.
.................................................
.................................................
. LaTeX info: "xparse/define-command"
. 
. Defining command \setmathrm with sig. 'om' on line 399.
.................................................
.................................................
. LaTeX info: "xparse/define-command"
. 
. Defining command \setboldmathrm with sig. 'om' on line 407.
.................................................
.................................................
. LaTeX info: "xparse/define-command"
. 
. Defining command \setmathsf with sig. 'om' on line 415.
.................................................
.................................................
. LaTeX info: "xparse/define-command"
. 
. Defining command \setmathtt with sig. 'om' on line 423.
.................................................
.................................................
. LaTeX info: "xparse/define-command"
. 
. Defining command \newfontfamily with sig. 'mom' on line 437.
.................................................
.................................................
. LaTeX info: "xparse/define-command"
. 
. Defining command \newfontface with sig. 'mom' on line 453.
.................................................
.................................................
. LaTeX info: "xparse/define-command"
. 
. Defining command \defaultfontfeatures with sig. 't+om' on line 467.
.................................................
.................................................
. LaTeX info: "xparse/define-command"
. 
. Defining command \addfontfeatures with sig. 'm' on line 529.
.................................................
.................................................
. LaTeX info: "xparse/define-command"
. 
. Defining command \newfontfeature with sig. 'mm' on line 540.
.................................................
.................................................
. LaTeX info: "xparse/define-command"
. 
. Defining command \newAATfeature with sig. 'mmmm' on line 548.
.................................................
.................................................
. LaTeX info: "xparse/define-command"
. 
. Defining command \newopentypefeature with sig. 'mmm' on line 556.
.................................................
.................................................
. LaTeX info: "xparse/define-command"
. 
. Defining command \aliasfontfeature with sig. 'mm' on line 577.
.................................................
.................................................
. LaTeX info: "xparse/define-command"
. 
. Defining command \aliasfontfeatureoption with sig. 'mmm' on line 586.
.................................................
.................................................
. LaTeX info: "xparse/define-command"
. 
. Defining command \newfontscript with sig. 'mm' on line 590.
.................................................
.................................................
. LaTeX info: "xparse/define-command"
. 
. Defining command \newfontlanguage with sig. 'mm' on line 594.
.................................................
.................................................
. LaTeX info: "xparse/define-command"
. 
. Defining command \DeclareFontsExtensions with sig. 'm' on line 599.
.................................................
\l__fontspec_tmp_int=\count117
(/usr/share/texmf-dist/tex/latex/fontspec/fontspec.cfg)
LaTeX Info: Redefining \itshape on input line 2705.
LaTeX Info: Redefining \slshape on input line 2710.
LaTeX Info: Redefining \scshape on input line 2715.
LaTeX Info: Redefining \upshape on input line 2720.
\l__fontspec_em_int=\count118
\l__fontspec_emdef_int=\count119
LaTeX Info: Redefining \em on input line 2736.
LaTeX Info: Redefining \emph on input line 2742.
LaTeX Info: Redefining \- on input line 2746.
.................................................
. LaTeX info: "xparse/redefine-command"
. 
. Redefining command \oldstylenums with sig. 'm' on line 2841.
.................................................
.................................................
. LaTeX info: "xparse/define-command"
. 
. Defining command \liningnums with sig. 'm' on line 2845.
.................................................
))
.................................................
. fontspec info: "no-scripts"
. 
. Font Wreathe does not contain any OpenType `Script' information.
.................................................
*************************************************
* fontspec warning: "icu-feature-not-exist-in-font"
* 
* OpenType feature 'Numbers=OldStyle' (+onum) not available for font 'Wreathe'
* with script '' and language ''.
*************************************************
\g__fontspec_family_Wreathe_int=\count120
*************************************************
* fontspec warning: "icu-feature-not-exist-in-font"
* 
* OpenType feature 'Numbers=OldStyle' (+onum) not available for font 'Wreathe'
* with script '' and language ''.
*************************************************
*************************************************
* fontspec warning: "icu-feature-not-exist-in-font"
* 
* OpenType feature 'Numbers=OldStyle' (+onum) not available for font
* 'Wreathe/B' with script '' and language ''.
*************************************************
*************************************************
* fontspec warning: "icu-feature-not-exist-in-font"
* 
* OpenType feature 'Numbers=OldStyle' (+onum) not available for font
* 'Wreathe/I' with script '' and language ''.
*************************************************
*************************************************
* fontspec warning: "icu-feature-not-exist-in-font"
* 
* OpenType feature 'Numbers=OldStyle' (+onum) not available for font
* 'Wreathe/BI' with script '' and language ''.
*************************************************
.................................................
. fontspec info: "defining-font"
. 
. Font family 'Wreathe(0)' created for font 'Wreathe' with options
. [Ligatures=TeX,Mapping=tex-text,Numbers=OldStyle].
. 
. This font family consists of the following NFSS series/shapes:
. - 'normal' (m/n) with NFSS spec.:
. <->"Wreathe/OT:mapping=tex-text;mapping=tex-text;"
. - 'small caps'  (m/sc) with NFSS spec.: - 'bold' (bx/n) with NFSS spec.:
. <->"Wreathe/B/OT:mapping=tex-text;mapping=tex-text;"
. - 'bold small caps'  (bx/sc) with NFSS spec.: - 'italic' (m/it) with NFSS
. spec.: <->"Wreathe/I/OT:mapping=tex-text;mapping=tex-text;"
. - 'italic small caps'  (m/itsc) with NFSS spec.: - 'bold italic' (bx/it)
. with NFSS spec.: <->"Wreathe/BI/OT:mapping=tex-text;mapping=tex-text;"
. - 'bold italic small caps'  (bx/itsc) with NFSS spec.: 
.................................................
\g__fontspec_family_LinuxBiolinumO_int=\count121
.................................................
. fontspec info: "defining-font"
. 
. Font family 'LinuxBiolinumO(0)' created for font 'Linux Biolinum O' with
. options [Ligatures=TeX,Scale=0.7,Mapping=tex-text].
. 
. This font family consists of the following NFSS series/shapes:
. - 'normal' (m/n) with NFSS spec.: <->s*[0.7]"Linux Biolinum
. O/OT:script=latn;language=DFLT;mapping=tex-text;mapping=tex-text;"
. - 'small caps'  (m/sc) with NFSS spec.: <->s*[0.7]"Linux Biolinum
. O/OT:script=latn;language=DFLT;mapping=tex-text;mapping=tex-text;+smcp;"-
. 'bold' (bx/n) with NFSS spec.: <->s*[0.7]"Linux Biolinum
. O/B/OT:script=latn;language=DFLT;mapping=tex-text;mapping=tex-text;"
. - 'bold small caps'  (bx/sc) with NFSS spec.: <->s*[0.7]"Linux Biolinum
. O/B/OT:script=latn;language=DFLT;mapping=tex-text;mapping=tex-text;+smcp;"-
. 'italic' (m/it) with NFSS spec.: <->s*[0.7]"Linux Biolinum
. O/I/OT:script=latn;language=DFLT;mapping=tex-text;mapping=tex-text;"
. - 'italic small caps'  (m/itsc) with NFSS spec.: <->s*[0.7]"Linux Biolinum
. O/I/OT:script=latn;language=DFLT;mapping=tex-text;mapping=tex-text;+smcp;"-
. 'bold italic' (bx/it) with NFSS spec.: <->s*[0.7]"Linux Biolinum
. O/BI/OT:script=latn;language=DFLT;mapping=tex-text;mapping=tex-text;"
. - 'bold italic small caps'  (bx/itsc) with NFSS spec.: <->s*[0.7]"Linux
. Biolinum
. O/BI/OT:script=latn;language=DFLT;mapping=tex-text;mapping=tex-text;+smcp;"
.................................................
\g__fontspec_family_FiraCode_int=\count122
.................................................
. fontspec info: "no-font-shape"
. 
. Could not resolve font Fira Code/I (it probably doesn't exist).
.................................................
.................................................
. fontspec info: "defining-font"
. 
. Font family 'FiraCode(0)' created for font 'Fira Code' with options
. [WordSpace={1,0,0},PunctuationSpace=WordSpace,Scale=0.7].
. 
. This font family consists of the following NFSS series/shapes:
. - 'normal' (m/n) with NFSS spec.: <->s*[0.7]"Fira
. Code/OT:script=latn;language=DFLT;"
. - 'small caps'  (m/sc) with NFSS spec.: 
. and font adjustment code:
. \fontdimen 2\font =1\fontdimen 2\font \fontdimen 3\font =0\fontdimen 3\font
. \fontdimen 4\font =0\fontdimen 4\font \fontdimen 7\font =0\fontdimen 2\font
. - 'bold' (bx/n) with NFSS spec.: <->s*[0.7]"Fira
. Code/B/OT:script=latn;language=DFLT;"
. - 'bold small caps'  (bx/sc) with NFSS spec.: 
. and font adjustment code:
. \fontdimen 2\font =1\fontdimen 2\font \fontdimen 3\font =0\fontdimen 3\font
. \fontdimen 4\font =0\fontdimen 4\font \fontdimen 7\font =0\fontdimen 2\font
. - 'bold italic' (bx/it) with NFSS spec.: <->s*[0.7]"Fira
. Code/BI/OT:script=latn;language=DFLT;"
. - 'bold italic small caps'  (bx/itsc) with NFSS spec.: 
. and font adjustment code:
. \fontdimen 2\font =1\fontdimen 2\font \fontdimen 3\font =0\fontdimen 3\font
. \fontdimen 4\font =0\fontdimen 4\font \fontdimen 7\font =0\fontdimen 2\font 
.................................................
(/usr/share/texmf-dist/tex/latex/geometry/geometry.sty
Package: geometry 2010/09/12 v5.6 Page Geometry
(/usr/share/texmf-dist/tex/generic/oberdiek/ifpdf.sty
Package: ifpdf 2016/05/14 v3.1 Provides the ifpdf switch
) (/usr/share/texmf-dist/tex/generic/oberdiek/ifvtex.sty
Package: ifvtex 2016/05/16 v1.6 Detect VTeX and its facilities (HO)
Package ifvtex Info: VTeX not detected.
) (/usr/share/texmf-dist/tex/generic/ifxetex/ifxetex.sty
Package: ifxetex 2010/09/12 v0.6 Provides ifxetex conditional
)
\Gm@cnth=\count123
\Gm@cntv=\count124
\c@Gm@tempcnt=\count125
\Gm@bindingoffset=\dimen140
\Gm@wd@mp=\dimen141
\Gm@odd@mp=\dimen142
\Gm@even@mp=\dimen143
\Gm@layoutwidth=\dimen144
\Gm@layoutheight=\dimen145
\Gm@layouthoffset=\dimen146
\Gm@layoutvoffset=\dimen147
\Gm@dimlist=\toks17
) (/usr/share/texmf-dist/tex/latex/tools/array.sty
Package: array 2014/10/28 v2.4c Tabular extension package (FMi)
\col@sep=\dimen148
\extrarowheight=\dimen149
\NC@list=\toks18
\extratabsurround=\skip49
\backup@length=\skip50
) (/usr/share/texmf-dist/tex/latex/tools/longtable.sty
Package: longtable 2014/10/28 v4.11 Multi-page Table package (DPC)
\LTleft=\skip51
\LTright=\skip52
\LTpre=\skip53
\LTpost=\skip54
\LTchunksize=\count126
\LTcapwidth=\dimen150
\LT@head=\box42
\LT@firsthead=\box43
\LT@foot=\box44
\LT@lastfoot=\box45
\LT@cols=\count127
\LT@rows=\count128
\c@LT@tables=\count129
\c@LT@chunks=\count130
\LT@p@ftn=\toks19
) (/usr/share/texmf-dist/tex/latex/setspace/setspace.sty
Package: setspace 2011/12/19 v6.7a set line spacing
) (/usr/share/texmf-dist/tex/latex/natbib/natbib.sty
Package: natbib 2010/09/13 8.31b (PWD, AO)
\bibhang=\skip55
\bibsep=\skip56
LaTeX Info: Redefining \cite on input line 694.
\c@NAT@ctr=\count131
) (/usr/share/texmf-dist/tex/latex/tools/indentfirst.sty
Package: indentfirst 1995/11/23 v1.03 Indent first paragraph (DPC)
)
.................................................
. fontspec info: "no-font-shape"
. 
. Could not resolve font Fira Code/I (it probably doesn't exist).
.................................................
.................................................
. fontspec info: "defining-font"
. 
. Font family 'FiraCode(1)' created for font 'Fira Code' with options
. [WordSpace={1,0,0},PunctuationSpace=WordSpace,Contextuals={Alternate}].
. 
. This font family consists of the following NFSS series/shapes:
. - 'normal' (m/n) with NFSS spec.: <->"Fira
. Code/OT:script=latn;language=DFLT;+calt;"
. - 'small caps'  (m/sc) with NFSS spec.: 
. and font adjustment code:
. \fontdimen 2\font =1\fontdimen 2\font \fontdimen 3\font =0\fontdimen 3\font
. \fontdimen 4\font =0\fontdimen 4\font \fontdimen 7\font =0\fontdimen 2\font
. - 'bold' (bx/n) with NFSS spec.: <->"Fira
. Code/B/OT:script=latn;language=DFLT;+calt;"
. - 'bold small caps'  (bx/sc) with NFSS spec.: 
. and font adjustment code:
. \fontdimen 2\font =1\fontdimen 2\font \fontdimen 3\font =0\fontdimen 3\font
. \fontdimen 4\font =0\fontdimen 4\font \fontdimen 7\font =0\fontdimen 2\font
. - 'bold italic' (bx/it) with NFSS spec.: <->"Fira
. Code/BI/OT:script=latn;language=DFLT;+calt;"
. - 'bold italic small caps'  (bx/itsc) with NFSS spec.: 
. and font adjustment code:
. \fontdimen 2\font =1\fontdimen 2\font \fontdimen 3\font =0\fontdimen 3\font
. \fontdimen 4\font =0\fontdimen 4\font \fontdimen 7\font =0\fontdimen 2\font 
.................................................
(/usr/share/texmf-dist/tex/latex/hyperref/hyperref.sty
Package: hyperref 2016/06/24 v6.83q Hypertext links for LaTeX
(/usr/share/texmf-dist/tex/generic/oberdiek/hobsub-hyperref.sty
Package: hobsub-hyperref 2016/05/16 v1.14 Bundle oberdiek, subset hyperref (HO)

(/usr/share/texmf-dist/tex/generic/oberdiek/hobsub-generic.sty
Package: hobsub-generic 2016/05/16 v1.14 Bundle oberdiek, subset generic (HO)
Package: hobsub 2016/05/16 v1.14 Construct package bundles (HO)
Package: infwarerr 2016/05/16 v1.4 Providing info/warning/error messages (HO)
Package: ltxcmds 2016/05/16 v1.23 LaTeX kernel commands for general use (HO)
Package: ifluatex 2016/05/16 v1.4 Provides the ifluatex switch (HO)
Package ifluatex Info: LuaTeX not detected.
Package hobsub Info: Skipping package `ifvtex' (already loaded).
Package: intcalc 2016/05/16 v1.2 Expandable calculations with integers (HO)
Package hobsub Info: Skipping package `ifpdf' (already loaded).
Package: etexcmds 2016/05/16 v1.6 Avoid name clashes with e-TeX commands (HO)
Package etexcmds Info: Could not find \expanded.
(etexcmds)             That can mean that you are not using pdfTeX 1.50 or
(etexcmds)             that some package has redefined \expanded.
(etexcmds)             In the latter case, load this package earlier.
Package: kvsetkeys 2016/05/16 v1.17 Key value parser (HO)
Package: kvdefinekeys 2016/05/16 v1.4 Define keys (HO)
Package: pdftexcmds 2016/05/21 v0.22 Utility functions of pdfTeX for LuaTeX (HO
)
Package pdftexcmds Info: LuaTeX not detected.
Package pdftexcmds Info: pdfTeX >= 1.30 not detected.
Package pdftexcmds Info: \pdf@primitive is available.
Package pdftexcmds Info: \pdf@ifprimitive is available.
Package pdftexcmds Info: \pdfdraftmode not found.
Package: pdfescape 2016/05/16 v1.14 Implements pdfTeX's escape features (HO)
Package: bigintcalc 2016/05/16 v1.4 Expandable calculations on big integers (HO
)
Package: bitset 2016/05/16 v1.2 Handle bit-vector datatype (HO)
Package: uniquecounter 2016/05/16 v1.3 Provide unlimited unique counter (HO)
)
Package hobsub Info: Skipping package `hobsub' (already loaded).
Package: letltxmacro 2016/05/16 v1.5 Let assignment for LaTeX macros (HO)
Package: hopatch 2016/05/16 v1.3 Wrapper for package hooks (HO)
Package: xcolor-patch 2016/05/16 xcolor patch
Package: atveryend 2016/05/16 v1.9 Hooks at the very end of document (HO)
Package atveryend Info: \enddocument detected (standard20110627).
Package: atbegshi 2016/06/09 v1.18 At begin shipout hook (HO)
Package: refcount 2016/05/16 v3.5 Data extraction from label references (HO)
Package: hycolor 2016/05/16 v1.8 Color options for hyperref/bookmark (HO)
) (/usr/share/texmf-dist/tex/latex/oberdiek/auxhook.sty
Package: auxhook 2016/05/16 v1.4 Hooks for auxiliary files (HO)
) (/usr/share/texmf-dist/tex/latex/oberdiek/kvoptions.sty
Package: kvoptions 2016/05/16 v3.12 Key value format for package options (HO)
)
\@linkdim=\dimen151
\Hy@linkcounter=\count132
\Hy@pagecounter=\count133
(/usr/share/texmf-dist/tex/latex/hyperref/pd1enc.def
File: pd1enc.def 2016/06/24 v6.83q Hyperref: PDFDocEncoding definition (HO)
)
\Hy@SavedSpaceFactor=\count134
(/usr/share/texmf-dist/tex/latex/latexconfig/hyperref.cfg
File: hyperref.cfg 2002/06/06 v1.2 hyperref configuration of TeXLive
)
Package hyperref Info: Hyper figures OFF on input line 4486.
Package hyperref Info: Link nesting OFF on input line 4491.
Package hyperref Info: Hyper index ON on input line 4494.
Package hyperref Info: Plain pages OFF on input line 4501.
Package hyperref Info: Backreferencing OFF on input line 4506.
Package hyperref Info: Implicit mode ON; LaTeX internals redefined.
Package hyperref Info: Bookmarks ON on input line 4735.
\c@Hy@tempcnt=\count135
(/usr/share/texmf-dist/tex/latex/url/url.sty
\Urlmuskip=\muskip16
Package: url 2013/09/16  ver 3.4  Verb mode for urls, etc.
)
LaTeX Info: Redefining \url on input line 5088.
\XeTeXLinkMargin=\dimen152
\Fld@menulength=\count136
\Field@Width=\dimen153
\Fld@charsize=\dimen154
Package hyperref Info: Hyper figures OFF on input line 6342.
Package hyperref Info: Link nesting OFF on input line 6347.
Package hyperref Info: Hyper index ON on input line 6350.
Package hyperref Info: backreferencing OFF on input line 6357.
Package hyperref Info: Link coloring OFF on input line 6362.
Package hyperref Info: Link coloring with OCG OFF on input line 6367.
Package hyperref Info: PDF/A mode OFF on input line 6372.
LaTeX Info: Redefining \ref on input line 6412.
LaTeX Info: Redefining \pageref on input line 6416.
\Hy@abspage=\count137
\c@Item=\count138
\c@Hfootnote=\count139
)

Package hyperref Message: Driver (autodetected): hxetex.

(/usr/share/texmf-dist/tex/latex/hyperref/hxetex.def
File: hxetex.def 2016/06/24 v6.83q Hyperref driver for XeTeX
(/usr/share/texmf-dist/tex/latex/hyperref/puenc.def
File: puenc.def 2016/06/24 v6.83q Hyperref: PDF Unicode definition (HO)
) (/usr/share/texmf-dist/tex/generic/oberdiek/stringenc.sty
Package: stringenc 2016/05/16 v1.11 Convert strings between diff. encodings (HO
)
)
\pdfm@box=\box46
\c@Hy@AnnotLevel=\count140
\HyField@AnnotCount=\count141
\Fld@listcount=\count142
\c@bookmark@seq@number=\count143
(/usr/share/texmf-dist/tex/latex/oberdiek/rerunfilecheck.sty
Package: rerunfilecheck 2016/05/16 v1.8 Rerun checks for auxiliary files (HO)
Package rerunfilecheck Info: Feature \pdfmdfivesum is not available
(rerunfilecheck)             (e.g. pdfTeX or LuaTeX with package `pdftexcmds').

(rerunfilecheck)             Therefore file contents cannot be checked efficien
tly
(rerunfilecheck)             and the loading of the package is aborted.
)
\Hy@SectionHShift=\skip57
) (/usr/share/texmf-dist/tex/latex/listings/listings.sty
\lst@mode=\count144
\lst@gtempboxa=\box47
\lst@token=\toks20
\lst@length=\count145
\lst@currlwidth=\dimen155
\lst@column=\count146
\lst@pos=\count147
\lst@lostspace=\dimen156
\lst@width=\dimen157
\lst@newlines=\count148
\lst@lineno=\count149
\lst@maxwidth=\dimen158
(/usr/share/texmf-dist/tex/latex/listings/lstmisc.sty
File: lstmisc.sty 2015/06/04 1.6 (Carsten Heinz)
\c@lstnumber=\count150
\lst@skipnumbers=\count151
\lst@framebox=\box48
) (/usr/share/texmf-dist/tex/latex/listings/listings.cfg
File: listings.cfg 2015/06/04 1.6 listings configuration
))
Package: listings 2015/06/04 1.6 (Carsten Heinz)
(/usr/share/texmf-dist/tex/latex/polyglossia/polyglossia.sty
Package: polyglossia 2015/03/25 v1.42.4 Alternative to Babel for XeLaTeX and Lu
aLaTeX
(/usr/share/texmf-dist/tex/latex/etoolbox/etoolbox.sty
Package: etoolbox 2017/01/02 v2.4 e-TeX tools for LaTeX (JAW)
\etb@tempcnta=\count152
) (/usr/share/texmf-dist/tex/latex/makecmds/makecmds.sty
Package: makecmds 2009/09/03 v1.0a extra command making commands
) (/usr/share/texmf-dist/tex/latex/xkeyval/xkeyval.sty
Package: xkeyval 2014/12/03 v2.7a package option processing (HA)
(/usr/share/texmf-dist/tex/generic/xkeyval/xkeyval.tex (/usr/share/texmf-dist/t
ex/generic/xkeyval/xkvutils.tex
\XKV@toks=\toks21
\XKV@tempa@toks=\toks22
)
\XKV@depth=\count153
File: xkeyval.tex 2014/12/03 v2.7a key=value parser (HA)
))
\xpg@normalclass=\XeTeXcharclass1
) (/usr/share/texmf-dist/tex/latex/polyglossia/gloss-english.ldf
File: gloss-english.ldf polyglossia: module for english
)
Package polyglossia Info: Default language is english.
(./Project_Part_4.aux)
\openout1 = `Project_Part_4.aux'.

LaTeX Font Info:    Checking defaults for OML/cmm/m/it on input line 42.
LaTeX Font Info:    ... okay on input line 42.
LaTeX Font Info:    Checking defaults for T1/cmr/m/n on input line 42.
LaTeX Font Info:    ... okay on input line 42.
LaTeX Font Info:    Checking defaults for OT1/cmr/m/n on input line 42.
LaTeX Font Info:    ... okay on input line 42.
LaTeX Font Info:    Checking defaults for OMS/cmsy/m/n on input line 42.
LaTeX Font Info:    ... okay on input line 42.
LaTeX Font Info:    Checking defaults for OMX/cmex/m/n on input line 42.
LaTeX Font Info:    ... okay on input line 42.
LaTeX Font Info:    Checking defaults for U/cmr/m/n on input line 42.
LaTeX Font Info:    ... okay on input line 42.
LaTeX Font Info:    Checking defaults for EU1/lmr/m/n on input line 42.
LaTeX Font Info:    ... okay on input line 42.
LaTeX Font Info:    Checking defaults for T3/cmr/m/n on input line 42.
LaTeX Font Info:    Try loading font information for T3+cmr on input line 42.
(/usr/share/texmf-dist/tex/latex/tipa/t3cmr.fd
File: t3cmr.fd 2001/12/31 TIPA font definitions
)
LaTeX Font Info:    ... okay on input line 42.
LaTeX Font Info:    Checking defaults for PD1/pdf/m/n on input line 42.
LaTeX Font Info:    ... okay on input line 42.
LaTeX Font Info:    Checking defaults for PU/pdf/m/n on input line 42.
LaTeX Font Info:    ... okay on input line 42.
.................................................
. fontspec info: "setup-math"
. 
. Adjusting the maths setup (use [no-math] to avoid this).
.................................................
\symlegacymaths=\mathgroup4
LaTeX Font Info:    Overwriting symbol font `legacymaths' in version `bold'
(Font)                  OT1/cmr/m/n --> OT1/cmr/bx/n on input line 42.
LaTeX Font Info:    Redeclaring math accent \acute on input line 42.
LaTeX Font Info:    Redeclaring math accent \grave on input line 42.
LaTeX Font Info:    Redeclaring math accent \ddot on input line 42.
LaTeX Font Info:    Redeclaring math accent \tilde on input line 42.
LaTeX Font Info:    Redeclaring math accent \bar on input line 42.
LaTeX Font Info:    Redeclaring math accent \breve on input line 42.
LaTeX Font Info:    Redeclaring math accent \check on input line 42.
LaTeX Font Info:    Redeclaring math accent \hat on input line 42.
LaTeX Font Info:    Redeclaring math accent \dot on input line 42.
LaTeX Font Info:    Redeclaring math accent \mathring on input line 42.
LaTeX Font Info:    Redeclaring math symbol \colon on input line 42.
LaTeX Font Info:    Redeclaring math symbol \Gamma on input line 42.
LaTeX Font Info:    Redeclaring math symbol \Delta on input line 42.
LaTeX Font Info:    Redeclaring math symbol \Theta on input line 42.
LaTeX Font Info:    Redeclaring math symbol \Lambda on input line 42.
LaTeX Font Info:    Redeclaring math symbol \Xi on input line 42.
LaTeX Font Info:    Redeclaring math symbol \Pi on input line 42.
LaTeX Font Info:    Redeclaring math symbol \Sigma on input line 42.
LaTeX Font Info:    Redeclaring math symbol \Upsilon on input line 42.
LaTeX Font Info:    Redeclaring math symbol \Phi on input line 42.
LaTeX Font Info:    Redeclaring math symbol \Psi on input line 42.
LaTeX Font Info:    Redeclaring math symbol \Omega on input line 42.
LaTeX Font Info:    Redeclaring math symbol \mathdollar on input line 42.
LaTeX Font Info:    Redeclaring symbol font `operators' on input line 42.
LaTeX Font Info:    Encoding `OT1' has changed to `EU1' for symbol font
(Font)              `operators' in the math version `normal' on input line 42.
LaTeX Font Info:    Overwriting symbol font `operators' in version `normal'
(Font)                  OT1/cmr/m/n --> EU1/Wreathe(0)/m/n on input line 42.
LaTeX Font Info:    Encoding `OT1' has changed to `EU1' for symbol font
(Font)              `operators' in the math version `bold' on input line 42.
LaTeX Font Info:    Overwriting symbol font `operators' in version `bold'
(Font)                  OT1/cmr/bx/n --> EU1/Wreathe(0)/m/n on input line 42.
LaTeX Font Info:    Overwriting symbol font `operators' in version `normal'
(Font)                  EU1/Wreathe(0)/m/n --> EU1/Wreathe(0)/m/n on input line
 42.
LaTeX Font Info:    Overwriting math alphabet `\mathit' in version `normal'
(Font)                  OT1/cmr/m/it --> EU1/Wreathe(0)/m/it on input line 42.
LaTeX Font Info:    Overwriting math alphabet `\mathbf' in version `normal'
(Font)                  OT1/cmr/bx/n --> EU1/Wreathe(0)/bx/n on input line 42.
LaTeX Font Info:    Overwriting math alphabet `\mathsf' in version `normal'
(Font)                  OT1/cmss/m/n --> EU1/LinuxBiolinumO(0)/m/n on input lin
e 42.
LaTeX Font Info:    Overwriting math alphabet `\mathtt' in version `normal'
(Font)                  OT1/cmtt/m/n --> EU1/FiraCode(1)/m/n on input line 42.
LaTeX Font Info:    Overwriting symbol font `operators' in version `bold'
(Font)                  EU1/Wreathe(0)/m/n --> EU1/Wreathe(0)/bx/n on input lin
e 42.
LaTeX Font Info:    Overwriting math alphabet `\mathit' in version `bold'
(Font)                  OT1/cmr/bx/it --> EU1/Wreathe(0)/bx/it on input line 42
.
LaTeX Font Info:    Overwriting math alphabet `\mathsf' in version `bold'
(Font)                  OT1/cmss/bx/n --> EU1/LinuxBiolinumO(0)/bx/n on input l
ine 42.
LaTeX Font Info:    Overwriting math alphabet `\mathtt' in version `bold'
(Font)                  OT1/cmtt/m/n --> EU1/FiraCode(1)/bx/n on input line 42.

*geometry* driver: auto-detecting
*geometry* detected driver: xetex
*geometry* verbose mode - [ preamble ] result:
* driver: xetex
* paper: <default>
* layout: <same size as paper>
* layoutoffset:(h,v)=(0.0pt,0.0pt)
* modes: 
* h-part:(L,W,R)=(72.26999pt, 469.75502pt, 72.26999pt)
* v-part:(T,H,B)=(72.26999pt, 650.43001pt, 72.26999pt)
* \paperwidth=614.295pt
* \paperheight=794.96999pt
* \textwidth=469.75502pt
* \textheight=650.43001pt
* \oddsidemargin=0.0pt
* \evensidemargin=0.0pt
* \topmargin=-47.0pt
* \headheight=17.0pt
* \headsep=30.0pt
* \topskip=17.0pt
* \footskip=35.0pt
* \marginparwidth=2.0pt
* \marginparsep=12.0pt
* \columnsep=10.0pt
* \skip\footins=14.0pt plus 5.0pt minus 3.0pt
* \hoffset=0.0pt
* \voffset=0.0pt
* \mag=1000
* \@twocolumnfalse
* \@twosidefalse
* \@mparswitchfalse
* \@reversemarginfalse
* (1in=72.27pt=25.4mm, 1cm=28.453pt)

\AtBeginShipoutBox=\box49
Package hyperref Info: Link coloring OFF on input line 42.
(/usr/share/texmf-dist/tex/latex/hyperref/nameref.sty
Package: nameref 2016/05/21 v2.44 Cross-referencing by name of section
(/usr/share/texmf-dist/tex/generic/oberdiek/gettitlestring.sty
Package: gettitlestring 2016/05/16 v1.5 Cleanup title references (HO)
)
\c@section@level=\count154
)
LaTeX Info: Redefining \ref on input line 42.
LaTeX Info: Redefining \pageref on input line 42.
LaTeX Info: Redefining \nameref on input line 42.
(./Project_Part_4.out) (./Project_Part_4.out)
\@outlinefile=\write3
\openout3 = `Project_Part_4.out'.

\c@lstlisting=\count155
(/usr/share/texmf-dist/tex/generic/oberdiek/se-ascii-print.def
File: se-ascii-print.def 2016/05/16 v1.11 stringenc: Printable ASCII characters

) [1

]
Overfull \hbox (41.13855pt too wide) in paragraph at lines 74--89
\EU1/Wreathe(0)/m/n/17.28 profiling, such as \EU1/FiraCode(1)/m/n/17.28 debugge
r-ui-commandline\EU1/Wreathe(0)/m/n/17.28 , \EU1/FiraCode(1)/m/n/17.28 grammar-
debugger
 []

[2] [3] [4] (./Project_Part_4.bbl
Underfull \hbox (badness 10000) in paragraph at lines 18--23
[]\EU1/Wreathe(0)/m/n/17.28 jnthnwrthngtn (2011).  Grammar::Tracer and Grammar:
:Debugger:
 []


Underfull \hbox (badness 10000) in paragraph at lines 18--23
[]$[][][][][] [] [] [] [][][][][][][][][][][] [] [][][][][][][][][] [] [][][] [
] [][][][] []
 []


Underfull \hbox (badness 2189) in paragraph at lines 25--29
[][] [] [][] [] [][][][][][][] [] [][][][][][][][][][][][][][][][][][][][][][][
][][][]$[]\EU1/Wreathe(0)/m/n/17.28 .  This is
 []

[5]
Underfull \hbox (badness 3049) in paragraph at lines 70--73
[]\EU1/Wreathe(0)/m/n/17.28 Rakudo organization on GitHub (2017).  Rakudo Star:
 star/modules
 []


Underfull \hbox (badness 1888) in paragraph at lines 70--73
\EU1/Wreathe(0)/m/n/17.28 at master: []$[][][][][] [] [] [] [][][][][][] [] [][
][] [] [][][][][][] [] [][][][] [] [][][][] []
 []

[6]
Underfull \hbox (badness 10000) in paragraph at lines 81--86
[]\EU1/Wreathe(0)/m/n/17.28 Stack Overflow (2010–2013).  Floating point inaccur
acy exam-
 []


Underfull \hbox (badness 10000) in paragraph at lines 81--86
\EU1/Wreathe(0)/m/n/17.28 ples: []$[][][][][] [] [] [] [][][][][][][][][][][][]
[] [] [][][] [] [][][][][][][][][] []
 []


Underfull \hbox (badness 10000) in paragraph at lines 81--86
[][][][][][][] [] [][][][][][][][][][][][][][][][][][][][][][][][][][][][][][][
][][][][][][]$[]\EU1/Wreathe(0)/m/n/17.28 .
 []


Underfull \hbox (badness 3078) in paragraph at lines 94--98
[]\EU1/Wreathe(0)/m/n/17.28 Wikipedia.  Perl 6: []$[][][][][] [] [] [] [][] [] 
[][][][][][][][][] [] [][][] [] [][][][] []
 []

) [7]
Overfull \hbox (50.18353pt too wide) in alignment at lines 143--243
 [] [] [] 
 []


Underfull \vbox (badness 10000) detected at line 243
 []


Overfull \hbox (50.18353pt too wide) in alignment at lines 243--314
 [] [] [] 
 []

[8] [9] [10] [11]
Overfull \hbox (2.40173pt too wide) in paragraph at lines 393--394
 \EU1/Wreathe(0)/m/n/17.28 IO::Spec::Cygwin| 
 []


Overfull \hbox (50.18353pt too wide) in alignment at lines 319--419
 [] [] [] 
 []


Underfull \vbox (badness 10000) detected at line 419
 []

[12]
Overfull \hbox (50.18353pt too wide) in alignment at lines 419--519
 [] [] [] 
 []

[13] [14] [15]
Overfull \hbox (50.18353pt too wide) in alignment at lines 519--600
 [] [] [] 
 []

[16] [17] [18] [19] [20] [21] [22]
Overfull \hbox (67.23628pt too wide) in paragraph at lines 618--618
 []|\EU1/FiraCode(1)/m/n/17.28 Backtrace::Frame| 
 []


Overfull \hbox (67.23628pt too wide) in paragraph at lines 638--638
 []|\EU1/FiraCode(1)/m/n/17.28 X::Anon::Augment| 
 []


Overfull \hbox (46.50027pt too wide) in paragraph at lines 643--643
 []|\EU1/FiraCode(1)/m/n/17.28 X::Anon::Multi| 
 []


Overfull \hbox (77.60428pt too wide) in paragraph at lines 648--648
 []|\EU1/FiraCode(1)/m/n/17.28 X::Assignment::RO| 
 []


Overfull \hbox (139.81229pt too wide) in paragraph at lines 653--653
 []|\EU1/FiraCode(1)/m/n/17.28 X::Attribute::NoPackage| 
 []


Overfull \hbox (119.07628pt too wide) in paragraph at lines 658--658
 []|\EU1/FiraCode(1)/m/n/17.28 X::Attribute::Package| 
 []


Overfull \hbox (150.18028pt too wide) in paragraph at lines 663--663
 []|\EU1/FiraCode(1)/m/n/17.28 X::Attribute::Undeclared| 
 []


Overfull \hbox (129.44427pt too wide) in paragraph at lines 668--668
 []|\EU1/FiraCode(1)/m/n/17.28 X::Augment::NoSuchType| 
 []


Overfull \hbox (98.34029pt too wide) in paragraph at lines 678--678
 []|\EU1/FiraCode(1)/m/n/17.28 X::Bind::NativeType| 
 []


Overfull \hbox (46.50027pt too wide) in paragraph at lines 683--683
 []|\EU1/FiraCode(1)/m/n/17.28 X::Bind::Slice| 
 []


Overfull \hbox (119.07628pt too wide) in paragraph at lines 688--688
 []|\EU1/FiraCode(1)/m/n/17.28 X::Caller::NotDynamic| 
 []


Overfull \hbox (181.28427pt too wide) in paragraph at lines 693--693
 []|\EU1/FiraCode(1)/m/n/17.28 X::Channel::ReceiveOnClosed| 
 []


Overfull \hbox (150.18028pt too wide) in paragraph at lines 698--698
 []|\EU1/FiraCode(1)/m/n/17.28 X::Channel::SendOnClosed| 
 []


Underfull \vbox (badness 10000) detected at line 705
 []


Overfull \hbox (202.02026pt too wide) in paragraph at lines 708--708
 []|\EU1/FiraCode(1)/m/n/17.28 X::Composition::NotComposable| 
 []


Overfull \hbox (170.91626pt too wide) in paragraph at lines 713--713
 []|\EU1/FiraCode(1)/m/n/17.28 X::Constructor::Positional| 
 []


Overfull \hbox (46.50027pt too wide) in paragraph at lines 718--718
 []|\EU1/FiraCode(1)/m/n/17.28 X::ControlFlow| 
 []


Overfull \hbox (129.44427pt too wide) in paragraph at lines 723--723
 []|\EU1/FiraCode(1)/m/n/17.28 X::ControlFlow::Return| 
 []


Overfull \hbox (170.91626pt too wide) in paragraph at lines 728--728
 []|\EU1/FiraCode(1)/m/n/17.28 X::DateTime::TimezoneClash| 
 []


Overfull \hbox (119.07628pt too wide) in paragraph at lines 733--733
 []|\EU1/FiraCode(1)/m/n/17.28 X::Declaration::Scope| 
 []


Overfull \hbox (191.65225pt too wide) in paragraph at lines 738--738
 []|\EU1/FiraCode(1)/m/n/17.28 X::Declaration::Scope::Multi| 
 []


Overfull \hbox (98.34029pt too wide) in paragraph at lines 743--743
 []|\EU1/FiraCode(1)/m/n/17.28 X::Does::TypeObject| 
 []


Overfull \hbox (98.34029pt too wide) in paragraph at lines 748--748
 []|\EU1/FiraCode(1)/m/n/17.28 X::Eval::NoSuchLang| 
 []


Overfull \hbox (108.70828pt too wide) in paragraph at lines 753--753
 []|\EU1/FiraCode(1)/m/n/17.28 X::Export::NameClash| 
 []


Overfull \hbox (25.7643pt too wide) in paragraph at lines 763--763
 []|\EU1/FiraCode(1)/m/n/17.28 X::IO::Chdir| 
 []


Overfull \hbox (25.7643pt too wide) in paragraph at lines 768--768
 []|\EU1/FiraCode(1)/m/n/17.28 X::IO::Chmod| 
 []


Overfull \hbox (15.39629pt too wide) in paragraph at lines 773--773
 []|\EU1/FiraCode(1)/m/n/17.28 X::IO::Copy| 
 []


Overfull \hbox (5.02829pt too wide) in paragraph at lines 778--778
 []|\EU1/FiraCode(1)/m/n/17.28 X::IO::Cwd| 
 []


Overfull \hbox (5.02829pt too wide) in paragraph at lines 783--783
 []|\EU1/FiraCode(1)/m/n/17.28 X::IO::Dir| 
 []


Overfull \hbox (98.34029pt too wide) in paragraph at lines 788--788
 []|\EU1/FiraCode(1)/m/n/17.28 X::IO::DoesNotExist| 
 []


Overfull \hbox (15.39629pt too wide) in paragraph at lines 793--793
 []|\EU1/FiraCode(1)/m/n/17.28 X::IO::Link| 
 []


Overfull \hbox (25.7643pt too wide) in paragraph at lines 798--798
 []|\EU1/FiraCode(1)/m/n/17.28 X::IO::Mkdir| 
 []


Overfull \hbox (15.39629pt too wide) in paragraph at lines 803--803
 []|\EU1/FiraCode(1)/m/n/17.28 X::IO::Move| 
 []

[23] [24] [25] [26] [27]
Overfull \hbox (36.13228pt too wide) in paragraph at lines 808--808
 []|\EU1/FiraCode(1)/m/n/17.28 X::IO::Rename| 
 []


Overfull \hbox (25.7643pt too wide) in paragraph at lines 813--813
 []|\EU1/FiraCode(1)/m/n/17.28 X::IO::Rmdir| 
 []


Overfull \hbox (46.50027pt too wide) in paragraph at lines 818--818
 []|\EU1/FiraCode(1)/m/n/17.28 X::IO::Symlink| 
 []


Overfull \hbox (36.13228pt too wide) in paragraph at lines 823--823
 []|\EU1/FiraCode(1)/m/n/17.28 X::IO::Unlink| 
 []


Overfull \hbox (181.28427pt too wide) in paragraph at lines 828--828
 []|\EU1/FiraCode(1)/m/n/17.28 X::Inheritance::NotComposed| 
 []


Overfull \hbox (181.28427pt too wide) in paragraph at lines 833--833
 []|\EU1/FiraCode(1)/m/n/17.28 X::Inheritance::Unsupported| 
 []


Overfull \hbox (181.28427pt too wide) in paragraph at lines 838--838
 []|\EU1/FiraCode(1)/m/n/17.28 X::Method::InvalidQualifier| 
 []


Overfull \hbox (98.34029pt too wide) in paragraph at lines 843--843
 []|\EU1/FiraCode(1)/m/n/17.28 X::Method::NotFound| 
 []


Overfull \hbox (212.38828pt too wide) in paragraph at lines 848--848
 []|\EU1/FiraCode(1)/m/n/17.28 X::Method::Private::Permission| 
 []


Overfull \hbox (222.75626pt too wide) in paragraph at lines 853--853
 []|\EU1/FiraCode(1)/m/n/17.28 X::Method::Private::Unqualified| 
 []


Overfull \hbox (139.81229pt too wide) in paragraph at lines 858--858
 []|\EU1/FiraCode(1)/m/n/17.28 X::Mixin::NotComposable| 
 []


Overfull \hbox (56.86829pt too wide) in paragraph at lines 868--868
 []|\EU1/FiraCode(1)/m/n/17.28 X::NoDispatcher| 
 []


Overfull \hbox (67.23628pt too wide) in paragraph at lines 873--873
 []|\EU1/FiraCode(1)/m/n/17.28 X::Numeric::Real| 
 []


Overfull \hbox (15.39629pt too wide) in paragraph at lines 883--883
 []|\EU1/FiraCode(1)/m/n/17.28 X::Obsolete| 
 []


Overfull \hbox (36.13228pt too wide) in paragraph at lines 888--888
 []|\EU1/FiraCode(1)/m/n/17.28 X::OutOfRange| 
 []


Overfull \hbox (98.34029pt too wide) in paragraph at lines 893--893
 []|\EU1/FiraCode(1)/m/n/17.28 X::Package::Stubbed| 
 []


Overfull \hbox (119.07628pt too wide) in paragraph at lines 898--898
 []|\EU1/FiraCode(1)/m/n/17.28 X::Parameter::Default| 
 []


Overfull \hbox (284.96426pt too wide) in paragraph at lines 903--903
 []|\EU1/FiraCode(1)/m/n/17.28 X::Parameter::MultipleTypeConstraints| 
 []

[28] [29] [30] [31]
Overfull \hbox (160.54828pt too wide) in paragraph at lines 908--908
 []|\EU1/FiraCode(1)/m/n/17.28 X::Parameter::Placeholder| 
 []


Overfull \hbox (108.70828pt too wide) in paragraph at lines 913--913
 []|\EU1/FiraCode(1)/m/n/17.28 X::Parameter::Twigil| 
 []


Overfull \hbox (150.18028pt too wide) in paragraph at lines 918--918
 []|\EU1/FiraCode(1)/m/n/17.28 X::Parameter::WrongOrder| 
 []


Overfull \hbox (98.34029pt too wide) in paragraph at lines 923--923
 []|\EU1/FiraCode(1)/m/n/17.28 X::Phaser::Multiple| 
 []


Overfull \hbox (87.97227pt too wide) in paragraph at lines 928--928
 []|\EU1/FiraCode(1)/m/n/17.28 X::Phaser::PrePost| 
 []


Overfull \hbox (119.07628pt too wide) in paragraph at lines 933--933
 []|\EU1/FiraCode(1)/m/n/17.28 X::Placeholder::Block| 
 []


Overfull \hbox (150.18028pt too wide) in paragraph at lines 938--938
 []|\EU1/FiraCode(1)/m/n/17.28 X::Placeholder::Mainline| 
 []


Overfull \hbox (46.50027pt too wide) in paragraph at lines 948--948
 []|\EU1/FiraCode(1)/m/n/17.28 X::Proc::Async| 
 []


Overfull \hbox (212.38828pt too wide) in paragraph at lines 953--953
 []|\EU1/FiraCode(1)/m/n/17.28 X::Proc::Async::AlreadyStarted| 
 []


Overfull \hbox (191.65225pt too wide) in paragraph at lines 958--958
 []|\EU1/FiraCode(1)/m/n/17.28 X::Proc::Async::CharsOrBytes| 
 []


Overfull \hbox (202.02026pt too wide) in paragraph at lines 963--963
 []|\EU1/FiraCode(1)/m/n/17.28 X::Proc::Async::MustBeStarted| 
 []


Overfull \hbox (212.38828pt too wide) in paragraph at lines 968--968
 []|\EU1/FiraCode(1)/m/n/17.28 X::Proc::Async::OpenForWriting| 
 []


Overfull \hbox (212.38828pt too wide) in paragraph at lines 973--973
 []|\EU1/FiraCode(1)/m/n/17.28 X::Proc::Async::TapBeforeSpawn| 
 []


Overfull \hbox (119.07628pt too wide) in paragraph at lines 978--978
 []|\EU1/FiraCode(1)/m/n/17.28 X::Proc::Unsuccessful| 
 []


Overfull \hbox (253.86026pt too wide) in paragraph at lines 984--984
 []|\EU1/FiraCode(1)/m/n/17.28 X::Promise::CauseOnlyValidOnBroken| 
 []


Overfull \hbox (77.60428pt too wide) in paragraph at lines 989--989
 []|\EU1/FiraCode(1)/m/n/17.28 X::Promise::Vowed| 
 []


Overfull \hbox (67.23628pt too wide) in paragraph at lines 994--994
 []|\EU1/FiraCode(1)/m/n/17.28 X::Redeclaration| 
 []


Overfull \hbox (139.81229pt too wide) in paragraph at lines 999--999
 []|\EU1/FiraCode(1)/m/n/17.28 X::Role::Initialization| 
 []


Overfull \hbox (67.23628pt too wide) in paragraph at lines 1004--1004
 []|\EU1/FiraCode(1)/m/n/17.28 X::Seq::Consumed| 
 []

[32] [33] [34] [35] [36]
Overfull \hbox (129.44427pt too wide) in paragraph at lines 1009--1009
 []|\EU1/FiraCode(1)/m/n/17.28 X::Sequence::Deduction| 
 []


Overfull \hbox (139.81229pt too wide) in paragraph at lines 1014--1014
 []|\EU1/FiraCode(1)/m/n/17.28 X::Signature::NameClash| 
 []


Overfull \hbox (160.54828pt too wide) in paragraph at lines 1019--1019
 []|\EU1/FiraCode(1)/m/n/17.28 X::Signature::Placeholder| 
 []


Overfull \hbox (56.86829pt too wide) in paragraph at lines 1024--1024
 []|\EU1/FiraCode(1)/m/n/17.28 X::Str::Numeric| 
 []


Overfull \hbox (15.39629pt too wide) in paragraph at lines 1029--1029
 []|\EU1/FiraCode(1)/m/n/17.28 X::StubCode| 
 []


Overfull \hbox (305.70026pt too wide) in paragraph at lines 1039--1039
 []|\EU1/FiraCode(1)/m/n/17.28 X::Syntax::Augment::WithoutMonkeyTyping| 
 []


Overfull \hbox (191.65225pt too wide) in paragraph at lines 1044--1044
 []|\EU1/FiraCode(1)/m/n/17.28 X::Syntax::Comment::Embedded| 
 []


Overfull \hbox (98.34029pt too wide) in paragraph at lines 1049--1049
 []|\EU1/FiraCode(1)/m/n/17.28 X::Syntax::Confused| 
 []


Overfull \hbox (212.38828pt too wide) in paragraph at lines 1054--1054
 []|\EU1/FiraCode(1)/m/n/17.28 X::Syntax::InfixInTermPosition| 
 []


Overfull \hbox (108.70828pt too wide) in paragraph at lines 1059--1059
 []|\EU1/FiraCode(1)/m/n/17.28 X::Syntax::Malformed| 
 []


Overfull \hbox (87.97227pt too wide) in paragraph at lines 1064--1064
 []|\EU1/FiraCode(1)/m/n/17.28 X::Syntax::Missing| 
 []


Overfull \hbox (129.44427pt too wide) in paragraph at lines 1069--1069
 []|\EU1/FiraCode(1)/m/n/17.28 X::Syntax::NegatedPair| 
 []


Overfull \hbox (77.60428pt too wide) in paragraph at lines 1074--1074
 []|\EU1/FiraCode(1)/m/n/17.28 X::Syntax::NoSelf| 
 []


Overfull \hbox (253.86026pt too wide) in paragraph at lines 1079--1079
 []|\EU1/FiraCode(1)/m/n/17.28 X::Syntax::Number::RadixOutOfRange| 
 []


Overfull \hbox (36.13228pt too wide) in paragraph at lines 1084--1084
 []|\EU1/FiraCode(1)/m/n/17.28 X::Syntax::P5| 
 []


Overfull \hbox (150.18028pt too wide) in paragraph at lines 1089--1089
 []|\EU1/FiraCode(1)/m/n/17.28 X::Syntax::Regex::Adverb| 
 []


Overfull \hbox (274.59625pt too wide) in paragraph at lines 1094--1094
 []|\EU1/FiraCode(1)/m/n/17.28 X::Syntax::Regex::SolitaryQuantifier| 
 []


Overfull \hbox (98.34029pt too wide) in paragraph at lines 1099--1099
 []|\EU1/FiraCode(1)/m/n/17.28 X::Syntax::Reserved| 
 []


Overfull \hbox (212.38828pt too wide) in paragraph at lines 1104--1104
 []|\EU1/FiraCode(1)/m/n/17.28 X::Syntax::Self::WithoutObject| 
 []

[37] [38] [39] [40] [41]
Overfull \hbox (274.59625pt too wide) in paragraph at lines 1109--1109
 []|\EU1/FiraCode(1)/m/n/17.28 X::Syntax::Signature::InvocantMarker| 
 []


Overfull \hbox (264.22827pt too wide) in paragraph at lines 1114--1114
 []|\EU1/FiraCode(1)/m/n/17.28 X::Syntax::Term::MissingInitializer| 
 []


Overfull \hbox (119.07628pt too wide) in paragraph at lines 1119--1119
 []|\EU1/FiraCode(1)/m/n/17.28 X::Syntax::UnlessElse| 
 []


Overfull \hbox (170.91626pt too wide) in paragraph at lines 1124--1124
 []|\EU1/FiraCode(1)/m/n/17.28 X::Syntax::Variable::Match| 
 []


Overfull \hbox (191.65225pt too wide) in paragraph at lines 1129--1129
 []|\EU1/FiraCode(1)/m/n/17.28 X::Syntax::Variable::Numeric| 
 []


Overfull \hbox (181.28427pt too wide) in paragraph at lines 1134--1134
 []|\EU1/FiraCode(1)/m/n/17.28 X::Syntax::Variable::Twigil| 
 []


Overfull \hbox (15.39629pt too wide) in paragraph at lines 1139--1139
 []|\EU1/FiraCode(1)/m/n/17.28 X::Temporal| 
 []


Overfull \hbox (170.91626pt too wide) in paragraph at lines 1144--1144
 []|\EU1/FiraCode(1)/m/n/17.28 X::Temporal::InvalidFormat| 
 []


Overfull \hbox (25.7643pt too wide) in paragraph at lines 1149--1149
 []|\EU1/FiraCode(1)/m/n/17.28 X::TypeCheck| 
 []


Overfull \hbox (150.18028pt too wide) in paragraph at lines 1154--1154
 []|\EU1/FiraCode(1)/m/n/17.28 X::TypeCheck::Assignment| 
 []


Overfull \hbox (119.07628pt too wide) in paragraph at lines 1159--1159
 []|\EU1/FiraCode(1)/m/n/17.28 X::TypeCheck::Binding| 
 []


Overfull \hbox (108.70828pt too wide) in paragraph at lines 1164--1164
 []|\EU1/FiraCode(1)/m/n/17.28 X::TypeCheck::Return| 
 []


Overfull \hbox (108.70828pt too wide) in paragraph at lines 1169--1169
 []|\EU1/FiraCode(1)/m/n/17.28 X::TypeCheck::Splice| 
 []


Overfull \hbox (36.13228pt too wide) in paragraph at lines 1174--1174
 []|\EU1/FiraCode(1)/m/n/17.28 X::Undeclared| 
 []

[42] [43] [44] [45] [46] [47] [48] [49] [50]
Underfull \vbox (badness 10000) detected at line 1223
 []

[51] [52] [53]
Package atveryend Info: Empty hook `BeforeClearDocument' on input line 1277.
[54]
Package atveryend Info: Empty hook `AfterLastShipout' on input line 1277.
(./Project_Part_4.aux)
Package atveryend Info: Empty hook `AtVeryEndDocument' on input line 1277.
Package atveryend Info: Empty hook `AtEndAfterFileList' on input line 1277.
Package atveryend Info: Empty hook `AtVeryVeryEnd' on input line 1277.
 ) 
Here is how much of TeX's memory you used:
 23436 strings out of 493589
 417189 string characters out of 6148788
 462868 words of memory out of 5000000
 26665 multiletter control sequences out of 15000+600000
 8798 words of font info for 62 fonts, out of 8000000 for 9000
 1347 hyphenation exceptions out of 8191
 46i,6n,68p,10410b,441s stack positions out of 5000i,500n,10000p,200000b,80000s

Output written on Project_Part_4.pdf (54 pages).
