Opening WARC file ‘wget-20171130214128511254856_2d303530300aafd3817921464aa19223c7f07c0c94ea-00000.warc.gz’.

Cannot open cookies file ‘cookies.txt’: No such file or directory
The name is too long, 276 chars total.
Trying to shorten...
New name is light-glowing-ring-round-glass-isolated-stone-clear-gift-money-blue-object-black-jewelry-sparkle-jewellery-art-background-luxury-bright-gem-rich-crystal-diamond-brilliant-shape-treasure-gemstone-mineral-sapphire-solid-nobody-wealth-face.
--2017-11-30 21:41:28--  https://get.pxhere.com/photo/light-glowing-ring-round-glass-isolated-stone-clear-gift-money-blue-object-black-jewelry-sparkle-jewellery-art-background-luxury-bright-gem-rich-crystal-diamond-brilliant-shape-treasure-gemstone-mineral-sapphire-solid-nobody-wealth-facet-precious-fashion-accessory-1105719.jpg
Resolving get.pxhere.com (get.pxhere.com)... 66.90.93.27
Connecting to get.pxhere.com (get.pxhere.com)|66.90.93.27|:443... connected.
HTTP request sent, awaiting response... 200 OK
Length: 194124 (190K) [image/jpeg]
Saving to: ‘get.pxhere.com/photo/light-glowing-ring-round-glass-isolated-stone-clear-gift-money-blue-object-black-jewelry-sparkle-jewellery-art-background-luxury-bright-gem-rich-crystal-diamond-brilliant-shape-treasure-gemstone-mineral-sapphire-solid-nobody-wealth-face’

     0K .......... .......... .......... .......... .......... 26% 52.4K 3s
    50K .......... .......... .......... .......... .......... 52% 47.2K 2s
   100K .......... .......... .......... .......... .......... 79% 75.6K 1s
   150K .......... .......... .......... .........            100% 61.5K=3.3s

2017-11-30 21:41:36 (57.1 KB/s) - ‘get.pxhere.com/photo/light-glowing-ring-round-glass-isolated-stone-clear-gift-money-blue-object-black-jewelry-sparkle-jewellery-art-background-luxury-bright-gem-rich-crystal-diamond-brilliant-shape-treasure-gemstone-mineral-sapphire-solid-nobody-wealth-face’ saved [194124/194124]

--2017-11-30 21:41:36--  https://pxhere.com/en/photo/1105719
Resolving pxhere.com (pxhere.com)... 66.90.93.27
Connecting to pxhere.com (pxhere.com)|66.90.93.27|:443... connected.
HTTP request sent, awaiting response... 200 OK
Length: unspecified [text/html]
Saving to: ‘pxhere.com/en/photo/1105719.html’

     0K .......... .......... .......... .......... ..........  193K
    50K .......... ..........                                  3.50M=0.3s

2017-11-30 21:41:37 (266 KB/s) - ‘pxhere.com/en/photo/1105719.html’ saved [72324]

--2017-11-30 21:41:37--  https://pxhere.com/favicon.ico
Reusing existing connection to pxhere.com:443.
HTTP request sent, awaiting response... 200 OK
Length: 4286 (4.2K) [image/x-icon]
Saving to: ‘pxhere.com/favicon.ico’

     0K ....                                                  100%  797M=0s

2017-11-30 21:41:38 (797 MB/s) - ‘pxhere.com/favicon.ico’ saved [4286/4286]

--2017-11-30 21:41:38--  https://s.pxhere.com/media/css/hub.css?v=28
Resolving s.pxhere.com (s.pxhere.com)... 198.255.76.242, 198.255.17.243, 198.255.17.242
Connecting to s.pxhere.com (s.pxhere.com)|198.255.76.242|:443... connected.
HTTP request sent, awaiting response... 200 OK
Length: 60991 (60K) [text/css]
Saving to: ‘s.pxhere.com/media/css/hub.css?v=28.css’

     0K .......... .......... .......... .......... .......... 83% 94.0K 0s
    50K .........                                             100%  118M=0.5s

2017-11-30 21:41:39 (112 KB/s) - ‘s.pxhere.com/media/css/hub.css?v=28.css’ saved [60991/60991]

--2017-11-30 21:41:39--  https://pagead2.googlesyndication.com/pagead/js/adsbygoogle.js
Resolving pagead2.googlesyndication.com (pagead2.googlesyndication.com)... 172.217.6.194, 2607:f8b0:4006:818::2002
Connecting to pagead2.googlesyndication.com (pagead2.googlesyndication.com)|172.217.6.194|:443... connected.
HTTP request sent, awaiting response... 200 OK
Length: unspecified [text/javascript]
Saving to: ‘pagead2.googlesyndication.com/pagead/js/adsbygoogle.js’

     0K .......... .......... .......... .......... ..........  152K
    50K .......... ......                                       486K=0.4s

2017-11-30 21:41:41 (182 KB/s) - ‘pagead2.googlesyndication.com/pagead/js/adsbygoogle.js’ saved [67717]

--2017-11-30 21:41:41--  https://s.pxhere.com/media/topic/1/new.png?v=28
Connecting to s.pxhere.com (s.pxhere.com)|198.255.76.242|:443... connected.
HTTP request sent, awaiting response... 200 OK
Length: 1530 (1.5K) [image/png]
Saving to: ‘s.pxhere.com/media/topic/1/new.png?v=28’

     0K .                                                     100%  454M=0s

2017-11-30 21:41:41 (454 MB/s) - ‘s.pxhere.com/media/topic/1/new.png?v=28’ saved [1530/1530]

--2017-11-30 21:41:41--  https://c.pxhere.com/photos/55/45/diamond_black_rich_brilliant_crystal_background_gem_object-1105719.jpg!d
Resolving c.pxhere.com (c.pxhere.com)... 198.255.76.242
Connecting to c.pxhere.com (c.pxhere.com)|198.255.76.242|:443... connected.
HTTP request sent, awaiting response... 200 OK
Length: 82829 (81K) [image/jpeg]
Saving to: ‘c.pxhere.com/photos/55/45/diamond_black_rich_brilliant_crystal_background_gem_object-1105719.jpg!d’

     0K .......... .......... .......... .......... .......... 61% 1.40M 0s
    50K .......... .......... ..........                      100% 2.31M=0.05s

2017-11-30 21:41:43 (1.65 MB/s) - ‘c.pxhere.com/photos/55/45/diamond_black_rich_brilliant_crystal_background_gem_object-1105719.jpg!d’ saved [82829/82829]

--2017-11-30 21:41:43--  https://c.pxhere.com/avatar0/avatar001.png!as
Reusing existing connection to c.pxhere.com:443.
HTTP request sent, awaiting response... 200 OK
Length: 7730 (7.5K) [image/png]
Saving to: ‘c.pxhere.com/avatar0/avatar001.png!as’

     0K .......                                               100% 1.67G=0s

2017-11-30 21:41:44 (1.67 GB/s) - ‘c.pxhere.com/avatar0/avatar001.png!as’ saved [7730/7730]

--2017-11-30 21:41:44--  https://c.pxhere.com/photos/70/42/diamond_black_rich_brilliant_crystal_background_gem_object-1105723.jpg!d
Reusing existing connection to c.pxhere.com:443.
HTTP request sent, awaiting response... 200 OK
Length: 73261 (72K) [image/jpeg]
Saving to: ‘c.pxhere.com/photos/70/42/diamond_black_rich_brilliant_crystal_background_gem_object-1105723.jpg!d’

     0K .......... .......... .......... .......... .......... 69%  189K 0s
    50K .......... .......... .                               100%  324K=0.3s

2017-11-30 21:41:44 (216 KB/s) - ‘c.pxhere.com/photos/70/42/diamond_black_rich_brilliant_crystal_background_gem_object-1105723.jpg!d’ saved [73261/73261]

--2017-11-30 21:41:44--  https://c.pxhere.com/photos/8e/e8/diamond_black_rich_brilliant_crystal_background_gem_object-977569.jpg!d
Reusing existing connection to c.pxhere.com:443.
HTTP request sent, awaiting response... 200 OK
Length: 102716 (100K) [image/jpeg]
Saving to: ‘c.pxhere.com/photos/8e/e8/diamond_black_rich_brilliant_crystal_background_gem_object-977569.jpg!d’

     0K .......... .......... .......... .......... .......... 49% 35.8K 1s
    50K .......... .......... .......... .......... .......... 99% 28.5K 0s
   100K                                                       100%  589G=3.1s

2017-11-30 21:41:47 (31.9 KB/s) - ‘c.pxhere.com/photos/8e/e8/diamond_black_rich_brilliant_crystal_background_gem_object-977569.jpg!d’ saved [102716/102716]

--2017-11-30 21:41:47--  https://c.pxhere.com/photos/98/6c/diamond_blue_shine_clear_stone_expensive_white_sparkle-977981.jpg!d
Reusing existing connection to c.pxhere.com:443.
HTTP request sent, awaiting response... 200 OK
Length: 87195 (85K) [image/jpeg]
Saving to: ‘c.pxhere.com/photos/98/6c/diamond_blue_shine_clear_stone_expensive_white_sparkle-977981.jpg!d’

     0K .......... .......... .......... .......... .......... 58% 23.3K 2s
    50K .......... .......... .......... .....                100% 60.8K=2.7s

2017-11-30 21:41:51 (31.3 KB/s) - ‘c.pxhere.com/photos/98/6c/diamond_blue_shine_clear_stone_expensive_white_sparkle-977981.jpg!d’ saved [87195/87195]

--2017-11-30 21:41:51--  https://c.pxhere.com/photos/e6/a1/glass_piece_broken_crystallized_artistic_clean_cracks_material-599837.jpg!d
Reusing existing connection to c.pxhere.com:443.
HTTP request sent, awaiting response... 200 OK
Length: 98861 (97K) [image/jpeg]
Saving to: ‘c.pxhere.com/photos/e6/a1/glass_piece_broken_crystallized_artistic_clean_cracks_material-599837.jpg!d’

     0K .......... .......... .......... .......... .......... 51% 82.8K 1s
    50K .......... .......... .......... .......... ......    100%  196K=0.8s

2017-11-30 21:41:53 (115 KB/s) - ‘c.pxhere.com/photos/e6/a1/glass_piece_broken_crystallized_artistic_clean_cracks_material-599837.jpg!d’ saved [98861/98861]

--2017-11-30 21:41:53--  https://c.pxhere.com/photos/43/78/gemstones_ruby_emerald_sapphire_luxury_precious_topaz_bright-595788.jpg!d
Reusing existing connection to c.pxhere.com:443.
HTTP request sent, awaiting response... 200 OK
Length: 149138 (146K) [image/jpeg]
Saving to: ‘c.pxhere.com/photos/43/78/gemstones_ruby_emerald_sapphire_luxury_precious_topaz_bright-595788.jpg!d’

     0K .......... .......... .......... .......... .......... 34%  554K 0s
    50K .......... .......... .......... .......... .......... 68% 93.0K 0s
   100K .......... .......... .......... .......... .....     100%  188K=0.9s

2017-11-30 21:41:54 (167 KB/s) - ‘c.pxhere.com/photos/43/78/gemstones_ruby_emerald_sapphire_luxury_precious_topaz_bright-595788.jpg!d’ saved [149138/149138]

--2017-11-30 21:41:54--  https://c.pxhere.com/photos/be/dc/marvels_balls_red_crystal_glass_bright_transparent_light-1235099.jpg!d
Reusing existing connection to c.pxhere.com:443.
HTTP request sent, awaiting response... 200 OK
Length: 334923 (327K) [image/jpeg]
Saving to: ‘c.pxhere.com/photos/be/dc/marvels_balls_red_crystal_glass_bright_transparent_light-1235099.jpg!d’

     0K .......... .......... .......... .......... .......... 15%  296K 1s
    50K .......... .......... .......... .......... .......... 30%  210K 1s
   100K .......... .......... .......... .......... .......... 45% 98.5K 1s
   150K .......... .......... .......... .......... .......... 61% 44.1K 1s
   200K .......... .......... .......... .......... .......... 76% 62.6K 1s
   250K .......... .......... .......... .......... .......... 91% 55.5K 0s
   300K .......... .......... .......                         100% 75.2K=4.1s

2017-11-30 21:41:58 (79.6 KB/s) - ‘c.pxhere.com/photos/be/dc/marvels_balls_red_crystal_glass_bright_transparent_light-1235099.jpg!d’ saved [334923/334923]

--2017-11-30 21:41:58--  https://c.pxhere.com/photos/bb/87/diamond_opal_gem_jewelry_luxury_crystal_jewel_precious-900742.jpg!d
Reusing existing connection to c.pxhere.com:443.
HTTP request sent, awaiting response... 200 OK
Length: 102607 (100K) [image/jpeg]
Saving to: ‘c.pxhere.com/photos/bb/87/diamond_opal_gem_jewelry_luxury_crystal_jewel_precious-900742.jpg!d’

     0K .......... .......... .......... .......... .......... 49% 26.7K 2s
    50K .......... .......... .......... .......... .......... 99% 10.7K 0s
   100K                                                       100%  386G=6.5s

2017-11-30 21:42:06 (15.3 KB/s) - ‘c.pxhere.com/photos/bb/87/diamond_opal_gem_jewelry_luxury_crystal_jewel_precious-900742.jpg!d’ saved [102607/102607]

--2017-11-30 21:42:06--  https://c.pxhere.com/photos/f2/dd/mother's_day_mom_mother_may_heart_red_crystal_glass-1235093.jpg!d
Reusing existing connection to c.pxhere.com:443.
HTTP request sent, awaiting response... 200 OK
Length: 130798 (128K) [image/jpeg]
Saving to: ‘c.pxhere.com/photos/f2/dd/mother's_day_mom_mother_may_heart_red_crystal_glass-1235093.jpg!d’

     0K .......... .......... .......... .......... .......... 39% 86.9K 1s
    50K .......... .......... .......... .......... .......... 78%  123K 0s
   100K .......... .......... .......                         100% 63.0K=1.4s

2017-11-30 21:42:08 (89.8 KB/s) - ‘c.pxhere.com/photos/f2/dd/mother's_day_mom_mother_may_heart_red_crystal_glass-1235093.jpg!d’ saved [130798/130798]

--2017-11-30 21:42:08--  https://s.pxhere.com/media/js/base.js?v=28
Connecting to s.pxhere.com (s.pxhere.com)|198.255.76.242|:443... connected.
HTTP request sent, awaiting response... 200 OK
Length: 176755 (173K) [application/javascript]
Saving to: ‘s.pxhere.com/media/js/base.js?v=28’

     0K .......... .......... .......... .......... .......... 28% 18.9M 0s
    50K .......... .......... .......... .......... .......... 57% 90.7K 0s
   100K .......... .......... .......... .......... .......... 86%  111K 0s
   150K .......... .......... ..                              100%  391K=1.1s

2017-11-30 21:42:11 (162 KB/s) - ‘s.pxhere.com/media/js/base.js?v=28’ saved [176755/176755]

--2017-11-30 21:42:11--  https://s.pxhere.com/media/js/common.js?v=28
Reusing existing connection to s.pxhere.com:443.
HTTP request sent, awaiting response... 200 OK
Length: 21715 (21K) [application/javascript]
Saving to: ‘s.pxhere.com/media/js/common.js?v=28’

     0K .......... .......... .                               100%  232M=0s

2017-11-30 21:42:11 (232 MB/s) - ‘s.pxhere.com/media/js/common.js?v=28’ saved [21715/21715]

--2017-11-30 21:42:11--  https://s.pxhere.com/media/fonts/proximanovahub.eot?v=002
Reusing existing connection to s.pxhere.com:443.
HTTP request sent, awaiting response... 200 OK
Length: 21930 (21K) [application/vnd.ms-fontobject]
Saving to: ‘s.pxhere.com/media/fonts/proximanovahub.eot?v=002’

     0K .......... .......... .                               100%  909K=0.02s

2017-11-30 21:42:12 (909 KB/s) - ‘s.pxhere.com/media/fonts/proximanovahub.eot?v=002’ saved [21930/21930]

--2017-11-30 21:42:12--  https://s.pxhere.com/media/fonts/proximanovahub.woff?v=002
Reusing existing connection to s.pxhere.com:443.
HTTP request sent, awaiting response... 200 OK
Length: 25092 (25K) [application/font-woff]
Saving to: ‘s.pxhere.com/media/fonts/proximanovahub.woff?v=002’

     0K .......... .......... ....                            100% 1.13M=0.02s

2017-11-30 21:42:12 (1.13 MB/s) - ‘s.pxhere.com/media/fonts/proximanovahub.woff?v=002’ saved [25092/25092]

--2017-11-30 21:42:12--  https://s.pxhere.com/media/fonts/proximanovahub.woff2?v=002
Reusing existing connection to s.pxhere.com:443.
HTTP request sent, awaiting response... 200 OK
Length: 19536 (19K) [application/octet-stream]
Saving to: ‘s.pxhere.com/media/fonts/proximanovahub.woff2?v=002’

     0K .......... .........                                  100%  892K=0.02s

2017-11-30 21:42:12 (892 KB/s) - ‘s.pxhere.com/media/fonts/proximanovahub.woff2?v=002’ saved [19536/19536]

--2017-11-30 21:42:12--  https://s.pxhere.com/media/fonts/proximanovahub.ttf?v=002
Reusing existing connection to s.pxhere.com:443.
HTTP request sent, awaiting response... 200 OK
Length: 51712 (50K) [application/octet-stream]
Saving to: ‘s.pxhere.com/media/fonts/proximanovahub.ttf?v=002’

     0K .......... .......... .......... .......... .......... 99% 1.02M 0s
    50K                                                       100%  954G=0.05s

2017-11-30 21:42:12 (1.03 MB/s) - ‘s.pxhere.com/media/fonts/proximanovahub.ttf?v=002’ saved [51712/51712]

--2017-11-30 21:42:12--  https://s.pxhere.com/media/fonts/proximanovahub.svg?v=002
Reusing existing connection to s.pxhere.com:443.
HTTP request sent, awaiting response... 200 OK
Length: 78307 (76K) [image/svg+xml]
Saving to: ‘s.pxhere.com/media/fonts/proximanovahub.svg?v=002’

     0K .......... .......... .......... .......... .......... 65%  322K 0s
    50K .......... .......... ......                          100%  520K=0.2s

2017-11-30 21:42:13 (371 KB/s) - ‘s.pxhere.com/media/fonts/proximanovahub.svg?v=002’ saved [78307/78307]

--2017-11-30 21:42:13--  https://s.pxhere.com/media/fonts/iconfont.eot?v=002
Reusing existing connection to s.pxhere.com:443.
HTTP request sent, awaiting response... 200 OK
Length: 32816 (32K) [application/vnd.ms-fontobject]
Saving to: ‘s.pxhere.com/media/fonts/iconfont.eot?v=002’

     0K .......... .......... .......... ..                   100%  410K=0.08s

2017-11-30 21:42:13 (410 KB/s) - ‘s.pxhere.com/media/fonts/iconfont.eot?v=002’ saved [32816/32816]

--2017-11-30 21:42:13--  https://s.pxhere.com/media/fonts/iconfont.woff?v=002
Reusing existing connection to s.pxhere.com:443.
HTTP request sent, awaiting response... 200 OK
Length: 21664 (21K) [application/font-woff]
Saving to: ‘s.pxhere.com/media/fonts/iconfont.woff?v=002’

     0K .......... .......... .                               100%  327K=0.06s

2017-11-30 21:42:13 (327 KB/s) - ‘s.pxhere.com/media/fonts/iconfont.woff?v=002’ saved [21664/21664]

--2017-11-30 21:42:13--  https://s.pxhere.com/media/fonts/iconfont.ttf?v=002
Reusing existing connection to s.pxhere.com:443.
HTTP request sent, awaiting response... 200 OK
Length: 32648 (32K) [application/octet-stream]
Saving to: ‘s.pxhere.com/media/fonts/iconfont.ttf?v=002’

     0K .......... .......... .......... .                    100%  738K=0.04s

2017-11-30 21:42:14 (738 KB/s) - ‘s.pxhere.com/media/fonts/iconfont.ttf?v=002’ saved [32648/32648]

--2017-11-30 21:42:14--  https://s.pxhere.com/media/fonts/iconfont.svg?v=002
Reusing existing connection to s.pxhere.com:443.
HTTP request sent, awaiting response... 200 OK
Length: 183821 (180K) [image/svg+xml]
Saving to: ‘s.pxhere.com/media/fonts/iconfont.svg?v=002’

     0K .......... .......... .......... .......... .......... 27%  120K 1s
    50K .......... .......... .......... .......... .......... 55% 34.0K 2s
   100K .......... .......... .......... .......... .......... 83% 10.9K 1s
   150K .......... .......... .........                       100% 93.1K=6.8s

2017-11-30 21:42:21 (26.5 KB/s) - ‘s.pxhere.com/media/fonts/iconfont.svg?v=002’ saved [183821/183821]

--2017-11-30 21:42:21--  https://s.pxhere.com/media/images/logo.png
Reusing existing connection to s.pxhere.com:443.
HTTP request sent, awaiting response... 200 OK
Length: 718 [image/png]
Saving to: ‘s.pxhere.com/media/images/logo.png’

     0K                                                       100%  176M=0s

2017-11-30 21:42:21 (176 MB/s) - ‘s.pxhere.com/media/images/logo.png’ saved [718/718]

--2017-11-30 21:42:21--  https://s.pxhere.com/media/images/biglogo.png
Reusing existing connection to s.pxhere.com:443.
HTTP request sent, awaiting response... 200 OK
Length: 1351 (1.3K) [image/png]
Saving to: ‘s.pxhere.com/media/images/biglogo.png’

     0K .                                                     100% 87.1M=0s

2017-11-30 21:42:21 (87.1 MB/s) - ‘s.pxhere.com/media/images/biglogo.png’ saved [1351/1351]

--2017-11-30 21:42:21--  https://s.pxhere.com/media/images/social_icons.svg
Reusing existing connection to s.pxhere.com:443.
HTTP request sent, awaiting response... 200 OK
Length: 15808 (15K) [image/svg+xml]
Saving to: ‘s.pxhere.com/media/images/social_icons.svg’

     0K .......... .....                                      100%  194M=0s

2017-11-30 21:42:22 (194 MB/s) - ‘s.pxhere.com/media/images/social_icons.svg’ saved [15808/15808]

--2017-11-30 21:42:22--  https://s.pxhere.com/media/images/adv/newsletter.png
Reusing existing connection to s.pxhere.com:443.
HTTP request sent, awaiting response... 200 OK
Length: 167758 (164K) [image/png]
Saving to: ‘s.pxhere.com/media/images/adv/newsletter.png’

     0K .......... .......... .......... .......... .......... 30%  334K 0s
    50K .......... .......... .......... .......... .......... 61%  130K 0s
   100K .......... .......... .......... .......... .......... 91%  107K 0s
   150K .......... ...                                        100% 31.0K=1.4s

2017-11-30 21:42:23 (113 KB/s) - ‘s.pxhere.com/media/images/adv/newsletter.png’ saved [167758/167758]

FINISHED --2017-11-30 21:42:23--
Total wall clock time: 55s
Downloaded: 31 files, 2.3M in 34s (68.9 KB/s)
Converting links in pxhere.com/en/photo/1105719.html... 29-157
Converting links in s.pxhere.com/media/css/hub.css?v=28.css... 15-0
Converted links in 2 files in 0.003 seconds.
Opening WARC file ‘wget-20171130214128511254856_2d303530300aafd3817921464aa19223c7f07c0c94ea-meta.warc.gz’.

