[0x000022ec] | Undefined            | INFO  | 2017-09-28 01:33:54,276 | --------------------------------------------------------------------------------
[0x000022ec] | Undefined            | INFO  | 2017-09-28 01:33:54,276 | Loaded log config from C:\ProgramData\Blackmagic Design\DaVinci Resolve\Preferences\log-conf.xml
[0x000022ec] | Undefined            | INFO  | 2017-09-28 01:33:54,276 | --------------------------------------------------------------------------------
[0x000022ec] | Main                 | INFO  | 2017-09-28 01:33:54,279 | Resolve Module Handle 00007FF6C2E40000
[0x000022ec] | Main                 | INFO  | 2017-09-28 01:33:56,924 | Updating display GPU information...
[0x000022ec] | Main                 | INFO  | 2017-09-28 01:33:57,044 | Found correct name from registry for device : I, provider Intel Corporation
[0x000022ec] | Main                 | INFO  | 2017-09-28 01:33:57,044 | Found Intel Device: Intel(R) Iris(TM) Graphics 540
[0x000022ec] | Main                 | INFO  | 2017-09-28 01:33:57,045 | GPU Intel(R) Iris(TM) Graphics 540 is used for display
[0x000022ec] | Main                 | INFO  | 2017-09-28 01:33:58,684 | GPUs detected: 1 integrated, 0 discrete, 1 OpenCL.Graphics interop capable.
[0x000022ec] | Main                 | INFO  | 2017-09-28 01:33:58,684 | Detected uptime 671s
[0x000022ec] | Main                 | INFO  | 2017-09-28 01:33:58,684 | GPU Name = 'Intel(R) Iris(TM) Graphics 540', Main display = 1
[0x000022ec] | Main                 | INFO  | 2017-09-28 01:33:58,684 | Only 1 Intel display GPU found. Using OPENCL for processing.
[0x000022ec] | Main                 | INFO  | 2017-09-28 01:33:58,684 | Setting LsManager.3.NumGPUs = 1
[0x000022ec] | Main                 | INFO  | 2017-09-28 01:33:58,685 | Setting LsManager.3.DisplayGPUName = Intel(R) Iris(TM) Graphics 540
[0x000022ec] | Main                 | INFO  | 2017-09-28 01:33:58,685 | Setting LsManager.3.DisplayGPUIndex = 0
[0x000022ec] | IO                   | INFO  | 2017-09-28 01:33:58,685 | RED InitializeSdk with library path at C:\ProgramData\Blackmagic Design\DaVinci Resolve\Support\Libraries
[0x000022ec] | IO                   | INFO  | 2017-09-28 01:33:58,815 | Red SDK init is successful
[0x000022ec] | Main                 | INFO  | 2017-09-28 01:33:58,815 | 0 RED rocket cards available
[0x000022ec] | Main                 | INFO  | 2017-09-28 01:33:58,815 | Setting Local.DtManager.1.Red.Threads = 0
[0x000022ec] | Main                 | INFO  | 2017-09-28 01:33:58,829 | Decklink model name: '', version: ''
[0x000022ec] | Main                 | INFO  | 2017-09-28 01:33:58,831 | Installed custom font: Open Sans
[0x000022ec] | Main                 | INFO  | 2017-09-28 01:33:58,832 | Installed custom font: Open Sans Semibold
[0x000022ec] | Main                 | INFO  | 2017-09-28 01:33:59,014 | Finished loading Application style sheet
[0x000022ec] | SyManager.MediaStorage | INFO  | 2017-09-28 01:33:59,260 | Creating default fsbookmarklist file: C:\ProgramData\Blackmagic Design\DaVinci Resolve\Preferences\fsbookmarklist.conf
[0x000033dc] | LeManager            | INFO  | 2017-09-28 01:33:59,434 | 521, 38
[0x000022ec] | BtCommon             | INFO  | 2017-09-28 01:34:00,374 | Memory config: reserved=4000M pinned=3000M log=0
[0x000022ec] | BtCommon             | INFO  | 2017-09-28 01:34:00,374 | Using default pooled memory manager
[0x000022ec] | BtCommon             | INFO  | 2017-09-28 01:34:00,565 | Starting Daemon: C:/Program Files/Blackmagic Design/DaVinci Resolve/DPDecoder.exe
[0x000022ec] | BtCommon             | INFO  | 2017-09-28 01:34:00,675 | Starting Daemon: C:/Program Files/Blackmagic Design/DaVinci Resolve/DPDecoder.exe
[0x000022ec] | BtCommon             | INFO  | 2017-09-28 01:34:00,726 | Starting Daemon: C:/Program Files/Blackmagic Design/DaVinci Resolve/DPDecoder.exe
[0x000022ec] | BtCommon             | INFO  | 2017-09-28 01:34:00,782 | Starting Daemon: C:/Program Files/Blackmagic Design/DaVinci Resolve/DPDecoder.exe
[0x000022ec] | BtCommon             | INFO  | 2017-09-28 01:34:00,867 | Starting Daemon: C:/Program Files/Blackmagic Design/DaVinci Resolve/DPDecoder.exe
[0x000022ec] | BtCommon             | INFO  | 2017-09-28 01:34:00,951 | Starting Daemon: C:/Program Files/Blackmagic Design/DaVinci Resolve/DPDecoder.exe
[0x000022ec] | BtCommon             | INFO  | 2017-09-28 01:34:01,027 | Starting Daemon: C:/Program Files/Blackmagic Design/DaVinci Resolve/DPDecoder.exe
[0x000022ec] | BtCommon             | INFO  | 2017-09-28 01:34:01,086 | Starting Daemon: C:/Program Files/Blackmagic Design/DaVinci Resolve/DPDecoder.exe
[0x000022ec] | SyManager            | INFO  | 2017-09-28 01:34:01,172 | Total: 20, NumDtThreads: 8, NumComms: 0, NumSites: 1

[0x000022ec] | SyManager            | INFO  | 2017-09-28 01:34:01,172 | Lookaheads -> playback = 20, record = 20, stop = 2

[0x00002054] | GsManager            | INFO  | 2017-09-28 01:34:01,179 | Gs Processor Thread ----- (-406715552)

[0x000022ec] | DtManager            | INFO  | 2017-09-28 01:34:01,183 | Using 8 generic IO threads
[0x000022ec] | DtManager            | INFO  | 2017-09-28 01:34:01,183 | Total of 16 IO threads (including 8 generic and 8 Red decode threads)
[0x00002048] | DtManager            | INFO  | 2017-09-28 01:34:01,184 | Dt Data Handler Thread Started
[0x00002044] | DtManager            | INFO  | 2017-09-28 01:34:01,186 | Dt Worker Thread Started
[0x00002050] | DtManager            | INFO  | 2017-09-28 01:34:01,187 | Dt Worker Thread Started
[0x00002020] | DtManager            | INFO  | 2017-09-28 01:34:01,188 | Dt Worker Thread Started
[0x0000202c] | DtManager            | INFO  | 2017-09-28 01:34:01,188 | Dt Worker Thread Started
[0x00002038] | DtManager            | INFO  | 2017-09-28 01:34:01,188 | Dt Worker Thread Started
[0x00002068] | DtManager            | INFO  | 2017-09-28 01:34:01,188 | Dt Worker Thread Started
[0x00003108] | DtManager            | INFO  | 2017-09-28 01:34:01,189 | Dt Worker Thread Started
[0x0000206c] | DtManager            | INFO  | 2017-09-28 01:34:01,189 | Dt Worker Thread Started
[0x00002014] | DtManager            | INFO  | 2017-09-28 01:34:01,190 | Dt Worker Thread Started
[0x00001b14] | DtManager            | INFO  | 2017-09-28 01:34:01,190 | Dt Worker Thread Started
[0x00003090] | DtManager            | INFO  | 2017-09-28 01:34:01,191 | Dt Worker Thread Started
[0x00002748] | DtManager            | INFO  | 2017-09-28 01:34:01,191 | Dt Worker Thread Started
[0x00000f94] | DtManager            | INFO  | 2017-09-28 01:34:01,192 | Dt Worker Thread Started
[0x0000201c] | DtManager            | INFO  | 2017-09-28 01:34:01,193 | Dt Worker Thread Started
[0x00002060] | DtManager            | INFO  | 2017-09-28 01:34:01,195 | Dt Worker Thread Started
[0x00002028] | DtManager            | INFO  | 2017-09-28 01:34:01,197 | Dt Worker Thread Started
[0x00001cc4] | DtManager            | INFO  | 2017-09-28 01:34:01,198 | Dt Worker Thread Started
[0x00001e94] | GPUManager           | INFO  | 2017-09-28 01:34:01,206 | Let There Be OpenCL Light!
[0x00001e94] | GPUManager           | INFO  | 2017-09-28 01:34:01,207 | Start detecting OpenCL boards
[0x00001e94] | GPUManager           | INFO  | 2017-09-28 01:34:01,207 | Found qualified OpenCL board 0: platform - Intel(R) OpenCL, vendor - Intel(R) Corporation, device name - Intel(R) Iris(TM) Graphics 540 id - 00000264DE374A60, global memory size (MB) - 6496, local memory size (KB) - 64, max global memory alloc size (MB) - 2047
[0x00001e94] | GPUManager           | INFO  | 2017-09-28 01:34:01,207 | Skipping unsupported device Intel(R) Core(TM) i7-6560U CPU @ 2.20GHz
[0x00001e94] | GPUManager           | INFO  | 2017-09-28 01:34:01,208 | 1 OpenCL boards detected
[0x000022ec] | DbCommon2            | INFO  | 2017-09-28 01:34:01,208 | Creating default dblist file: C:\ProgramData\Blackmagic Design\DaVinci Resolve\Preferences\dblist.conf
[0x000010cc] | GPUManager           | INFO  | 2017-09-28 01:34:01,211 | Initializing GPU board 0 with context thread 0
[0x000010cc] | UI.GLInterOp         | INFO  | 2017-09-28 01:34:01,211 | Waiting for shared OpenGL context to be set.
[0x000022ec] | DbCommon2            | INFO  | 2017-09-28 01:34:01,215 | Loading dblist file: C:\ProgramData\Blackmagic Design\DaVinci Resolve\Preferences\dblist.conf
[0x000022ec] | Main                 | INFO  | 2017-09-28 01:34:01,217 | Running DaVinci Resolve v14.0.0.078 (Windows)
[0x000022ec] | IO                   | INFO  | 2017-09-28 01:34:01,279 | Using DNxHR library v2.3.3.39r
[0x00002030] | SyManager            | ERROR | 2017-09-28 01:34:02,371 | socket failed to connect to server, error: 10061

[0x00002030] | SyManager            | ERROR | 2017-09-28 01:34:02,372 | DRIVER: panel connection failed
[0x00002030] | SyManager            | WARN  | 2017-09-28 01:34:02,374 | Failed to load user preferences.
[0x00002030] | SyManager            | ERROR | 2017-09-28 01:34:03,400 | socket failed to connect to server, error: 10061

[0x000022ec] | DVIP                 | INFO  | 2017-09-28 01:34:03,971 | DVIP Version : 1.0, Revision = 65521 (Release)
[0x000022ec] | Fairlight            | INFO  | 2017-09-28 01:34:05,098 | RtMidi Output Port #1: Microsoft GS Wavetable Synth 0
[0x000022ec] | UI.ActionConnector   | WARN  | 2017-09-28 01:34:12,814 | Missing ActionDefinition for fileEnableDisableCollaboration
[0x000022ec] | UI.ActionConnector   | WARN  | 2017-09-28 01:34:12,844 | Missing ActionDefinition for helpDeactivateLicense
[0x000022ec] | UI.ActionConnector   | WARN  | 2017-09-28 01:34:12,845 | Missing ActionDefinition for workspaceRemoteRendering
[0x000022ec] | DbCommon2            | INFO  | 2017-09-28 01:34:12,959 | Sm2SysIdEntry is not supported in disk database (xml) mode
[0x000022ec] | UI.KeyBindings       | WARN  | 2017-09-28 01:34:14,115 | Binding 'Alt+Shift+T' for unknown action fileCollaborationPublish
[0x000022ec] | UI.KeyBindings       | WARN  | 2017-09-28 01:34:14,115 | Binding 'Ctrl+Shift+T' for unknown action fileCollaborationPublishSelected
[0x000022ec] | UI.KeyBindings       | WARN  | 2017-09-28 01:34:14,115 | Binding 'Alt+Shift+U' for unknown action fileCollaborationUpdate
[0x000022ec] | UI.KeyBindings       | WARN  | 2017-09-28 01:34:14,116 | Binding 'Ctrl+Shift+U' for unknown action fileCollaborationUpdateSelected
[0x000022ec] | UI.KeyBindings       | WARN  | 2017-09-28 01:34:14,133 | Binding 'Ctrl+G' for unknown action workspaceRemoteGrading
[0x000022ec] | UI.KeyBindings       | WARN  | 2017-09-28 01:34:14,172 | :/Application/Keyboard/bindings-resolve9.txt: Key sequence Ctrl+Shift+, defined by viewStereoSwitchEyeLeft and editNudgeSwapEditReverse
[0x000022ec] | UI.KeyBindings       | WARN  | 2017-09-28 01:34:14,172 | :/Application/Keyboard/bindings-resolve9.txt: Key sequence Shift+C defined by trimSelectAudioEditPoint and clipShowCurveEditor
[0x000022ec] | UI.KeyBindings       | WARN  | 2017-09-28 01:34:14,172 | :/Application/Keyboard/bindings-resolve9.txt: Key sequence Ctrl+Shift+. defined by editNudgeSwapEditForward and viewStereoSwitchEyeRight
[0x000022ec] | UI.KeyBindings       | WARN  | 2017-09-28 01:34:14,174 | After merging custom hotkeys: Key sequence Up defined by controlClipPrev and fairlightActionsPanTracksUp
[0x000022ec] | UI.KeyBindings       | WARN  | 2017-09-28 01:34:14,174 | After merging custom hotkeys: Key sequence Down defined by fairlightActionsPanTracksDown and controlClipNext
[0x000022ec] | UI.KeyBindings       | WARN  | 2017-09-28 01:34:14,174 | After merging custom hotkeys: Key sequence Ctrl+Shift+, defined by viewStereoSwitchEyeLeft and editNudgeSwapEditReverse
[0x000022ec] | UI.KeyBindings       | WARN  | 2017-09-28 01:34:14,174 | After merging custom hotkeys: Key sequence Shift+C defined by trimSelectAudioEditPoint and clipShowCurveEditor
[0x000022ec] | UI.KeyBindings       | WARN  | 2017-09-28 01:34:14,174 | After merging custom hotkeys: Key sequence Ctrl+Shift+. defined by editNudgeSwapEditForward and viewStereoSwitchEyeRight
[0x000022ec] | UI.KeyBindings       | WARN  | 2017-09-28 01:34:14,175 | After merging custom hotkeys: Key sequence Left defined by controlStepReverse and fairlightActionsJumpLeft
[0x000022ec] | UI.KeyBindings       | WARN  | 2017-09-28 01:34:14,175 | After merging custom hotkeys: Key sequence Right defined by controlStepForward and fairlightActionsJumpRight
[0x000022ec] | UI                   | WARN  | 2017-09-28 01:34:14,989 | Failed to load media metadata preset list or the list is empty.
[0x000022ec] | UI                   | WARN  | 2017-09-28 01:34:15,001 | Failed to load media metadata preset list or the list is empty.
[0x000022ec] | UI                   | WARN  | 2017-09-28 01:34:15,342 | Failed to load media metadata preset list or the list is empty.
[0x000022ec] | UI                   | WARN  | 2017-09-28 01:34:15,357 | Failed to load media metadata preset list or the list is empty.
[0x000022ec] | UI.ActionConnector   | WARN  | 2017-09-28 01:34:15,448 | Missing ActionDefinition for trimSlidePlayheadToIn
[0x000022ec] | UI.ActionConnector   | WARN  | 2017-09-28 01:34:15,448 | Missing ActionDefinition for trimSlidePlayheadToOut
[0x000022ec] | UI                   | WARN  | 2017-09-28 01:34:15,643 | Failed to load media metadata preset list or the list is empty.
[0x000022ec] | UI                   | WARN  | 2017-09-28 01:34:15,656 | Failed to load media metadata preset list or the list is empty.
[0x000022ec] | UI.ActionConnector   | WARN  | 2017-09-28 01:34:15,792 | Missing ActionDefinition for workspaceRemoteGrading
[0x000022ec] | UI.ActionConnector   | WARN  | 2017-09-28 01:34:15,808 | Missing ActionDefinition for sessionDolbyVisionAnalyzeAllShots
[0x000022ec] | UI.ActionConnector   | WARN  | 2017-09-28 01:34:15,808 | Missing ActionDefinition for sessionDolbyVisionAnalyzeSelectedShots
[0x000022ec] | UI.ActionConnector   | WARN  | 2017-09-28 01:34:15,808 | Missing ActionDefinition for sessionDolbyVisionAnalyzeSelectedAndGroup
[0x000022ec] | UI.ActionConnector   | WARN  | 2017-09-28 01:34:15,809 | Missing ActionDefinition for sessionDolbyVisionAnalyzeCurrentFrame
[0x000022ec] | UI                   | INFO  | 2017-09-28 01:34:15,859 | Not creating special GL widget for screen 0
[0x000022ec] | UI.GLInterOp         | INFO  | 2017-09-28 01:34:15,861 | Creating interop OpenGL context.
[0x000022ec] | UI.GLInterOp         | INFO  | 2017-09-28 01:34:15,890 | Shared OpenGL context set.
[0x000010cc] | UI.GLInterOp         | INFO  | 2017-09-28 01:34:15,899 | Done waiting for OpenGL context, moving it to current thread.
[0x000022ec] | UI                   | ERROR | 2017-09-28 01:34:16,958 | Failed to find value '5242953' in combo-box
[0x000022ec] | UI.ActionConnector   | WARN  | 2017-09-28 01:34:17,293 | Missing ActionDefinition for copy
[0x000022ec] | UI.ActionConnector   | WARN  | 2017-09-28 01:34:17,293 | Missing ActionDefinition for cut
[0x000022ec] | UI.ActionConnector   | WARN  | 2017-09-28 01:34:17,294 | Missing ActionDefinition for paste
[0x000022ec] | UI.ActionConnector   | WARN  | 2017-09-28 01:34:17,295 | Missing ActionDefinition for markMarkerClearAll
[0x000022ec] | UI.ActionConnector   | WARN  | 2017-09-28 01:34:17,296 | Missing ActionDefinition for controlRewind
[0x000022ec] | UI.ActionConnector   | WARN  | 2017-09-28 01:34:17,296 | Missing ActionDefinition for controlSlowForward
[0x000022ec] | UI.ActionConnector   | WARN  | 2017-09-28 01:34:17,296 | Missing ActionDefinition for controlSlowReverse
[0x000022ec] | UI.ActionConnector   | WARN  | 2017-09-28 01:34:17,299 | Missing ActionDefinition for fairlightActionsPresetsLibrary
[0x000022ec] | UI.ActionConnector   | WARN  | 2017-09-28 01:34:17,300 | Missing ActionDefinition for fairlightActionsLinkGroup
[0x000022ec] | UI.ActionConnector   | WARN  | 2017-09-28 01:34:17,301 | Missing ActionDefinition for markSetRangeTypeUnion
[0x000022ec] | UI.ActionConnector   | WARN  | 2017-09-28 01:34:17,301 | Missing ActionDefinition for markSetRangeTypeIntersecting
[0x000010cc] | UI.GLInterOp         | INFO  | 2017-09-28 01:34:17,434 | Interop OpenCL setup done.
[0x000010cc] | GPUManager           | INFO  | 2017-09-28 01:34:17,435 | Setting channel cache size on GPU board 0 to 0
[0x000010cc] | GPUManager           | INFO  | 2017-09-28 01:34:17,435 | Board manager 0 on thread 0 initialization done on GPU Intel(R) Iris(TM) Graphics 540
[0x000010cc] | GPUManager           | INFO  | 2017-09-28 01:34:30,155 | Completed prebuild of basic OpenCL kernels in 12720 msec
[0x000010cc] | GPUManager           | INFO  | 2017-09-28 01:34:30,155 | Entering loop to wait for commands
[0x00001e94] | GPUManager           | INFO  | 2017-09-28 01:34:30,155 | Finished initializing OpenCL board 0 <Intel(R) Iris(TM) Graphics 540> on platform <Intel(R) OpenCL> clock rate <1050> multiprocessor count <48> global mem size (MB) 6496, available mem size (MB) 0, shared mem size (KB) 64, on SBM[0|0]
[0x00001e94] | GPUManager           | INFO  | 2017-09-28 01:34:30,155 | Hired OpenCL board 0 <Intel(R) Iris(TM) Graphics 540>
[0x00001e94] | GPUManager           | INFO  | 2017-09-28 01:34:30,161 | Let There Be OpenCL Light, Done!!
[0x000022ec] | IO                   | INFO  | 2017-09-28 01:34:30,165 | 0 RED rocket cards available
[0x000022ec] | UI                   | ERROR | 2017-09-28 01:34:30,654 | Failed to find value '0' in combo-box
[0x000022ec] | DbCommon2            | INFO  | 2017-09-28 01:34:38,791 | Initializing fresh database {5187b6d6-6362-4f7b-b480-16ea686bcf84}
[0x000022ec] | DbCommon2            | INFO  | 2017-09-28 01:34:39,269 | Finished upgrading database {5187b6d6-6362-4f7b-b480-16ea686bcf84} from <14.0.0.268> to <14.0.0.035>
[0x000022ec] | DbCommon2            | INFO  | 2017-09-28 01:34:39,356 | Initializing fresh database {ead219b6-eb2b-40f1-9eb6-90d4875c5053}
[0x000022ec] | DbCommon2            | INFO  | 2017-09-28 01:34:39,709 | Finished upgrading database {ead219b6-eb2b-40f1-9eb6-90d4875c5053} from <14.0.0.268> to <14.0.0.035>
[0x000022ec] | SyManager.Signals    | INFO  | 2017-09-28 01:34:40,055 | Current user pointer is changed
[0x000022ec] | UI                   | WARN  | 2017-09-28 01:34:40,058 | UI Persistence - no old persistent data found
[0x000022ec] | UI                   | ERROR | 2017-09-28 01:34:40,550 | Failed to find value '14' in combo-box
[0x000022ec] | UI                   | ERROR | 2017-09-28 01:34:40,564 | Failed to find value '-1' in combo-box
[0x000022ec] | UI.KeyBindings       | WARN  | 2017-09-28 01:34:40,746 | Binding 'Alt+Shift+T' for unknown action fileCollaborationPublish
[0x000022ec] | UI.KeyBindings       | WARN  | 2017-09-28 01:34:40,746 | Binding 'Ctrl+Shift+T' for unknown action fileCollaborationPublishSelected
[0x000022ec] | UI.KeyBindings       | WARN  | 2017-09-28 01:34:40,747 | Binding 'Alt+Shift+U' for unknown action fileCollaborationUpdate
[0x000022ec] | UI.KeyBindings       | WARN  | 2017-09-28 01:34:40,747 | Binding 'Ctrl+Shift+U' for unknown action fileCollaborationUpdateSelected
[0x000022ec] | UI.KeyBindings       | WARN  | 2017-09-28 01:34:40,766 | Binding 'Ctrl+G' for unknown action workspaceRemoteGrading
[0x000022ec] | UI.KeyBindings       | WARN  | 2017-09-28 01:34:40,801 | :/Application/Keyboard/bindings-resolve9.txt: Key sequence Ctrl+Shift+, defined by viewStereoSwitchEyeLeft and editNudgeSwapEditReverse
[0x000022ec] | UI.KeyBindings       | WARN  | 2017-09-28 01:34:40,802 | :/Application/Keyboard/bindings-resolve9.txt: Key sequence Shift+C defined by trimSelectAudioEditPoint and clipShowCurveEditor
[0x000022ec] | UI.KeyBindings       | WARN  | 2017-09-28 01:34:40,802 | :/Application/Keyboard/bindings-resolve9.txt: Key sequence Ctrl+Shift+. defined by editNudgeSwapEditForward and viewStereoSwitchEyeRight
[0x000022ec] | UI.KeyBindings       | WARN  | 2017-09-28 01:34:40,804 | After merging custom hotkeys: Key sequence Up defined by controlClipPrev and fairlightActionsPanTracksUp
[0x000022ec] | UI.KeyBindings       | WARN  | 2017-09-28 01:34:40,804 | After merging custom hotkeys: Key sequence Down defined by fairlightActionsPanTracksDown and controlClipNext
[0x000022ec] | UI.KeyBindings       | WARN  | 2017-09-28 01:34:40,804 | After merging custom hotkeys: Key sequence Ctrl+Shift+, defined by viewStereoSwitchEyeLeft and editNudgeSwapEditReverse
[0x000022ec] | UI.KeyBindings       | WARN  | 2017-09-28 01:34:40,804 | After merging custom hotkeys: Key sequence Shift+C defined by trimSelectAudioEditPoint and clipShowCurveEditor
[0x000022ec] | UI.KeyBindings       | WARN  | 2017-09-28 01:34:40,804 | After merging custom hotkeys: Key sequence Ctrl+Shift+. defined by editNudgeSwapEditForward and viewStereoSwitchEyeRight
[0x000022ec] | UI.KeyBindings       | WARN  | 2017-09-28 01:34:40,805 | After merging custom hotkeys: Key sequence Left defined by controlStepReverse and fairlightActionsJumpLeft
[0x000022ec] | UI.KeyBindings       | WARN  | 2017-09-28 01:34:40,805 | After merging custom hotkeys: Key sequence Right defined by controlStepForward and fairlightActionsJumpRight
[0x000022ec] | SyManager.Signals    | INFO  | 2017-09-28 01:34:40,859 | Main view page is changed to 2
[0x000022ec] | UI                   | WARN  | 2017-09-28 01:34:41,623 | Layout is disabled.
[0x000022ec] | UI                   | WARN  | 2017-09-28 01:34:41,624 | Layout is disabled.
[0x000018a8] | Undefined            | INFO  | 2017-09-28 01:35:12,614 | --------------------------------------------------------------------------------
[0x000018a8] | Undefined            | INFO  | 2017-09-28 01:35:12,614 | Loaded log config from C:\ProgramData\Blackmagic Design\DaVinci Resolve\Preferences\log-conf.xml
[0x000018a8] | Undefined            | INFO  | 2017-09-28 01:35:12,614 | --------------------------------------------------------------------------------
[0x000018a8] | Main                 | INFO  | 2017-09-28 01:35:12,639 | Resolve Module Handle 00007FF6C2E40000
[0x000018a8] | Main                 | INFO  | 2017-09-28 01:35:14,751 | Updating display GPU information...
[0x000018a8] | Main                 | INFO  | 2017-09-28 01:35:14,825 | Found correct name from registry for device : I, provider Intel Corporation
[0x000018a8] | Main                 | INFO  | 2017-09-28 01:35:14,825 | Found Intel Device: Intel(R) Iris(TM) Graphics 540
[0x000018a8] | Main                 | INFO  | 2017-09-28 01:35:14,826 | GPU Intel(R) Iris(TM) Graphics 540 is used for display
[0x000018a8] | Main                 | INFO  | 2017-09-28 01:35:14,866 | GPUs detected: 1 integrated, 0 discrete, 1 OpenCL.Graphics interop capable.
[0x000018a8] | Main                 | INFO  | 2017-09-28 01:35:14,866 | Detected uptime 747s
[0x000018a8] | Main                 | INFO  | 2017-09-28 01:35:14,866 | GPU Name = 'Intel(R) Iris(TM) Graphics 540', Main display = 1
[0x000018a8] | Main                 | INFO  | 2017-09-28 01:35:14,867 | Only 1 Intel display GPU found. Using OPENCL for processing.
[0x000018a8] | Main                 | INFO  | 2017-09-28 01:35:14,867 | Setting LsManager.3.NumGPUs = 1
[0x000018a8] | Main                 | INFO  | 2017-09-28 01:35:14,867 | Setting LsManager.3.DisplayGPUName = Intel(R) Iris(TM) Graphics 540
[0x000018a8] | Main                 | INFO  | 2017-09-28 01:35:14,867 | Setting LsManager.3.DisplayGPUIndex = 0
[0x000018a8] | IO                   | INFO  | 2017-09-28 01:35:14,867 | RED InitializeSdk with library path at C:\ProgramData\Blackmagic Design\DaVinci Resolve\Support\Libraries
[0x000018a8] | IO                   | INFO  | 2017-09-28 01:35:14,878 | Red SDK init is successful
[0x000018a8] | Main                 | INFO  | 2017-09-28 01:35:14,879 | 0 RED rocket cards available
[0x000018a8] | Main                 | INFO  | 2017-09-28 01:35:14,879 | Setting Local.DtManager.1.Red.Threads = 0
[0x000018a8] | Main                 | INFO  | 2017-09-28 01:35:14,891 | Decklink model name: '', version: ''
[0x000018a8] | Main                 | INFO  | 2017-09-28 01:35:14,892 | Installed custom font: Open Sans
[0x000018a8] | Main                 | INFO  | 2017-09-28 01:35:14,893 | Installed custom font: Open Sans Semibold
[0x000018a8] | Main                 | INFO  | 2017-09-28 01:35:15,081 | Finished loading Application style sheet
[0x000018fc] | LeManager            | INFO  | 2017-09-28 01:35:15,495 | 521, 38
[0x000018a8] | BtCommon             | INFO  | 2017-09-28 01:35:16,428 | Memory config: reserved=4000M pinned=3000M log=0
[0x000018a8] | BtCommon             | INFO  | 2017-09-28 01:35:16,429 | Using default pooled memory manager
[0x000018a8] | BtCommon             | INFO  | 2017-09-28 01:35:16,509 | Starting Daemon: C:/Program Files/Blackmagic Design/DaVinci Resolve/DPDecoder.exe
[0x000018a8] | BtCommon             | INFO  | 2017-09-28 01:35:16,566 | Starting Daemon: C:/Program Files/Blackmagic Design/DaVinci Resolve/DPDecoder.exe
[0x000018a8] | BtCommon             | INFO  | 2017-09-28 01:35:16,632 | Starting Daemon: C:/Program Files/Blackmagic Design/DaVinci Resolve/DPDecoder.exe
[0x000018a8] | BtCommon             | INFO  | 2017-09-28 01:35:16,714 | Starting Daemon: C:/Program Files/Blackmagic Design/DaVinci Resolve/DPDecoder.exe
[0x000018a8] | BtCommon             | INFO  | 2017-09-28 01:35:16,797 | Starting Daemon: C:/Program Files/Blackmagic Design/DaVinci Resolve/DPDecoder.exe
[0x000018a8] | BtCommon             | INFO  | 2017-09-28 01:35:16,873 | Starting Daemon: C:/Program Files/Blackmagic Design/DaVinci Resolve/DPDecoder.exe
[0x000018a8] | BtCommon             | INFO  | 2017-09-28 01:35:16,958 | Starting Daemon: C:/Program Files/Blackmagic Design/DaVinci Resolve/DPDecoder.exe
[0x000018a8] | BtCommon             | INFO  | 2017-09-28 01:35:17,047 | Starting Daemon: C:/Program Files/Blackmagic Design/DaVinci Resolve/DPDecoder.exe
[0x000018a8] | SyManager            | INFO  | 2017-09-28 01:35:17,156 | Total: 20, NumDtThreads: 8, NumComms: 0, NumSites: 1

[0x000018a8] | SyManager            | INFO  | 2017-09-28 01:35:17,156 | Lookaheads -> playback = 20, record = 20, stop = 2

[0x000018a8] | DtManager            | INFO  | 2017-09-28 01:35:17,157 | Using 8 generic IO threads
[0x000018a8] | DtManager            | INFO  | 2017-09-28 01:35:17,157 | Total of 16 IO threads (including 8 generic and 8 Red decode threads)
[0x00002c7c] | GsManager            | INFO  | 2017-09-28 01:35:17,160 | Gs Processor Thread ----- (686552464)

[0x00003100] | DtManager            | INFO  | 2017-09-28 01:35:17,161 | Dt Data Handler Thread Started
[0x000032b0] | DtManager            | INFO  | 2017-09-28 01:35:17,162 | Dt Worker Thread Started
[0x0000273c] | DtManager            | INFO  | 2017-09-28 01:35:17,162 | Dt Worker Thread Started
[0x00000074] | DtManager            | INFO  | 2017-09-28 01:35:17,162 | Dt Worker Thread Started
[0x000031d0] | DtManager            | INFO  | 2017-09-28 01:35:17,162 | Dt Worker Thread Started
[0x0000203c] | DtManager            | INFO  | 2017-09-28 01:35:17,163 | Dt Worker Thread Started
[0x000017f8] | DtManager            | INFO  | 2017-09-28 01:35:17,163 | Dt Worker Thread Started
[0x000030f0] | DtManager            | INFO  | 2017-09-28 01:35:17,163 | Dt Worker Thread Started
[0x00001f90] | DtManager            | INFO  | 2017-09-28 01:35:17,163 | Dt Worker Thread Started
[0x00000b34] | DtManager            | INFO  | 2017-09-28 01:35:17,163 | Dt Worker Thread Started
[0x00002270] | DtManager            | INFO  | 2017-09-28 01:35:17,163 | Dt Worker Thread Started
[0x0000310c] | DtManager            | INFO  | 2017-09-28 01:35:17,166 | Dt Worker Thread Started
[0x00003114] | DtManager            | INFO  | 2017-09-28 01:35:17,169 | Dt Worker Thread Started
[0x00003150] | DtManager            | INFO  | 2017-09-28 01:35:17,171 | Dt Worker Thread Started
[0x000031e0] | DtManager            | INFO  | 2017-09-28 01:35:17,173 | Dt Worker Thread Started
[0x000018a8] | DbCommon2            | INFO  | 2017-09-28 01:35:17,175 | Loading dblist file: C:\ProgramData\Blackmagic Design\DaVinci Resolve\Preferences\dblist.conf
[0x0000305c] | DtManager            | INFO  | 2017-09-28 01:35:17,184 | Dt Worker Thread Started
[0x000032ec] | DtManager            | INFO  | 2017-09-28 01:35:17,185 | Dt Worker Thread Started
[0x0000219c] | DtManager            | INFO  | 2017-09-28 01:35:17,185 | Dt Worker Thread Started
[0x00001f18] | GPUManager           | INFO  | 2017-09-28 01:35:17,188 | Let There Be OpenCL Light!
[0x00001f18] | GPUManager           | INFO  | 2017-09-28 01:35:17,188 | Start detecting OpenCL boards
[0x00001f18] | GPUManager           | INFO  | 2017-09-28 01:35:17,188 | Found qualified OpenCL board 0: platform - Intel(R) OpenCL, vendor - Intel(R) Corporation, device name - Intel(R) Iris(TM) Graphics 540 id - 0000027E21A9E360, global memory size (MB) - 6496, local memory size (KB) - 64, max global memory alloc size (MB) - 2047
[0x00001f18] | GPUManager           | INFO  | 2017-09-28 01:35:17,188 | Skipping unsupported device Intel(R) Core(TM) i7-6560U CPU @ 2.20GHz
[0x00001f18] | GPUManager           | INFO  | 2017-09-28 01:35:17,188 | 1 OpenCL boards detected
[0x00000a78] | GPUManager           | INFO  | 2017-09-28 01:35:17,200 | Initializing GPU board 0 with context thread 0
[0x00000a78] | UI.GLInterOp         | INFO  | 2017-09-28 01:35:17,201 | Waiting for shared OpenGL context to be set.
[0x000018a8] | Main                 | INFO  | 2017-09-28 01:35:17,213 | Running DaVinci Resolve v14.0.0.078 (Windows)
[0x000018a8] | IO                   | INFO  | 2017-09-28 01:35:17,237 | Using DNxHR library v2.3.3.39r
[0x00002cd8] | SyManager            | ERROR | 2017-09-28 01:35:18,162 | socket failed to connect to server, error: 10061

[0x00002cd8] | SyManager            | ERROR | 2017-09-28 01:35:18,163 | DRIVER: panel connection failed
[0x00002cd8] | SyManager            | ERROR | 2017-09-28 01:35:19,169 | socket failed to connect to server, error: 10061

[0x000018a8] | DVIP                 | INFO  | 2017-09-28 01:35:19,478 | DVIP Version : 1.0, Revision = 65521 (Release)
[0x000018a8] | Fairlight            | INFO  | 2017-09-28 01:35:20,051 | RtMidi Output Port #1: Microsoft GS Wavetable Synth 0
[0x000018a8] | UI.ActionConnector   | WARN  | 2017-09-28 01:35:20,683 | Missing ActionDefinition for fileEnableDisableCollaboration
[0x000018a8] | UI.ActionConnector   | WARN  | 2017-09-28 01:35:20,710 | Missing ActionDefinition for helpDeactivateLicense
[0x000018a8] | UI.ActionConnector   | WARN  | 2017-09-28 01:35:20,712 | Missing ActionDefinition for workspaceRemoteRendering
[0x000018a8] | DbCommon2            | INFO  | 2017-09-28 01:35:20,783 | Sm2SysIdEntry is not supported in disk database (xml) mode
[0x000018a8] | UI.KeyBindings       | WARN  | 2017-09-28 01:35:21,691 | Binding 'Alt+Shift+T' for unknown action fileCollaborationPublish
[0x000018a8] | UI.KeyBindings       | WARN  | 2017-09-28 01:35:21,692 | Binding 'Ctrl+Shift+T' for unknown action fileCollaborationPublishSelected
[0x000018a8] | UI.KeyBindings       | WARN  | 2017-09-28 01:35:21,692 | Binding 'Alt+Shift+U' for unknown action fileCollaborationUpdate
[0x000018a8] | UI.KeyBindings       | WARN  | 2017-09-28 01:35:21,692 | Binding 'Ctrl+Shift+U' for unknown action fileCollaborationUpdateSelected
[0x000018a8] | UI.KeyBindings       | WARN  | 2017-09-28 01:35:21,712 | Binding 'Ctrl+G' for unknown action workspaceRemoteGrading
[0x000018a8] | UI.KeyBindings       | WARN  | 2017-09-28 01:35:21,751 | :/Application/Keyboard/bindings-resolve9.txt: Key sequence Shift+C defined by trimSelectAudioEditPoint and clipShowCurveEditor
[0x000018a8] | UI.KeyBindings       | WARN  | 2017-09-28 01:35:21,751 | :/Application/Keyboard/bindings-resolve9.txt: Key sequence Ctrl+Shift+, defined by viewStereoSwitchEyeLeft and editNudgeSwapEditReverse
[0x000018a8] | UI.KeyBindings       | WARN  | 2017-09-28 01:35:21,752 | :/Application/Keyboard/bindings-resolve9.txt: Key sequence Ctrl+Shift+. defined by editNudgeSwapEditForward and viewStereoSwitchEyeRight
[0x000018a8] | UI.KeyBindings       | WARN  | 2017-09-28 01:35:21,753 | After merging custom hotkeys: Key sequence Up defined by fairlightActionsPanTracksUp and controlClipPrev
[0x000018a8] | UI.KeyBindings       | WARN  | 2017-09-28 01:35:21,753 | After merging custom hotkeys: Key sequence Right defined by controlStepForward and fairlightActionsJumpRight
[0x000018a8] | UI.KeyBindings       | WARN  | 2017-09-28 01:35:21,754 | After merging custom hotkeys: Key sequence Down defined by fairlightActionsPanTracksDown and controlClipNext
[0x000018a8] | UI.KeyBindings       | WARN  | 2017-09-28 01:35:21,754 | After merging custom hotkeys: Key sequence Shift+C defined by trimSelectAudioEditPoint and clipShowCurveEditor
[0x000018a8] | UI.KeyBindings       | WARN  | 2017-09-28 01:35:21,754 | After merging custom hotkeys: Key sequence Left defined by controlStepReverse and fairlightActionsJumpLeft
[0x000018a8] | UI.KeyBindings       | WARN  | 2017-09-28 01:35:21,754 | After merging custom hotkeys: Key sequence Ctrl+Shift+, defined by viewStereoSwitchEyeLeft and editNudgeSwapEditReverse
[0x000018a8] | UI.KeyBindings       | WARN  | 2017-09-28 01:35:21,754 | After merging custom hotkeys: Key sequence Ctrl+Shift+. defined by editNudgeSwapEditForward and viewStereoSwitchEyeRight
[0x000018a8] | UI                   | WARN  | 2017-09-28 01:35:22,636 | Failed to load media metadata preset list or the list is empty.
[0x000018a8] | UI                   | WARN  | 2017-09-28 01:35:22,652 | Failed to load media metadata preset list or the list is empty.
[0x000018a8] | UI                   | WARN  | 2017-09-28 01:35:23,057 | Failed to load media metadata preset list or the list is empty.
[0x000018a8] | UI                   | WARN  | 2017-09-28 01:35:23,072 | Failed to load media metadata preset list or the list is empty.
[0x000018a8] | UI.ActionConnector   | WARN  | 2017-09-28 01:35:23,175 | Missing ActionDefinition for trimSlidePlayheadToIn
[0x000018a8] | UI.ActionConnector   | WARN  | 2017-09-28 01:35:23,175 | Missing ActionDefinition for trimSlidePlayheadToOut
[0x000018a8] | UI                   | WARN  | 2017-09-28 01:35:23,409 | Failed to load media metadata preset list or the list is empty.
[0x000018a8] | UI                   | WARN  | 2017-09-28 01:35:23,426 | Failed to load media metadata preset list or the list is empty.
[0x000018a8] | UI.ActionConnector   | WARN  | 2017-09-28 01:35:23,557 | Missing ActionDefinition for workspaceRemoteGrading
[0x000018a8] | UI.ActionConnector   | WARN  | 2017-09-28 01:35:23,579 | Missing ActionDefinition for sessionDolbyVisionAnalyzeAllShots
[0x000018a8] | UI.ActionConnector   | WARN  | 2017-09-28 01:35:23,579 | Missing ActionDefinition for sessionDolbyVisionAnalyzeSelectedShots
[0x000018a8] | UI.ActionConnector   | WARN  | 2017-09-28 01:35:23,579 | Missing ActionDefinition for sessionDolbyVisionAnalyzeSelectedAndGroup
[0x000018a8] | UI.ActionConnector   | WARN  | 2017-09-28 01:35:23,580 | Missing ActionDefinition for sessionDolbyVisionAnalyzeCurrentFrame
[0x000018a8] | UI                   | INFO  | 2017-09-28 01:35:23,623 | Not creating special GL widget for screen 0
[0x000018a8] | UI.GLInterOp         | INFO  | 2017-09-28 01:35:23,624 | Creating interop OpenGL context.
[0x000018a8] | UI.GLInterOp         | INFO  | 2017-09-28 01:35:23,656 | Shared OpenGL context set.
[0x00000a78] | UI.GLInterOp         | INFO  | 2017-09-28 01:35:23,731 | Done waiting for OpenGL context, moving it to current thread.
[0x000018a8] | UI                   | ERROR | 2017-09-28 01:35:24,948 | Failed to find value '4522061' in combo-box
[0x000018a8] | UI.ActionConnector   | WARN  | 2017-09-28 01:35:25,323 | Missing ActionDefinition for copy
[0x000018a8] | UI.ActionConnector   | WARN  | 2017-09-28 01:35:25,323 | Missing ActionDefinition for cut
[0x000018a8] | UI.ActionConnector   | WARN  | 2017-09-28 01:35:25,324 | Missing ActionDefinition for paste
[0x000018a8] | UI.ActionConnector   | WARN  | 2017-09-28 01:35:25,327 | Missing ActionDefinition for markMarkerClearAll
[0x000018a8] | UI.ActionConnector   | WARN  | 2017-09-28 01:35:25,329 | Missing ActionDefinition for controlRewind
[0x000018a8] | UI.ActionConnector   | WARN  | 2017-09-28 01:35:25,330 | Missing ActionDefinition for controlSlowForward
[0x000018a8] | UI.ActionConnector   | WARN  | 2017-09-28 01:35:25,330 | Missing ActionDefinition for controlSlowReverse
[0x000018a8] | UI.ActionConnector   | WARN  | 2017-09-28 01:35:25,333 | Missing ActionDefinition for fairlightActionsPresetsLibrary
[0x000018a8] | UI.ActionConnector   | WARN  | 2017-09-28 01:35:25,333 | Missing ActionDefinition for fairlightActionsLinkGroup
[0x000018a8] | UI.ActionConnector   | WARN  | 2017-09-28 01:35:25,335 | Missing ActionDefinition for markSetRangeTypeUnion
[0x000018a8] | UI.ActionConnector   | WARN  | 2017-09-28 01:35:25,335 | Missing ActionDefinition for markSetRangeTypeIntersecting
[0x00000a78] | UI.GLInterOp         | INFO  | 2017-09-28 01:35:25,468 | Interop OpenCL setup done.
[0x00000a78] | GPUManager           | INFO  | 2017-09-28 01:35:25,468 | Setting channel cache size on GPU board 0 to 0
[0x00000a78] | GPUManager           | INFO  | 2017-09-28 01:35:25,469 | Board manager 0 on thread 0 initialization done on GPU Intel(R) Iris(TM) Graphics 540
[0x00000a78] | GPUManager           | INFO  | 2017-09-28 01:35:36,574 | Completed prebuild of basic OpenCL kernels in 11105 msec
[0x00000a78] | GPUManager           | INFO  | 2017-09-28 01:35:36,574 | Entering loop to wait for commands
[0x00001f18] | GPUManager           | INFO  | 2017-09-28 01:35:36,574 | Finished initializing OpenCL board 0 <Intel(R) Iris(TM) Graphics 540> on platform <Intel(R) OpenCL> clock rate <1050> multiprocessor count <48> global mem size (MB) 6496, available mem size (MB) 0, shared mem size (KB) 64, on SBM[0|0]
[0x00001f18] | GPUManager           | INFO  | 2017-09-28 01:35:36,574 | Hired OpenCL board 0 <Intel(R) Iris(TM) Graphics 540>
[0x00001f18] | GPUManager           | INFO  | 2017-09-28 01:35:36,579 | Let There Be OpenCL Light, Done!!
[0x000018a8] | IO                   | INFO  | 2017-09-28 01:35:36,589 | 0 RED rocket cards available
[0x000018a8] | UI                   | ERROR | 2017-09-28 01:35:37,091 | Failed to find value '0' in combo-box
[0x000018a8] | SyManager.Signals    | INFO  | 2017-09-28 01:35:45,278 | Current user pointer is changed
[0x000018a8] | UI                   | WARN  | 2017-09-28 01:35:45,282 | UI Persistence - no old persistent data found
[0x000018a8] | UI                   | ERROR | 2017-09-28 01:35:45,822 | Failed to find value '14' in combo-box
[0x000018a8] | UI                   | ERROR | 2017-09-28 01:35:45,831 | Failed to find value '-1' in combo-box
[0x000018a8] | UI.KeyBindings       | WARN  | 2017-09-28 01:35:45,971 | Binding 'Alt+Shift+T' for unknown action fileCollaborationPublish
[0x000018a8] | UI.KeyBindings       | WARN  | 2017-09-28 01:35:45,971 | Binding 'Ctrl+Shift+T' for unknown action fileCollaborationPublishSelected
[0x000018a8] | UI.KeyBindings       | WARN  | 2017-09-28 01:35:45,971 | Binding 'Alt+Shift+U' for unknown action fileCollaborationUpdate
[0x000018a8] | UI.KeyBindings       | WARN  | 2017-09-28 01:35:45,971 | Binding 'Ctrl+Shift+U' for unknown action fileCollaborationUpdateSelected
[0x000018a8] | UI.KeyBindings       | WARN  | 2017-09-28 01:35:45,988 | Binding 'Ctrl+G' for unknown action workspaceRemoteGrading
[0x000018a8] | UI.KeyBindings       | WARN  | 2017-09-28 01:35:46,021 | :/Application/Keyboard/bindings-resolve9.txt: Key sequence Shift+C defined by trimSelectAudioEditPoint and clipShowCurveEditor
[0x000018a8] | UI.KeyBindings       | WARN  | 2017-09-28 01:35:46,021 | :/Application/Keyboard/bindings-resolve9.txt: Key sequence Ctrl+Shift+, defined by viewStereoSwitchEyeLeft and editNudgeSwapEditReverse
[0x000018a8] | UI.KeyBindings       | WARN  | 2017-09-28 01:35:46,021 | :/Application/Keyboard/bindings-resolve9.txt: Key sequence Ctrl+Shift+. defined by editNudgeSwapEditForward and viewStereoSwitchEyeRight
[0x000018a8] | UI.KeyBindings       | WARN  | 2017-09-28 01:35:46,023 | After merging custom hotkeys: Key sequence Up defined by fairlightActionsPanTracksUp and controlClipPrev
[0x000018a8] | UI.KeyBindings       | WARN  | 2017-09-28 01:35:46,023 | After merging custom hotkeys: Key sequence Right defined by controlStepForward and fairlightActionsJumpRight
[0x000018a8] | UI.KeyBindings       | WARN  | 2017-09-28 01:35:46,023 | After merging custom hotkeys: Key sequence Down defined by fairlightActionsPanTracksDown and controlClipNext
[0x000018a8] | UI.KeyBindings       | WARN  | 2017-09-28 01:35:46,024 | After merging custom hotkeys: Key sequence Shift+C defined by trimSelectAudioEditPoint and clipShowCurveEditor
[0x000018a8] | UI.KeyBindings       | WARN  | 2017-09-28 01:35:46,024 | After merging custom hotkeys: Key sequence Left defined by controlStepReverse and fairlightActionsJumpLeft
[0x000018a8] | UI.KeyBindings       | WARN  | 2017-09-28 01:35:46,024 | After merging custom hotkeys: Key sequence Ctrl+Shift+, defined by viewStereoSwitchEyeLeft and editNudgeSwapEditReverse
[0x000018a8] | UI.KeyBindings       | WARN  | 2017-09-28 01:35:46,024 | After merging custom hotkeys: Key sequence Ctrl+Shift+. defined by editNudgeSwapEditForward and viewStereoSwitchEyeRight
[0x000018a8] | SyManager.Signals    | INFO  | 2017-09-28 01:35:46,056 | Main view page is changed to 12
[0x000018a8] | UI                   | INFO  | 2017-09-28 01:35:46,190 | Gallery pointer is changed, refreshing color gallery
[0x000018a8] | UI                   | INFO  | 2017-09-28 01:35:46,235 | Gallery pointer is changed, refreshing gallery browser
[0x000018a8] | SyManager.Signals    | INFO  | 2017-09-28 01:35:57,660 | Current project pointer (2017sept27afterclass) is changed
[0x000018a8] | SyManager.Signals    | INFO  | 2017-09-28 01:35:57,660 | Current timeline pointer () is changed
[0x000018a8] | SyManager.Project    | INFO  | 2017-09-28 01:35:57,660 | Unlock project Untitled Project
[0x000018a8] | UI                   | ERROR | 2017-09-28 01:35:57,778 | Failed to find value '14' in combo-box
[0x000018a8] | UI                   | ERROR | 2017-09-28 01:35:57,780 | Failed to find value '-1' in combo-box
[0x000018a8] | SyManager            | WARN  | 2017-09-28 01:35:57,928 | No reply received from file system, assume successfully deleted folder C:\Users\Elliot\Videos\CacheClip\c0e9c2f5-5d5b-4e98-8d21-40d03a9ae6ca.
[0x000018a8] | SyManager            | WARN  | 2017-09-28 01:35:57,939 | No reply received from file system, assume successfully deleted folder C:\Users\Elliot\Videos\.gallery\c0e9c2f5-5d5b-4e98-8d21-40d03a9ae6ca.
[0x000018a8] | SyManager.Signals    | INFO  | 2017-09-28 01:35:57,964 | Main view page is changed to 1
[0x000018a8] | SyManager.Signals    | INFO  | 2017-09-28 01:35:58,071 | Main view page is changed to 2
[0x000018a8] | UI                   | WARN  | 2017-09-28 01:35:58,403 | Layout is disabled.
[0x000018a8] | UI                   | WARN  | 2017-09-28 01:35:58,403 | Layout is disabled.
[0x000018a8] | SyManager.Signals    | INFO  | 2017-09-28 01:35:59,423 | Main view page is changed to 2
[0x000018a8] | SyManager.Gallery    | INFO  | 2017-09-28 01:35:59,750 | Finished saving HiddenView to database (size = 0)
[0x000018a8] | SyManager.Gallery    | INFO  | 2017-09-28 01:35:59,751 | Finished clearing HiddenView (size = 0)
[0x000018a8] | SyManager.Gallery    | INFO  | 2017-09-28 01:35:59,751 | Start purging still caches
[0x000018a8] | SyManager.Gallery    | INFO  | 2017-09-28 01:35:59,751 | Finish purging still caches
[0x000018a8] | UI                   | INFO  | 2017-09-28 01:35:59,752 | Lock project 2017sept27afterclass
[0x000018a8] | UI                   | INFO  | 2017-09-28 01:35:59,804 | UiGPU::UploadWipeData called before UiGPU has been initialized. Returning false
[0x000018a8] | UI                   | INFO  | 2017-09-28 01:35:59,805 | Gallery pointer is changed, refreshing color gallery
[0x000018a8] | UI                   | INFO  | 2017-09-28 01:35:59,887 | Gallery pointer is changed, refreshing gallery browser
[0x000018a8] | SyManager.Signals    | INFO  | 2017-09-28 01:36:30,151 | Current timeline pointer (Timeline 1) is changed
[0x00002c8c] | SyManager            | ERROR | 2017-09-28 01:36:30,347 | There is no current video media, SetCurrentRecFrame failed.
[0x000030e8] | DtManager            | INFO  | 2017-09-28 01:36:31,426 | Audio WFM Generation thread starts
[0x000018a8] | UI                   | ERROR | 2017-09-28 01:36:31,473 | Failed to find value '320' in combo-box
[0x00001f18] | LsManager            | WARN  | 2017-09-28 01:36:46,863 | Timeout waiting in Ls for texture (seed = 117)
[0x000018a8] | BtCommon             | WARN  | 2017-09-28 01:37:19,887 | lower_bound contract violation
[0x000018a8] | UI                   | WARN  | 2017-09-28 01:37:54,333 | Layout is disabled.
[0x000018a8] | UI.GLInterOp         | ERROR | 2017-09-28 01:37:54,547 | PopTextureForDisplay returning NULL as it cound not find texture seed 4
[0x000018a8] | SyManager.Signals    | INFO  | 2017-09-28 01:37:54,785 | Main view page is changed to 1
[0x000018a8] | SyManager.Signals    | INFO  | 2017-09-28 01:37:55,494 | Main view page is changed to 2
[0x000018a8] | SyManager.Signals    | INFO  | 2017-09-28 01:37:55,911 | Main view page is changed to 2
[0x000018a8] | SyManager.Signals    | INFO  | 2017-09-28 01:37:55,980 | Main view page is changed to 2
[0x000018a8] | SyManager.Signals    | INFO  | 2017-09-28 01:38:59,046 | Main view page is changed to 12
[0x000018a8] | SyManager.Signals    | INFO  | 2017-09-28 01:39:01,300 | Main view page is changed to 2
[0x000018a8] | SyManager.Signals    | INFO  | 2017-09-28 01:39:01,333 | Main view page is changed to 2
[0x000018a8] | UI                   | ERROR | 2017-09-28 01:39:05,034 | Failed to find value '-1' in combo-box
[0x000018a8] | UI                   | ERROR | 2017-09-28 01:39:05,034 | Failed to find value '-1' in combo-box
[0x000018a8] | UI                   | ERROR | 2017-09-28 01:39:05,034 | Failed to find value '-1' in combo-box
[0x000018a8] | UI                   | ERROR | 2017-09-28 01:39:05,262 | Failed to find value '14' in combo-box
[0x000018a8] | SyManager.Signals    | INFO  | 2017-09-28 01:39:22,476 | Current setup pointer is changed
[0x000018a8] | UI                   | ERROR | 2017-09-28 01:39:22,527 | Failed to find value '-1' in combo-box
[0x00000a78] | GPUManager           | INFO  | 2017-09-28 01:39:22,596 | Flushing GPU memory...
[0x000018a8] | UI                   | ERROR | 2017-09-28 01:40:06,950 | Failed to find value '-1' in combo-box
[0x000018a8] | UI                   | ERROR | 2017-09-28 01:40:06,950 | Failed to find value '-1' in combo-box
[0x000018a8] | UI                   | ERROR | 2017-09-28 01:40:16,096 | Failed to find value '-1' in combo-box
[0x000018a8] | UI                   | ERROR | 2017-09-28 01:40:16,096 | Failed to find value '-1' in combo-box
[0x000018a8] | BtCommon             | WARN  | 2017-09-28 01:40:16,696 | lower_bound contract violation
[0x000018a8] | SyManager.ProjectManager | INFO  | 2017-09-28 01:40:34,867 | Start saving project 2017sept27afterclass
[0x000018a8] | DbCommon2            | INFO  | 2017-09-28 01:40:34,869 | Initializing fresh database {c70f1001-6c23-4072-8226-7a18e34712da}
[0x000018a8] | DbCommon2            | INFO  | 2017-09-28 01:40:35,095 | Finished upgrading database {c70f1001-6c23-4072-8226-7a18e34712da} from <14.0.0.268> to <14.0.0.035>
[0x000018a8] | SyManager.ProjectManager | INFO  | 2017-09-28 01:40:35,524 | Saving project took 657 ms
[0x000018a8] | SyManager.Signals    | INFO  | 2017-09-28 01:40:35,524 | Current project pointer (2017sept27afterclass) is changed
[0x000018a8] | SyManager.Signals    | INFO  | 2017-09-28 01:40:35,524 | Current timeline pointer (Timeline 1) is changed
[0x000018a8] | SyManager.Gallery    | INFO  | 2017-09-28 01:40:35,719 | Finished saving HiddenView to database (size = 0)
[0x000018a8] | SyManager.Gallery    | INFO  | 2017-09-28 01:40:35,720 | Finished clearing HiddenView (size = 0)
[0x000018a8] | SyManager.Gallery    | INFO  | 2017-09-28 01:40:35,720 | Start purging still caches
[0x000018a8] | SyManager.Gallery    | INFO  | 2017-09-28 01:40:35,720 | Finish purging still caches
[0x000018a8] | UI                   | INFO  | 2017-09-28 01:40:35,735 | Lock project 2017sept27afterclass
[0x000018a8] | UI                   | INFO  | 2017-09-28 01:40:35,770 | UiGPU::UploadWipeData called before UiGPU has been initialized. Returning false
[0x000018a8] | UI                   | INFO  | 2017-09-28 01:40:35,771 | Gallery pointer is changed, refreshing color gallery
[0x000018a8] | UI                   | INFO  | 2017-09-28 01:40:35,797 | Gallery pointer is changed, refreshing gallery browser
[0x000018a8] | UI                   | INFO  | 2017-09-28 01:40:38,068 | Initializing FBO of size 1920 x 1080 - 16b (old 0 x 0 - 16b)
[0x000018a8] | UI                   | INFO  | 2017-09-28 01:40:38,087 | Setting reInit to true in CheckGPU
[0x000018a8] | SyManager.Signals    | INFO  | 2017-09-28 01:40:38,614 | Main view page is changed to 11
[0x000018a8] | IO                   | WARN  | 2017-09-28 01:42:01,262 | Failed to set VideoField Mode
[0x000018a8] | IO                   | WARN  | 2017-09-28 01:42:02,940 | Failed to set VideoField Mode
[0x000018a8] | UI                   | ERROR | 2017-09-28 01:42:15,503 | Failed to find value '0' in combo-box
[0x000018a8] | IO                   | WARN  | 2017-09-28 01:42:15,506 | Failed to set VideoField Mode
[0x000018a8] | SyManager.Signals    | INFO  | 2017-09-28 01:42:15,637 | Current timeline mode is changed
[0x00002c8c] | SyManager            | ERROR | 2017-09-28 01:42:15,750 | There is no current clip, SetCurrentFrame failed.
[0x00003114] | IO                   | WARN  | 2017-09-28 01:42:16,139 | Failed to set VideoField Mode
[0x00002c7c] | GsManager            | INFO  | 2017-09-28 01:42:36,335 | Recording cancelled after 821 frames.
[0x00001f18] | LsManager            | WARN  | 2017-09-28 01:42:39,057 | Timeout waiting in Ls for texture (seed = 451)
[0x00001f18] | LsManager            | WARN  | 2017-09-28 01:42:39,557 | Timeout waiting in Ls for texture (seed = 452)
[0x000018a8] | SyManager.Signals    | INFO  | 2017-09-28 01:42:43,235 | Current timeline mode is changed
[0x00001f18] | LsManager            | WARN  | 2017-09-28 01:42:43,240 | Timeout waiting in Ls for texture (seed = 453)
[0x000018a8] | SyManager.Signals    | INFO  | 2017-09-28 01:42:43,325 | Main view page is changed to 2
[0x000018a8] | IO                   | WARN  | 2017-09-28 01:43:47,692 | Failed to set VideoField Mode
[0x000018a8] | IO                   | WARN  | 2017-09-28 01:43:47,727 | Failed to set VideoField Mode
[0x000018a8] | IO                   | WARN  | 2017-09-28 01:43:47,760 | Failed to set VideoField Mode
[0x000018a8] | IO                   | WARN  | 2017-09-28 01:43:47,791 | Failed to set VideoField Mode
[0x000018a8] | SyManager.Signals    | INFO  | 2017-09-28 01:43:47,916 | Main view page is changed to 11
[0x000018a8] | SyManager.Signals    | INFO  | 2017-09-28 01:43:48,244 | Main view page is changed to 11
[0x000018a8] | IO                   | WARN  | 2017-09-28 01:43:56,128 | Failed to set VideoField Mode
[0x000018a8] | UI                   | ERROR | 2017-09-28 01:43:56,168 | Failed to find value '0' in combo-box
[0x000018a8] | IO                   | WARN  | 2017-09-28 01:43:56,172 | Failed to set VideoField Mode
[0x000018a8] | IO                   | WARN  | 2017-09-28 01:43:56,203 | Failed to set VideoField Mode
[0x000018a8] | SyManager.Signals    | INFO  | 2017-09-28 01:43:56,335 | Current timeline mode is changed
[0x00001f18] | LsManager            | WARN  | 2017-09-28 01:43:56,353 | LsDataHandler.cpp(2220): discard 7(0)
[0x00002c8c] | SyManager            | ERROR | 2017-09-28 01:43:56,451 | There is no current clip, SetCurrentFrame failed.
[0x000031e0] | IO                   | WARN  | 2017-09-28 01:43:56,813 | Failed to set VideoField Mode
[0x00002c7c] | GsManager            | INFO  | 2017-09-28 01:44:08,116 | Finished recording 432 frames.
[0x000018a8] | SyManager.ProjectManager | INFO  | 2017-09-28 01:44:14,152 | Start saving project 2017sept27afterclass
[0x000018a8] | SyManager.ProjectManager | INFO  | 2017-09-28 01:44:14,505 | Saving project took 353 ms
[0x000018a8] | SyManager.Gallery    | INFO  | 2017-09-28 01:44:25,524 | Finished saving HiddenView to database (size = 0)
[0x000018a8] | SyManager.Gallery    | INFO  | 2017-09-28 01:44:25,525 | Finished clearing HiddenView (size = 0)
[0x000018a8] | SyManager.Gallery    | INFO  | 2017-09-28 01:44:25,525 | Start purging still caches
[0x000018a8] | SyManager.Gallery    | INFO  | 2017-09-28 01:44:25,525 | Finish purging still caches
[0x000018a8] | SyManager.Project    | INFO  | 2017-09-28 01:44:25,603 | Unlock project 2017sept27afterclass
[0x000018a8] | UI                   | ERROR | 2017-09-28 01:44:25,731 | Failed to find value '14' in combo-box
[0x000018a8] | UI                   | ERROR | 2017-09-28 01:44:25,734 | Failed to find value '-1' in combo-box
[0x000018a8] | UI                   | ERROR | 2017-09-28 01:44:25,776 | Failed to find value '120' in combo-box
[0x000018a8] | SyManager.Signals    | INFO  | 2017-09-28 01:44:25,818 | Main view page is changed to 11
[0x000018fc] | LeManager            | INFO  | 2017-09-28 01:44:26,574 | 522, 101
[0x000018a8] | Main                 | INFO  | 2017-09-28 01:44:27,775 | Starting terminate sequence by calling g_MainTerm

[0x000018a8] | Main                 | INFO  | 2017-09-28 01:44:27,776 | Closing components
[0x000018a8] | UI                   | INFO  | 2017-09-28 01:44:27,797 | Audio thread terminated.
[0x000018a8] | Main                 | INFO  | 2017-09-28 01:44:27,798 | g_MainTerm: BtStartupShutdownControl.Shutdown() - begin
[0x000028bc] | SyManager            | INFO  | 2017-09-28 01:44:27,858 | Exit SY low priority cmd handler
[0x000028d0] | SyManager            | INFO  | 2017-09-28 01:44:27,859 | Exit SY high priority cmd handler
[0x000018a8] | Main                 | INFO  | 2017-09-28 01:44:27,880 | SvcManager: SyManager.StopThreads() - end
[0x00002c7c] | GsManager            | INFO  | 2017-09-28 01:44:27,882 | Exit GS process handler
[0x000018a8] | Main                 | INFO  | 2017-09-28 01:44:27,909 | SvcManager: GsManager.StopThreads() - end
[0x000018a8] | Main                 | INFO  | 2017-09-28 01:44:27,909 | SvcManager: DpManager.StopThreads() - end
[0x00003100] | DtManager            | INFO  | 2017-09-28 01:44:27,919 | Exit DT data handler thread
[0x00002824] | DpManager            | INFO  | 2017-09-28 01:44:27,919 | Exit DP low priority cmd handler
[0x00002c80] | DpManager            | INFO  | 2017-09-28 01:44:27,919 | Exit DP high priority cmd handler
[0x00003368] | DtManager            | INFO  | 2017-09-28 01:44:27,920 | Exit DT low priority cmd handler
[0x00002828] | DtManager            | INFO  | 2017-09-28 01:44:27,921 | Exit DT high priority cmd handler
[0x00000074] | DtManager            | INFO  | 2017-09-28 01:44:27,938 | Exit DT worker thread
[0x000017f8] | DtManager            | INFO  | 2017-09-28 01:44:27,939 | Exit DT worker thread
[0x00000b34] | DtManager            | INFO  | 2017-09-28 01:44:27,940 | Exit DT worker thread
[0x0000310c] | DtManager            | INFO  | 2017-09-28 01:44:27,940 | Exit DT worker thread
[0x00003114] | DtManager            | INFO  | 2017-09-28 01:44:27,939 | Exit DT worker thread
[0x000032b0] | DtManager            | INFO  | 2017-09-28 01:44:27,939 | Exit DT worker thread
[0x00002270] | DtManager            | INFO  | 2017-09-28 01:44:27,939 | Exit DT worker thread
[0x0000219c] | DtManager            | INFO  | 2017-09-28 01:44:27,940 | Exit DT worker thread
[0x00001f90] | DtManager            | INFO  | 2017-09-28 01:44:27,939 | Exit DT worker thread
[0x00003150] | DtManager            | INFO  | 2017-09-28 01:44:27,940 | Exit DT worker thread
[0x000031d0] | DtManager            | INFO  | 2017-09-28 01:44:27,940 | Exit DT worker thread
[0x0000273c] | DtManager            | INFO  | 2017-09-28 01:44:27,940 | Exit DT worker thread
[0x0000203c] | DtManager            | INFO  | 2017-09-28 01:44:27,940 | Exit DT worker thread
[0x000032ec] | DtManager            | INFO  | 2017-09-28 01:44:27,940 | Exit DT worker thread
[0x0000305c] | DtManager            | INFO  | 2017-09-28 01:44:27,940 | Exit DT worker thread
[0x000031e0] | DtManager            | INFO  | 2017-09-28 01:44:27,940 | Exit DT worker thread
[0x000030f0] | DtManager            | INFO  | 2017-09-28 01:44:27,938 | Exit DT worker thread
[0x000018a8] | Main                 | INFO  | 2017-09-28 01:44:27,973 | SvcManager: DtManager.StopThreads() - end
[0x00002a0c] | LsManager            | INFO  | 2017-09-28 01:44:27,984 | Exit LS low priority cmd handler
[0x00003398] | LsManager            | INFO  | 2017-09-28 01:44:27,984 | Exit LS high priority cmd handler
[0x00000870] | LsManager            | INFO  | 2017-09-28 01:44:27,986 | Exit LS data handler
[0x000018a8] | Main                 | INFO  | 2017-09-28 01:44:28,006 | SvcManager: LsManager.StopThreads() - end
[0x00001af8] | LsManager            | INFO  | 2017-09-28 01:44:28,012 | Exit LS high priority cmd handler
[0x00002e84] | LsManager            | INFO  | 2017-09-28 01:44:28,014 | Exit LS data handler
[0x00000500] | LsManager            | INFO  | 2017-09-28 01:44:28,015 | Exit LS low priority cmd handler
[0x000018a8] | Main                 | INFO  | 2017-09-28 01:44:28,040 | SvcManager: LsManager.StopThreads() - end
[0x00002d4c] | LsManager            | INFO  | 2017-09-28 01:44:28,050 | Exit LS low priority cmd handler
[0x0000211c] | LsManager            | INFO  | 2017-09-28 01:44:28,059 | Exit LS high priority cmd handler
[0x00000a78] | GPUManager           | INFO  | 2017-09-28 01:44:28,080 | Board 0 on thread 0 <Intel(R) Iris(TM) Graphics 540>: No more jobs. You're fired!
[0x00000a78] | GPUManager           | INFO  | 2017-09-28 01:44:28,092 | Clean up and shut down board 0 on thread 0
[0x00001f18] | GPUManager           | INFO  | 2017-09-28 01:44:28,102 | SBM[0|0]<Intel(R) Iris(TM) Graphics 540> Doomed
[0x00001f18] | LsManager            | INFO  | 2017-09-28 01:44:28,103 | Exit LS data handler
[0x000018a8] | Main                 | INFO  | 2017-09-28 01:44:28,132 | SvcManager: LsManager.StopThreads() - end
[0x000018a8] | IO                   | INFO  | 2017-09-28 01:44:28,138 | RED FinalizeSdk
[0x000018a8] | DpManager            | INFO  | 2017-09-28 01:44:28,142 | Stopping DpWfmWorker threads -- start
[0x00002f44] | DpManager            | INFO  | 2017-09-28 01:44:28,143 | DpWfmWorker thread exit
[0x00002cfc] | DpManager            | INFO  | 2017-09-28 01:44:28,143 | DpWfmWorker thread exit
[0x00002f28] | DpManager            | INFO  | 2017-09-28 01:44:28,143 | DpWfmWorker thread exit
[0x00002bf0] | DpManager            | INFO  | 2017-09-28 01:44:28,143 | DpWfmWorker thread exit
[0x000018a8] | DpManager            | INFO  | 2017-09-28 01:44:28,153 | Stopping DpWfmWorker threads -- done
[0x000018a8] | SyManager.Project    | INFO  | 2017-09-28 01:44:28,188 | Unlock project Untitled Project
[0x000030e8] | DtManager            | INFO  | 2017-09-28 01:44:28,215 | Audio WFM Generation thread quits
[0x000018a8] | Main                 | INFO  | 2017-09-28 01:44:28,778 | g_MainTerm: BtStartupShutdownControl.Shutdown() - finished
[0x000018a8] | Main                 | INFO  | 2017-09-28 01:44:29,009 | Main thread exited successfully
